<?xml version="1.0" encoding="UTF-8"?>
<testng-results ignored="0" total="46" passed="36" failed="10" skipped="0">
  <reporter-output>
  </reporter-output>
  <suite started-at="2026-02-25T12:08:29 IST" name="Surefire suite" finished-at="2026-02-25T12:10:19 IST" duration-ms="110721">
    <groups>
    </groups>
    <test started-at="2026-02-25T12:08:29 IST" name="Surefire test" finished-at="2026-02-25T12:10:19 IST" duration-ms="110721">
      <class name="project.ApprovedPolicyHolders">
        <test-method is-config="true" signature="setUp(java.lang.String)[pri:0, instance:project.ApprovedPolicyHolders@5db250b4]" started-at="2026-02-25T12:09:29 IST" name="setUp" finished-at="2026-02-25T12:09:34 IST" duration-ms="4556" status="PASS">
          <params>
            <param index="0">
              <value>
                <![CDATA[chrome]]>
              </value>
            </param>
          </params>
          <reporter-output>
          </reporter-output>
        </test-method> <!-- setUp -->
        <test-method is-config="true" signature="navigateToAppliedPolicyHolders()[pri:0, instance:project.ApprovedPolicyHolders@5db250b4]" started-at="2026-02-25T12:09:34 IST" name="navigateToAppliedPolicyHolders" finished-at="2026-02-25T12:09:36 IST" duration-ms="2125" status="PASS">
          <reporter-output>
          </reporter-output>
        </test-method> <!-- navigateToAppliedPolicyHolders -->
        <test-method signature="Previous_Button_Functionality_Validation()[pri:22, instance:project.ApprovedPolicyHolders@5db250b4]" started-at="2026-02-25T12:09:36 IST" name="Previous_Button_Functionality_Validation" finished-at="2026-02-25T12:09:36 IST" duration-ms="28" status="FAIL">
          <exception class="java.lang.AssertionError">
            <message>
              <![CDATA[Previous button is NOT present on the page. expected [true] but found [false]]]>
            </message>
            <full-stacktrace>
              <![CDATA[java.lang.AssertionError: Previous button is NOT present on the page. expected [true] but found [false]
at org.testng.Assert.fail(Assert.java:111)
at org.testng.Assert.failNotEquals(Assert.java:1590)
at org.testng.Assert.assertTrue(Assert.java:57)
at project.ApprovedPolicyHolders.Previous_Button_Functionality_Validation(ApprovedPolicyHolders.java:496)
at java.base/jdk.internal.reflect.DirectMethodHandleAccessor.invoke(DirectMethodHandleAccessor.java:104)
at java.base/java.lang.reflect.Method.invoke(Method.java:565)
at org.testng.internal.invokers.MethodInvocationHelper.invokeMethod(MethodInvocationHelper.java:141)
at org.testng.internal.invokers.TestInvoker.invokeMethod(TestInvoker.java:697)
at org.testng.internal.invokers.TestInvoker.invokeTestMethod(TestInvoker.java:230)
at org.testng.internal.invokers.MethodRunner.runInSequence(MethodRunner.java:63)
at org.testng.internal.invokers.TestInvoker$MethodInvocationAgent.invoke(TestInvoker.java:1005)
at org.testng.internal.invokers.TestInvoker.invokeTestMethods(TestInvoker.java:203)
at org.testng.internal.invokers.TestMethodWorker.invokeTestMethods(TestMethodWorker.java:154)
at org.testng.internal.invokers.TestMethodWorker.run(TestMethodWorker.java:134)
at java.base/java.util.ArrayList.forEach(ArrayList.java:1604)
at org.testng.TestRunner.privateRun(TestRunner.java:744)
at org.testng.TestRunner.run(TestRunner.java:616)
at org.testng.SuiteRunner.runTest(SuiteRunner.java:421)
at org.testng.SuiteRunner.runSequentially(SuiteRunner.java:413)
at org.testng.SuiteRunner.privateRun(SuiteRunner.java:373)
at org.testng.SuiteRunner.run(SuiteRunner.java:312)
at org.testng.SuiteRunnerWorker.runSuite(SuiteRunnerWorker.java:52)
at org.testng.SuiteRunnerWorker.run(SuiteRunnerWorker.java:95)
at org.testng.TestNG.runSuitesSequentially(TestNG.java:1274)
at org.testng.TestNG.runSuitesLocally(TestNG.java:1208)
at org.testng.TestNG.runSuites(TestNG.java:1112)
at org.testng.TestNG.run(TestNG.java:1079)
at org.apache.maven.surefire.testng.TestNGExecutor.run(TestNGExecutor.java:155)
at org.apache.maven.surefire.testng.TestNGDirectoryTestSuite.executeMulti(TestNGDirectoryTestSuite.java:169)
at org.apache.maven.surefire.testng.TestNGDirectoryTestSuite.execute(TestNGDirectoryTestSuite.java:88)
at org.apache.maven.surefire.testng.TestNGProvider.invoke(TestNGProvider.java:137)
at org.apache.maven.surefire.booter.ForkedBooter.runSuitesInProcess(ForkedBooter.java:385)
at org.apache.maven.surefire.booter.ForkedBooter.execute(ForkedBooter.java:162)
at org.apache.maven.surefire.booter.ForkedBooter.run(ForkedBooter.java:507)
at org.apache.maven.surefire.booter.ForkedBooter.main(ForkedBooter.java:495)
]]>
            </full-stacktrace>
          </exception> <!-- java.lang.AssertionError -->
          <reporter-output>
          </reporter-output>
        </test-method> <!-- Previous_Button_Functionality_Validation -->
        <test-method is-config="true" signature="navigateToAppliedPolicyHolders()[pri:0, instance:project.ApprovedPolicyHolders@5db250b4]" started-at="2026-02-25T12:09:36 IST" name="navigateToAppliedPolicyHolders" finished-at="2026-02-25T12:09:36 IST" duration-ms="716" status="PASS">
          <reporter-output>
          </reporter-output>
        </test-method> <!-- navigateToAppliedPolicyHolders -->
        <test-method signature="ScrollUpbuttonFunctionalityValidation()[pri:24, instance:project.ApprovedPolicyHolders@5db250b4]" started-at="2026-02-25T12:09:36 IST" name="ScrollUpbuttonFunctionalityValidation" finished-at="2026-02-25T12:09:39 IST" duration-ms="2114" status="PASS">
          <reporter-output>
          </reporter-output>
        </test-method> <!-- ScrollUpbuttonFunctionalityValidation -->
        <test-method is-config="true" signature="navigateToAppliedPolicyHolders()[pri:0, instance:project.ApprovedPolicyHolders@5db250b4]" started-at="2026-02-25T12:09:39 IST" name="navigateToAppliedPolicyHolders" finished-at="2026-02-25T12:09:40 IST" duration-ms="1162" status="PASS">
          <reporter-output>
          </reporter-output>
        </test-method> <!-- navigateToAppliedPolicyHolders -->
        <test-method signature="validatePageHeaderUi()[pri:25, instance:project.ApprovedPolicyHolders@5db250b4]" started-at="2026-02-25T12:09:40 IST" name="validatePageHeaderUi" finished-at="2026-02-25T12:09:40 IST" duration-ms="58" status="PASS">
          <reporter-output>
          </reporter-output>
        </test-method> <!-- validatePageHeaderUi -->
        <test-method is-config="true" signature="navigateToAppliedPolicyHolders()[pri:0, instance:project.ApprovedPolicyHolders@5db250b4]" started-at="2026-02-25T12:09:40 IST" name="navigateToAppliedPolicyHolders" finished-at="2026-02-25T12:09:41 IST" duration-ms="1284" status="PASS">
          <reporter-output>
          </reporter-output>
        </test-method> <!-- navigateToAppliedPolicyHolders -->
        <test-method signature="validateBreadcrumbUI()[pri:26, instance:project.ApprovedPolicyHolders@5db250b4]" started-at="2026-02-25T12:09:41 IST" name="validateBreadcrumbUI" finished-at="2026-02-25T12:09:41 IST" duration-ms="219" status="PASS">
          <reporter-output>
          </reporter-output>
        </test-method> <!-- validateBreadcrumbUI -->
        <test-method is-config="true" signature="navigateToAppliedPolicyHolders()[pri:0, instance:project.ApprovedPolicyHolders@5db250b4]" started-at="2026-02-25T12:09:41 IST" name="navigateToAppliedPolicyHolders" finished-at="2026-02-25T12:09:42 IST" duration-ms="1130" status="PASS">
          <reporter-output>
          </reporter-output>
        </test-method> <!-- navigateToAppliedPolicyHolders -->
        <test-method signature="validateCustomerNameDropdownUI()[pri:27, instance:project.ApprovedPolicyHolders@5db250b4]" started-at="2026-02-25T12:09:42 IST" name="validateCustomerNameDropdownUI" finished-at="2026-02-25T12:09:43 IST" duration-ms="334" status="PASS">
          <reporter-output>
          </reporter-output>
        </test-method> <!-- validateCustomerNameDropdownUI -->
        <test-method is-config="true" signature="navigateToAppliedPolicyHolders()[pri:0, instance:project.ApprovedPolicyHolders@5db250b4]" started-at="2026-02-25T12:09:43 IST" name="navigateToAppliedPolicyHolders" finished-at="2026-02-25T12:09:44 IST" duration-ms="1004" status="PASS">
          <reporter-output>
          </reporter-output>
        </test-method> <!-- navigateToAppliedPolicyHolders -->
        <test-method signature="Policy_Status_Filter_UI_Validation()[pri:28, instance:project.ApprovedPolicyHolders@5db250b4]" started-at="2026-02-25T12:09:44 IST" name="Policy_Status_Filter_UI_Validation" finished-at="2026-02-25T12:09:45 IST" duration-ms="1023" status="PASS">
          <reporter-output>
          </reporter-output>
        </test-method> <!-- Policy_Status_Filter_UI_Validation -->
        <test-method is-config="true" signature="navigateToAppliedPolicyHolders()[pri:0, instance:project.ApprovedPolicyHolders@5db250b4]" started-at="2026-02-25T12:09:45 IST" name="navigateToAppliedPolicyHolders" finished-at="2026-02-25T12:09:46 IST" duration-ms="1160" status="PASS">
          <reporter-output>
          </reporter-output>
        </test-method> <!-- navigateToAppliedPolicyHolders -->
        <test-method signature="validateSubCategoryDropdownUI()[pri:29, instance:project.ApprovedPolicyHolders@5db250b4]" started-at="2026-02-25T12:09:46 IST" name="validateSubCategoryDropdownUI" finished-at="2026-02-25T12:09:46 IST" duration-ms="425" status="PASS">
          <reporter-output>
          </reporter-output>
        </test-method> <!-- validateSubCategoryDropdownUI -->
        <test-method is-config="true" signature="navigateToAppliedPolicyHolders()[pri:0, instance:project.ApprovedPolicyHolders@5db250b4]" started-at="2026-02-25T12:09:46 IST" name="navigateToAppliedPolicyHolders" finished-at="2026-02-25T12:09:48 IST" duration-ms="1284" status="PASS">
          <reporter-output>
          </reporter-output>
        </test-method> <!-- navigateToAppliedPolicyHolders -->
        <test-method signature="searchButtonUi()[pri:30, instance:project.ApprovedPolicyHolders@5db250b4]" started-at="2026-02-25T12:09:48 IST" name="searchButtonUi" finished-at="2026-02-25T12:09:48 IST" duration-ms="121" status="PASS">
          <reporter-output>
          </reporter-output>
        </test-method> <!-- searchButtonUi -->
        <test-method is-config="true" signature="navigateToAppliedPolicyHolders()[pri:0, instance:project.ApprovedPolicyHolders@5db250b4]" started-at="2026-02-25T12:09:48 IST" name="navigateToAppliedPolicyHolders" finished-at="2026-02-25T12:09:49 IST" duration-ms="897" status="PASS">
          <reporter-output>
          </reporter-output>
        </test-method> <!-- navigateToAppliedPolicyHolders -->
        <test-method signature="resetButtonUi()[pri:31, instance:project.ApprovedPolicyHolders@5db250b4]" started-at="2026-02-25T12:09:49 IST" name="resetButtonUi" finished-at="2026-02-25T12:09:49 IST" duration-ms="98" status="PASS">
          <reporter-output>
          </reporter-output>
        </test-method> <!-- resetButtonUi -->
        <test-method is-config="true" signature="navigateToAppliedPolicyHolders()[pri:0, instance:project.ApprovedPolicyHolders@5db250b4]" started-at="2026-02-25T12:09:49 IST" name="navigateToAppliedPolicyHolders" finished-at="2026-02-25T12:09:50 IST" duration-ms="1412" status="PASS">
          <reporter-output>
          </reporter-output>
        </test-method> <!-- navigateToAppliedPolicyHolders -->
        <test-method signature="paginationNumberValidationUI()[pri:32, instance:project.ApprovedPolicyHolders@5db250b4]" started-at="2026-02-25T12:09:50 IST" name="paginationNumberValidationUI" finished-at="2026-02-25T12:09:51 IST" duration-ms="494" status="PASS">
          <reporter-output>
          </reporter-output>
        </test-method> <!-- paginationNumberValidationUI -->
        <test-method is-config="true" signature="navigateToAppliedPolicyHolders()[pri:0, instance:project.ApprovedPolicyHolders@5db250b4]" started-at="2026-02-25T12:09:51 IST" name="navigateToAppliedPolicyHolders" finished-at="2026-02-25T12:09:52 IST" duration-ms="1381" status="PASS">
          <reporter-output>
          </reporter-output>
        </test-method> <!-- navigateToAppliedPolicyHolders -->
        <test-method signature="validateTableHeadersUI()[pri:32, instance:project.ApprovedPolicyHolders@5db250b4]" started-at="2026-02-25T12:09:52 IST" name="validateTableHeadersUI" finished-at="2026-02-25T12:09:53 IST" duration-ms="473" status="PASS">
          <reporter-output>
          </reporter-output>
        </test-method> <!-- validateTableHeadersUI -->
        <test-method is-config="true" signature="navigateToAppliedPolicyHolders()[pri:0, instance:project.ApprovedPolicyHolders@5db250b4]" started-at="2026-02-25T12:09:53 IST" name="navigateToAppliedPolicyHolders" finished-at="2026-02-25T12:09:54 IST" duration-ms="1163" status="PASS">
          <reporter-output>
          </reporter-output>
        </test-method> <!-- navigateToAppliedPolicyHolders -->
        <test-method signature="Previous_Button_UI_Validation()[pri:33, instance:project.ApprovedPolicyHolders@5db250b4]" started-at="2026-02-25T12:09:54 IST" name="Previous_Button_UI_Validation" finished-at="2026-02-25T12:09:54 IST" duration-ms="25" status="FAIL">
          <exception class="java.lang.AssertionError">
            <message>
              <![CDATA[Previous button is NOT present on the page. expected [true] but found [false]]]>
            </message>
            <full-stacktrace>
              <![CDATA[java.lang.AssertionError: Previous button is NOT present on the page. expected [true] but found [false]
at org.testng.Assert.fail(Assert.java:111)
at org.testng.Assert.failNotEquals(Assert.java:1590)
at org.testng.Assert.assertTrue(Assert.java:57)
at project.ApprovedPolicyHolders.Previous_Button_UI_Validation(ApprovedPolicyHolders.java:232)
at java.base/jdk.internal.reflect.DirectMethodHandleAccessor.invoke(DirectMethodHandleAccessor.java:104)
at java.base/java.lang.reflect.Method.invoke(Method.java:565)
at org.testng.internal.invokers.MethodInvocationHelper.invokeMethod(MethodInvocationHelper.java:141)
at org.testng.internal.invokers.TestInvoker.invokeMethod(TestInvoker.java:697)
at org.testng.internal.invokers.TestInvoker.invokeTestMethod(TestInvoker.java:230)
at org.testng.internal.invokers.MethodRunner.runInSequence(MethodRunner.java:63)
at org.testng.internal.invokers.TestInvoker$MethodInvocationAgent.invoke(TestInvoker.java:1005)
at org.testng.internal.invokers.TestInvoker.invokeTestMethods(TestInvoker.java:203)
at org.testng.internal.invokers.TestMethodWorker.invokeTestMethods(TestMethodWorker.java:154)
at org.testng.internal.invokers.TestMethodWorker.run(TestMethodWorker.java:134)
at java.base/java.util.ArrayList.forEach(ArrayList.java:1604)
at org.testng.TestRunner.privateRun(TestRunner.java:744)
at org.testng.TestRunner.run(TestRunner.java:616)
at org.testng.SuiteRunner.runTest(SuiteRunner.java:421)
at org.testng.SuiteRunner.runSequentially(SuiteRunner.java:413)
at org.testng.SuiteRunner.privateRun(SuiteRunner.java:373)
at org.testng.SuiteRunner.run(SuiteRunner.java:312)
at org.testng.SuiteRunnerWorker.runSuite(SuiteRunnerWorker.java:52)
at org.testng.SuiteRunnerWorker.run(SuiteRunnerWorker.java:95)
at org.testng.TestNG.runSuitesSequentially(TestNG.java:1274)
at org.testng.TestNG.runSuitesLocally(TestNG.java:1208)
at org.testng.TestNG.runSuites(TestNG.java:1112)
at org.testng.TestNG.run(TestNG.java:1079)
at org.apache.maven.surefire.testng.TestNGExecutor.run(TestNGExecutor.java:155)
at org.apache.maven.surefire.testng.TestNGDirectoryTestSuite.executeMulti(TestNGDirectoryTestSuite.java:169)
at org.apache.maven.surefire.testng.TestNGDirectoryTestSuite.execute(TestNGDirectoryTestSuite.java:88)
at org.apache.maven.surefire.testng.TestNGProvider.invoke(TestNGProvider.java:137)
at org.apache.maven.surefire.booter.ForkedBooter.runSuitesInProcess(ForkedBooter.java:385)
at org.apache.maven.surefire.booter.ForkedBooter.execute(ForkedBooter.java:162)
at org.apache.maven.surefire.booter.ForkedBooter.run(ForkedBooter.java:507)
at org.apache.maven.surefire.booter.ForkedBooter.main(ForkedBooter.java:495)
]]>
            </full-stacktrace>
          </exception> <!-- java.lang.AssertionError -->
          <reporter-output>
          </reporter-output>
        </test-method> <!-- Previous_Button_UI_Validation -->
        <test-method is-config="true" signature="navigateToAppliedPolicyHolders()[pri:0, instance:project.ApprovedPolicyHolders@5db250b4]" started-at="2026-02-25T12:09:54 IST" name="navigateToAppliedPolicyHolders" finished-at="2026-02-25T12:09:55 IST" duration-ms="855" status="PASS">
          <reporter-output>
          </reporter-output>
        </test-method> <!-- navigateToAppliedPolicyHolders -->
        <test-method signature="Next_Button_UI_Validation()[pri:34, instance:project.ApprovedPolicyHolders@5db250b4]" started-at="2026-02-25T12:09:55 IST" name="Next_Button_UI_Validation" finished-at="2026-02-25T12:09:55 IST" duration-ms="33" status="FAIL">
          <exception class="java.lang.AssertionError">
            <message>
              <![CDATA[Next button is NOT present on the page. expected [true] but found [false]]]>
            </message>
            <full-stacktrace>
              <![CDATA[java.lang.AssertionError: Next button is NOT present on the page. expected [true] but found [false]
at org.testng.Assert.fail(Assert.java:111)
at org.testng.Assert.failNotEquals(Assert.java:1590)
at org.testng.Assert.assertTrue(Assert.java:57)
at project.ApprovedPolicyHolders.Next_Button_UI_Validation(ApprovedPolicyHolders.java:248)
at java.base/jdk.internal.reflect.DirectMethodHandleAccessor.invoke(DirectMethodHandleAccessor.java:104)
at java.base/java.lang.reflect.Method.invoke(Method.java:565)
at org.testng.internal.invokers.MethodInvocationHelper.invokeMethod(MethodInvocationHelper.java:141)
at org.testng.internal.invokers.TestInvoker.invokeMethod(TestInvoker.java:697)
at org.testng.internal.invokers.TestInvoker.invokeTestMethod(TestInvoker.java:230)
at org.testng.internal.invokers.MethodRunner.runInSequence(MethodRunner.java:63)
at org.testng.internal.invokers.TestInvoker$MethodInvocationAgent.invoke(TestInvoker.java:1005)
at org.testng.internal.invokers.TestInvoker.invokeTestMethods(TestInvoker.java:203)
at org.testng.internal.invokers.TestMethodWorker.invokeTestMethods(TestMethodWorker.java:154)
at org.testng.internal.invokers.TestMethodWorker.run(TestMethodWorker.java:134)
at java.base/java.util.ArrayList.forEach(ArrayList.java:1604)
at org.testng.TestRunner.privateRun(TestRunner.java:744)
at org.testng.TestRunner.run(TestRunner.java:616)
at org.testng.SuiteRunner.runTest(SuiteRunner.java:421)
at org.testng.SuiteRunner.runSequentially(SuiteRunner.java:413)
at org.testng.SuiteRunner.privateRun(SuiteRunner.java:373)
at org.testng.SuiteRunner.run(SuiteRunner.java:312)
at org.testng.SuiteRunnerWorker.runSuite(SuiteRunnerWorker.java:52)
at org.testng.SuiteRunnerWorker.run(SuiteRunnerWorker.java:95)
at org.testng.TestNG.runSuitesSequentially(TestNG.java:1274)
at org.testng.TestNG.runSuitesLocally(TestNG.java:1208)
at org.testng.TestNG.runSuites(TestNG.java:1112)
at org.testng.TestNG.run(TestNG.java:1079)
at org.apache.maven.surefire.testng.TestNGExecutor.run(TestNGExecutor.java:155)
at org.apache.maven.surefire.testng.TestNGDirectoryTestSuite.executeMulti(TestNGDirectoryTestSuite.java:169)
at org.apache.maven.surefire.testng.TestNGDirectoryTestSuite.execute(TestNGDirectoryTestSuite.java:88)
at org.apache.maven.surefire.testng.TestNGProvider.invoke(TestNGProvider.java:137)
at org.apache.maven.surefire.booter.ForkedBooter.runSuitesInProcess(ForkedBooter.java:385)
at org.apache.maven.surefire.booter.ForkedBooter.execute(ForkedBooter.java:162)
at org.apache.maven.surefire.booter.ForkedBooter.run(ForkedBooter.java:507)
at org.apache.maven.surefire.booter.ForkedBooter.main(ForkedBooter.java:495)
]]>
            </full-stacktrace>
          </exception> <!-- java.lang.AssertionError -->
          <reporter-output>
          </reporter-output>
        </test-method> <!-- Next_Button_UI_Validation -->
        <test-method is-config="true" signature="navigateToAppliedPolicyHolders()[pri:0, instance:project.ApprovedPolicyHolders@5db250b4]" started-at="2026-02-25T12:09:55 IST" name="navigateToAppliedPolicyHolders" finished-at="2026-02-25T12:09:56 IST" duration-ms="1231" status="PASS">
          <reporter-output>
          </reporter-output>
        </test-method> <!-- navigateToAppliedPolicyHolders -->
        <test-method signature="scrollUpButtonUI()[pri:35, instance:project.ApprovedPolicyHolders@5db250b4]" started-at="2026-02-25T12:09:56 IST" name="scrollUpButtonUI" finished-at="2026-02-25T12:09:56 IST" duration-ms="70" status="PASS">
          <reporter-output>
          </reporter-output>
        </test-method> <!-- scrollUpButtonUI -->
        <test-method is-config="true" signature="navigateToAppliedPolicyHolders()[pri:0, instance:project.ApprovedPolicyHolders@5db250b4]" started-at="2026-02-25T12:09:56 IST" name="navigateToAppliedPolicyHolders" finished-at="2026-02-25T12:09:57 IST" duration-ms="1284" status="PASS">
          <reporter-output>
          </reporter-output>
        </test-method> <!-- navigateToAppliedPolicyHolders -->
        <test-method signature="validateHeaderandBreadcrumbFunctionality()[pri:36, instance:project.ApprovedPolicyHolders@5db250b4]" started-at="2026-02-25T12:09:57 IST" name="validateHeaderandBreadcrumbFunctionality" finished-at="2026-02-25T12:09:58 IST" duration-ms="692" status="PASS">
          <reporter-output>
          </reporter-output>
        </test-method> <!-- validateHeaderandBreadcrumbFunctionality -->
        <test-method is-config="true" signature="navigateToAppliedPolicyHolders()[pri:0, instance:project.ApprovedPolicyHolders@5db250b4]" started-at="2026-02-25T12:09:58 IST" name="navigateToAppliedPolicyHolders" finished-at="2026-02-25T12:09:59 IST" duration-ms="1323" status="PASS">
          <reporter-output>
          </reporter-output>
        </test-method> <!-- navigateToAppliedPolicyHolders -->
        <test-method signature="validateCustomerNameDropdownFunctionality()[pri:37, instance:project.ApprovedPolicyHolders@5db250b4]" started-at="2026-02-25T12:09:59 IST" name="validateCustomerNameDropdownFunctionality" finished-at="2026-02-25T12:10:00 IST" duration-ms="575" status="PASS">
          <reporter-output>
          </reporter-output>
        </test-method> <!-- validateCustomerNameDropdownFunctionality -->
        <test-method is-config="true" signature="navigateToAppliedPolicyHolders()[pri:0, instance:project.ApprovedPolicyHolders@5db250b4]" started-at="2026-02-25T12:10:00 IST" name="navigateToAppliedPolicyHolders" finished-at="2026-02-25T12:10:01 IST" duration-ms="1359" status="PASS">
          <reporter-output>
          </reporter-output>
        </test-method> <!-- navigateToAppliedPolicyHolders -->
        <test-method signature="validatePolicyNameDropdownFunctionality()[pri:38, instance:project.ApprovedPolicyHolders@5db250b4]" started-at="2026-02-25T12:10:01 IST" name="validatePolicyNameDropdownFunctionality" finished-at="2026-02-25T12:10:02 IST" duration-ms="947" status="PASS">
          <reporter-output>
          </reporter-output>
        </test-method> <!-- validatePolicyNameDropdownFunctionality -->
        <test-method is-config="true" signature="navigateToAppliedPolicyHolders()[pri:0, instance:project.ApprovedPolicyHolders@5db250b4]" started-at="2026-02-25T12:10:02 IST" name="navigateToAppliedPolicyHolders" finished-at="2026-02-25T12:10:04 IST" duration-ms="1356" status="PASS">
          <reporter-output>
          </reporter-output>
        </test-method> <!-- navigateToAppliedPolicyHolders -->
        <test-method signature="vaidateSubCategoryDropdownFunctionality()[pri:39, instance:project.ApprovedPolicyHolders@5db250b4]" started-at="2026-02-25T12:10:04 IST" name="vaidateSubCategoryDropdownFunctionality" finished-at="2026-02-25T12:10:05 IST" duration-ms="992" status="PASS">
          <reporter-output>
          </reporter-output>
        </test-method> <!-- vaidateSubCategoryDropdownFunctionality -->
        <test-method is-config="true" signature="navigateToAppliedPolicyHolders()[pri:0, instance:project.ApprovedPolicyHolders@5db250b4]" started-at="2026-02-25T12:10:05 IST" name="navigateToAppliedPolicyHolders" finished-at="2026-02-25T12:10:06 IST" duration-ms="1301" status="PASS">
          <reporter-output>
          </reporter-output>
        </test-method> <!-- navigateToAppliedPolicyHolders -->
        <test-method signature="Search_Button_Functionality_Validation()[pri:40, instance:project.ApprovedPolicyHolders@5db250b4]" started-at="2026-02-25T12:10:06 IST" name="Search_Button_Functionality_Validation" finished-at="2026-02-25T12:10:07 IST" duration-ms="924" status="PASS">
          <reporter-output>
          </reporter-output>
        </test-method> <!-- Search_Button_Functionality_Validation -->
        <test-method is-config="true" signature="navigateToAppliedPolicyHolders()[pri:0, instance:project.ApprovedPolicyHolders@5db250b4]" started-at="2026-02-25T12:10:07 IST" name="navigateToAppliedPolicyHolders" finished-at="2026-02-25T12:10:08 IST" duration-ms="1333" status="PASS">
          <reporter-output>
          </reporter-output>
        </test-method> <!-- navigateToAppliedPolicyHolders -->
        <test-method signature="resetbutton()[pri:41, instance:project.ApprovedPolicyHolders@5db250b4]" started-at="2026-02-25T12:10:08 IST" name="resetbutton" finished-at="2026-02-25T12:10:12 IST" duration-ms="3527" status="PASS">
          <reporter-output>
          </reporter-output>
        </test-method> <!-- resetbutton -->
        <test-method is-config="true" signature="navigateToAppliedPolicyHolders()[pri:0, instance:project.ApprovedPolicyHolders@5db250b4]" started-at="2026-02-25T12:10:12 IST" name="navigateToAppliedPolicyHolders" finished-at="2026-02-25T12:10:13 IST" duration-ms="892" status="PASS">
          <reporter-output>
          </reporter-output>
        </test-method> <!-- navigateToAppliedPolicyHolders -->
        <test-method signature="Next_Button_Functionality_Validation()[pri:42, instance:project.ApprovedPolicyHolders@5db250b4]" started-at="2026-02-25T12:10:13 IST" name="Next_Button_Functionality_Validation" finished-at="2026-02-25T12:10:13 IST" duration-ms="25" status="FAIL">
          <exception class="java.lang.AssertionError">
            <message>
              <![CDATA[Previous button is NOT present on the page. expected [true] but found [false]]]>
            </message>
            <full-stacktrace>
              <![CDATA[java.lang.AssertionError: Previous button is NOT present on the page. expected [true] but found [false]
at org.testng.Assert.fail(Assert.java:111)
at org.testng.Assert.failNotEquals(Assert.java:1590)
at org.testng.Assert.assertTrue(Assert.java:57)
at project.ApprovedPolicyHolders.Next_Button_Functionality_Validation(ApprovedPolicyHolders.java:512)
at java.base/jdk.internal.reflect.DirectMethodHandleAccessor.invoke(DirectMethodHandleAccessor.java:104)
at java.base/java.lang.reflect.Method.invoke(Method.java:565)
at org.testng.internal.invokers.MethodInvocationHelper.invokeMethod(MethodInvocationHelper.java:141)
at org.testng.internal.invokers.TestInvoker.invokeMethod(TestInvoker.java:697)
at org.testng.internal.invokers.TestInvoker.invokeTestMethod(TestInvoker.java:230)
at org.testng.internal.invokers.MethodRunner.runInSequence(MethodRunner.java:63)
at org.testng.internal.invokers.TestInvoker$MethodInvocationAgent.invoke(TestInvoker.java:1005)
at org.testng.internal.invokers.TestInvoker.invokeTestMethods(TestInvoker.java:203)
at org.testng.internal.invokers.TestMethodWorker.invokeTestMethods(TestMethodWorker.java:154)
at org.testng.internal.invokers.TestMethodWorker.run(TestMethodWorker.java:134)
at java.base/java.util.ArrayList.forEach(ArrayList.java:1604)
at org.testng.TestRunner.privateRun(TestRunner.java:744)
at org.testng.TestRunner.run(TestRunner.java:616)
at org.testng.SuiteRunner.runTest(SuiteRunner.java:421)
at org.testng.SuiteRunner.runSequentially(SuiteRunner.java:413)
at org.testng.SuiteRunner.privateRun(SuiteRunner.java:373)
at org.testng.SuiteRunner.run(SuiteRunner.java:312)
at org.testng.SuiteRunnerWorker.runSuite(SuiteRunnerWorker.java:52)
at org.testng.SuiteRunnerWorker.run(SuiteRunnerWorker.java:95)
at org.testng.TestNG.runSuitesSequentially(TestNG.java:1274)
at org.testng.TestNG.runSuitesLocally(TestNG.java:1208)
at org.testng.TestNG.runSuites(TestNG.java:1112)
at org.testng.TestNG.run(TestNG.java:1079)
at org.apache.maven.surefire.testng.TestNGExecutor.run(TestNGExecutor.java:155)
at org.apache.maven.surefire.testng.TestNGDirectoryTestSuite.executeMulti(TestNGDirectoryTestSuite.java:169)
at org.apache.maven.surefire.testng.TestNGDirectoryTestSuite.execute(TestNGDirectoryTestSuite.java:88)
at org.apache.maven.surefire.testng.TestNGProvider.invoke(TestNGProvider.java:137)
at org.apache.maven.surefire.booter.ForkedBooter.runSuitesInProcess(ForkedBooter.java:385)
at org.apache.maven.surefire.booter.ForkedBooter.execute(ForkedBooter.java:162)
at org.apache.maven.surefire.booter.ForkedBooter.run(ForkedBooter.java:507)
at org.apache.maven.surefire.booter.ForkedBooter.main(ForkedBooter.java:495)
]]>
            </full-stacktrace>
          </exception> <!-- java.lang.AssertionError -->
          <reporter-output>
          </reporter-output>
        </test-method> <!-- Next_Button_Functionality_Validation -->
        <test-method is-config="true" signature="navigateToAppliedPolicyHolders()[pri:0, instance:project.ApprovedPolicyHolders@5db250b4]" started-at="2026-02-25T12:10:13 IST" name="navigateToAppliedPolicyHolders" finished-at="2026-02-25T12:10:14 IST" duration-ms="1250" status="PASS">
          <reporter-output>
          </reporter-output>
        </test-method> <!-- navigateToAppliedPolicyHolders -->
        <test-method signature="paginationNumberValidationFunctionality()[pri:42, instance:project.ApprovedPolicyHolders@5db250b4]" started-at="2026-02-25T12:10:14 IST" name="paginationNumberValidationFunctionality" finished-at="2026-02-25T12:10:14 IST" duration-ms="460" status="PASS">
          <reporter-output>
          </reporter-output>
        </test-method> <!-- paginationNumberValidationFunctionality -->
        <test-method is-config="true" signature="tearDown()[pri:0, instance:project.ApprovedPolicyHolders@5db250b4]" started-at="2026-02-25T12:10:14 IST" name="tearDown" finished-at="2026-02-25T12:10:19 IST" duration-ms="5104" status="PASS">
          <reporter-output>
          </reporter-output>
        </test-method> <!-- tearDown -->
      </class> <!-- project.ApprovedPolicyHolders -->
      <class name="project.AppliedPolicyHolders">
        <test-method is-config="true" signature="setUp(java.lang.String)[pri:0, instance:project.AppliedPolicyHolders@4fe767f3]" started-at="2026-02-25T12:08:29 IST" name="setUp" finished-at="2026-02-25T12:08:37 IST" duration-ms="8632" status="PASS">
          <params>
            <param index="0">
              <value>
                <![CDATA[chrome]]>
              </value>
            </param>
          </params>
          <reporter-output>
          </reporter-output>
        </test-method> <!-- setUp -->
        <test-method is-config="true" signature="navigateToAppliedPolicyHolders()[pri:0, instance:project.AppliedPolicyHolders@4fe767f3]" started-at="2026-02-25T12:08:37 IST" name="navigateToAppliedPolicyHolders" finished-at="2026-02-25T12:08:40 IST" duration-ms="2687" status="PASS">
          <reporter-output>
          </reporter-output>
        </test-method> <!-- navigateToAppliedPolicyHolders -->
        <test-method signature="Search_Button_Functionality_Validation()[pri:0, instance:project.AppliedPolicyHolders@4fe767f3]" started-at="2026-02-25T12:08:40 IST" name="Search_Button_Functionality_Validation" finished-at="2026-02-25T12:08:41 IST" duration-ms="930" status="PASS">
          <reporter-output>
          </reporter-output>
        </test-method> <!-- Search_Button_Functionality_Validation -->
        <test-method is-config="true" signature="navigateToAppliedPolicyHolders()[pri:0, instance:project.AppliedPolicyHolders@4fe767f3]" started-at="2026-02-25T12:08:41 IST" name="navigateToAppliedPolicyHolders" finished-at="2026-02-25T12:08:42 IST" duration-ms="715" status="PASS">
          <reporter-output>
          </reporter-output>
        </test-method> <!-- navigateToAppliedPolicyHolders -->
        <test-method signature="reset_button_functionality()[pri:0, instance:project.AppliedPolicyHolders@4fe767f3]" started-at="2026-02-25T12:08:42 IST" name="reset_button_functionality" finished-at="2026-02-25T12:08:46 IST" duration-ms="3938" status="PASS">
          <reporter-output>
          </reporter-output>
        </test-method> <!-- reset_button_functionality -->
        <test-method is-config="true" signature="navigateToAppliedPolicyHolders()[pri:0, instance:project.AppliedPolicyHolders@4fe767f3]" started-at="2026-02-25T12:08:46 IST" name="navigateToAppliedPolicyHolders" finished-at="2026-02-25T12:08:47 IST" duration-ms="879" status="PASS">
          <reporter-output>
          </reporter-output>
        </test-method> <!-- navigateToAppliedPolicyHolders -->
        <test-method signature="validatePageHeaderUi()[pri:0, instance:project.AppliedPolicyHolders@4fe767f3]" started-at="2026-02-25T12:08:47 IST" name="validatePageHeaderUi" finished-at="2026-02-25T12:08:47 IST" duration-ms="58" status="PASS">
          <reporter-output>
          </reporter-output>
        </test-method> <!-- validatePageHeaderUi -->
        <test-method is-config="true" signature="navigateToAppliedPolicyHolders()[pri:0, instance:project.AppliedPolicyHolders@4fe767f3]" started-at="2026-02-25T12:08:47 IST" name="navigateToAppliedPolicyHolders" finished-at="2026-02-25T12:08:47 IST" duration-ms="837" status="PASS">
          <reporter-output>
          </reporter-output>
        </test-method> <!-- navigateToAppliedPolicyHolders -->
        <test-method signature="validateBreadcrumbUI()[pri:1, instance:project.AppliedPolicyHolders@4fe767f3]" started-at="2026-02-25T12:08:47 IST" name="validateBreadcrumbUI" finished-at="2026-02-25T12:08:48 IST" duration-ms="223" status="FAIL">
          <exception class="java.lang.AssertionError">
            <message>
              <![CDATA[The following asserts failed:
Breadcrumb root mismatch expected [Dashboard] but found [Policy Holders],
Breadcrumb leaf mismatch expected [Applied Policy Holders] but found [View]]]>
            </message>
            <full-stacktrace>
              <![CDATA[java.lang.AssertionError: The following asserts failed:
Breadcrumb root mismatch expected [Dashboard] but found [Policy Holders],
Breadcrumb leaf mismatch expected [Applied Policy Holders] but found [View]
at org.testng.asserts.SoftAssert.assertAll(SoftAssert.java:46)
at org.testng.asserts.SoftAssert.assertAll(SoftAssert.java:30)
at project.AppliedPolicyHolders.validateBreadcrumbUI(AppliedPolicyHolders.java:45)
at java.base/jdk.internal.reflect.DirectMethodHandleAccessor.invoke(DirectMethodHandleAccessor.java:104)
at java.base/java.lang.reflect.Method.invoke(Method.java:565)
at org.testng.internal.invokers.MethodInvocationHelper.invokeMethod(MethodInvocationHelper.java:141)
at org.testng.internal.invokers.TestInvoker.invokeMethod(TestInvoker.java:697)
at org.testng.internal.invokers.TestInvoker.invokeTestMethod(TestInvoker.java:230)
at org.testng.internal.invokers.MethodRunner.runInSequence(MethodRunner.java:63)
at org.testng.internal.invokers.TestInvoker$MethodInvocationAgent.invoke(TestInvoker.java:1005)
at org.testng.internal.invokers.TestInvoker.invokeTestMethods(TestInvoker.java:203)
at org.testng.internal.invokers.TestMethodWorker.invokeTestMethods(TestMethodWorker.java:154)
at org.testng.internal.invokers.TestMethodWorker.run(TestMethodWorker.java:134)
at java.base/java.util.ArrayList.forEach(ArrayList.java:1604)
at org.testng.TestRunner.privateRun(TestRunner.java:744)
at org.testng.TestRunner.run(TestRunner.java:616)
at org.testng.SuiteRunner.runTest(SuiteRunner.java:421)
at org.testng.SuiteRunner.runSequentially(SuiteRunner.java:413)
at org.testng.SuiteRunner.privateRun(SuiteRunner.java:373)
at org.testng.SuiteRunner.run(SuiteRunner.java:312)
at org.testng.SuiteRunnerWorker.runSuite(SuiteRunnerWorker.java:52)
at org.testng.SuiteRunnerWorker.run(SuiteRunnerWorker.java:95)
at org.testng.TestNG.runSuitesSequentially(TestNG.java:1274)
at org.testng.TestNG.runSuitesLocally(TestNG.java:1208)
at org.testng.TestNG.runSuites(TestNG.java:1112)
at org.testng.TestNG.run(TestNG.java:1079)
at org.apache.maven.surefire.testng.TestNGExecutor.run(TestNGExecutor.java:155)
at org.apache.maven.surefire.testng.TestNGDirectoryTestSuite.executeMulti(TestNGDirectoryTestSuite.java:169)
at org.apache.maven.surefire.testng.TestNGDirectoryTestSuite.execute(TestNGDirectoryTestSuite.java:88)
at org.apache.maven.surefire.testng.TestNGProvider.invoke(TestNGProvider.java:137)
at org.apache.maven.surefire.booter.ForkedBooter.runSuitesInProcess(ForkedBooter.java:385)
at org.apache.maven.surefire.booter.ForkedBooter.execute(ForkedBooter.java:162)
at org.apache.maven.surefire.booter.ForkedBooter.run(ForkedBooter.java:507)
at org.apache.maven.surefire.booter.ForkedBooter.main(ForkedBooter.java:495)
]]>
            </full-stacktrace>
          </exception> <!-- java.lang.AssertionError -->
          <reporter-output>
          </reporter-output>
        </test-method> <!-- validateBreadcrumbUI -->
        <test-method is-config="true" signature="navigateToAppliedPolicyHolders()[pri:0, instance:project.AppliedPolicyHolders@4fe767f3]" started-at="2026-02-25T12:08:48 IST" name="navigateToAppliedPolicyHolders" finished-at="2026-02-25T12:08:48 IST" duration-ms="658" status="PASS">
          <reporter-output>
          </reporter-output>
        </test-method> <!-- navigateToAppliedPolicyHolders -->
        <test-method signature="validateCustomerNameDropdownUI()[pri:2, instance:project.AppliedPolicyHolders@4fe767f3]" started-at="2026-02-25T12:08:48 IST" name="validateCustomerNameDropdownUI" finished-at="2026-02-25T12:08:49 IST" duration-ms="504" status="PASS">
          <reporter-output>
          </reporter-output>
        </test-method> <!-- validateCustomerNameDropdownUI -->
        <test-method is-config="true" signature="navigateToAppliedPolicyHolders()[pri:0, instance:project.AppliedPolicyHolders@4fe767f3]" started-at="2026-02-25T12:08:49 IST" name="navigateToAppliedPolicyHolders" finished-at="2026-02-25T12:08:50 IST" duration-ms="782" status="PASS">
          <reporter-output>
          </reporter-output>
        </test-method> <!-- navigateToAppliedPolicyHolders -->
        <test-method signature="Policy_Status_Filter_UI_Validation()[pri:3, instance:project.AppliedPolicyHolders@4fe767f3]" started-at="2026-02-25T12:08:50 IST" name="Policy_Status_Filter_UI_Validation" finished-at="2026-02-25T12:08:51 IST" duration-ms="892" status="PASS">
          <reporter-output>
          </reporter-output>
        </test-method> <!-- Policy_Status_Filter_UI_Validation -->
        <test-method is-config="true" signature="navigateToAppliedPolicyHolders()[pri:0, instance:project.AppliedPolicyHolders@4fe767f3]" started-at="2026-02-25T12:08:51 IST" name="navigateToAppliedPolicyHolders" finished-at="2026-02-25T12:08:51 IST" duration-ms="794" status="PASS">
          <reporter-output>
          </reporter-output>
        </test-method> <!-- navigateToAppliedPolicyHolders -->
        <test-method signature="searchButtonUi()[pri:4, instance:project.AppliedPolicyHolders@4fe767f3]" started-at="2026-02-25T12:08:51 IST" name="searchButtonUi" finished-at="2026-02-25T12:08:51 IST" duration-ms="117" status="PASS">
          <reporter-output>
          </reporter-output>
        </test-method> <!-- searchButtonUi -->
        <test-method is-config="true" signature="navigateToAppliedPolicyHolders()[pri:0, instance:project.AppliedPolicyHolders@4fe767f3]" started-at="2026-02-25T12:08:51 IST" name="navigateToAppliedPolicyHolders" finished-at="2026-02-25T12:08:52 IST" duration-ms="788" status="PASS">
          <reporter-output>
          </reporter-output>
        </test-method> <!-- navigateToAppliedPolicyHolders -->
        <test-method signature="resetButtonUi()[pri:5, instance:project.AppliedPolicyHolders@4fe767f3]" started-at="2026-02-25T12:08:52 IST" name="resetButtonUi" finished-at="2026-02-25T12:08:52 IST" duration-ms="117" status="PASS">
          <reporter-output>
          </reporter-output>
        </test-method> <!-- resetButtonUi -->
        <test-method is-config="true" signature="navigateToAppliedPolicyHolders()[pri:0, instance:project.AppliedPolicyHolders@4fe767f3]" started-at="2026-02-25T12:08:52 IST" name="navigateToAppliedPolicyHolders" finished-at="2026-02-25T12:08:54 IST" duration-ms="1390" status="PASS">
          <reporter-output>
          </reporter-output>
        </test-method> <!-- navigateToAppliedPolicyHolders -->
        <test-method signature="validateTableHeadersUI()[pri:6, instance:project.AppliedPolicyHolders@4fe767f3]" started-at="2026-02-25T12:08:54 IST" name="validateTableHeadersUI" finished-at="2026-02-25T12:08:54 IST" duration-ms="571" status="PASS">
          <reporter-output>
          </reporter-output>
        </test-method> <!-- validateTableHeadersUI -->
        <test-method is-config="true" signature="navigateToAppliedPolicyHolders()[pri:0, instance:project.AppliedPolicyHolders@4fe767f3]" started-at="2026-02-25T12:08:54 IST" name="navigateToAppliedPolicyHolders" finished-at="2026-02-25T12:08:55 IST" duration-ms="771" status="PASS">
          <reporter-output>
          </reporter-output>
        </test-method> <!-- navigateToAppliedPolicyHolders -->
        <test-method signature="trashIconAlertUI()[pri:7, instance:project.AppliedPolicyHolders@4fe767f3]" started-at="2026-02-25T12:08:55 IST" name="trashIconAlertUI" finished-at="2026-02-25T12:08:55 IST" duration-ms="224" status="PASS">
          <reporter-output>
          </reporter-output>
        </test-method> <!-- trashIconAlertUI -->
        <test-method is-config="true" signature="navigateToAppliedPolicyHolders()[pri:0, instance:project.AppliedPolicyHolders@4fe767f3]" started-at="2026-02-25T12:08:55 IST" name="navigateToAppliedPolicyHolders" finished-at="2026-02-25T12:08:56 IST" duration-ms="725" status="PASS">
          <reporter-output>
          </reporter-output>
        </test-method> <!-- navigateToAppliedPolicyHolders -->
        <test-method signature="paginationNumberValidationUI()[pri:9, instance:project.AppliedPolicyHolders@4fe767f3]" started-at="2026-02-25T12:08:56 IST" name="paginationNumberValidationUI" finished-at="2026-02-25T12:08:56 IST" duration-ms="346" status="PASS">
          <reporter-output>
          </reporter-output>
        </test-method> <!-- paginationNumberValidationUI -->
        <test-method is-config="true" signature="navigateToAppliedPolicyHolders()[pri:0, instance:project.AppliedPolicyHolders@4fe767f3]" started-at="2026-02-25T12:08:56 IST" name="navigateToAppliedPolicyHolders" finished-at="2026-02-25T12:08:57 IST" duration-ms="736" status="PASS">
          <reporter-output>
          </reporter-output>
        </test-method> <!-- navigateToAppliedPolicyHolders -->
        <test-method signature="Previous_Button_UI_Validation()[pri:10, instance:project.AppliedPolicyHolders@4fe767f3]" started-at="2026-02-25T12:08:57 IST" name="Previous_Button_UI_Validation" finished-at="2026-02-25T12:08:57 IST" duration-ms="34" status="FAIL">
          <exception class="java.lang.AssertionError">
            <message>
              <![CDATA[Previous button is NOT present on the page. expected [true] but found [false]]]>
            </message>
            <full-stacktrace>
              <![CDATA[java.lang.AssertionError: Previous button is NOT present on the page. expected [true] but found [false]
at org.testng.Assert.fail(Assert.java:111)
at org.testng.Assert.failNotEquals(Assert.java:1590)
at org.testng.Assert.assertTrue(Assert.java:57)
at project.AppliedPolicyHolders.Previous_Button_UI_Validation(AppliedPolicyHolders.java:191)
at java.base/jdk.internal.reflect.DirectMethodHandleAccessor.invoke(DirectMethodHandleAccessor.java:104)
at java.base/java.lang.reflect.Method.invoke(Method.java:565)
at org.testng.internal.invokers.MethodInvocationHelper.invokeMethod(MethodInvocationHelper.java:141)
at org.testng.internal.invokers.TestInvoker.invokeMethod(TestInvoker.java:697)
at org.testng.internal.invokers.TestInvoker.invokeTestMethod(TestInvoker.java:230)
at org.testng.internal.invokers.MethodRunner.runInSequence(MethodRunner.java:63)
at org.testng.internal.invokers.TestInvoker$MethodInvocationAgent.invoke(TestInvoker.java:1005)
at org.testng.internal.invokers.TestInvoker.invokeTestMethods(TestInvoker.java:203)
at org.testng.internal.invokers.TestMethodWorker.invokeTestMethods(TestMethodWorker.java:154)
at org.testng.internal.invokers.TestMethodWorker.run(TestMethodWorker.java:134)
at java.base/java.util.ArrayList.forEach(ArrayList.java:1604)
at org.testng.TestRunner.privateRun(TestRunner.java:744)
at org.testng.TestRunner.run(TestRunner.java:616)
at org.testng.SuiteRunner.runTest(SuiteRunner.java:421)
at org.testng.SuiteRunner.runSequentially(SuiteRunner.java:413)
at org.testng.SuiteRunner.privateRun(SuiteRunner.java:373)
at org.testng.SuiteRunner.run(SuiteRunner.java:312)
at org.testng.SuiteRunnerWorker.runSuite(SuiteRunnerWorker.java:52)
at org.testng.SuiteRunnerWorker.run(SuiteRunnerWorker.java:95)
at org.testng.TestNG.runSuitesSequentially(TestNG.java:1274)
at org.testng.TestNG.runSuitesLocally(TestNG.java:1208)
at org.testng.TestNG.runSuites(TestNG.java:1112)
at org.testng.TestNG.run(TestNG.java:1079)
at org.apache.maven.surefire.testng.TestNGExecutor.run(TestNGExecutor.java:155)
at org.apache.maven.surefire.testng.TestNGDirectoryTestSuite.executeMulti(TestNGDirectoryTestSuite.java:169)
at org.apache.maven.surefire.testng.TestNGDirectoryTestSuite.execute(TestNGDirectoryTestSuite.java:88)
at org.apache.maven.surefire.testng.TestNGProvider.invoke(TestNGProvider.java:137)
at org.apache.maven.surefire.booter.ForkedBooter.runSuitesInProcess(ForkedBooter.java:385)
at org.apache.maven.surefire.booter.ForkedBooter.execute(ForkedBooter.java:162)
at org.apache.maven.surefire.booter.ForkedBooter.run(ForkedBooter.java:507)
at org.apache.maven.surefire.booter.ForkedBooter.main(ForkedBooter.java:495)
]]>
            </full-stacktrace>
          </exception> <!-- java.lang.AssertionError -->
          <reporter-output>
          </reporter-output>
        </test-method> <!-- Previous_Button_UI_Validation -->
        <test-method is-config="true" signature="navigateToAppliedPolicyHolders()[pri:0, instance:project.AppliedPolicyHolders@4fe767f3]" started-at="2026-02-25T12:08:57 IST" name="navigateToAppliedPolicyHolders" finished-at="2026-02-25T12:08:58 IST" duration-ms="756" status="PASS">
          <reporter-output>
          </reporter-output>
        </test-method> <!-- navigateToAppliedPolicyHolders -->
        <test-method signature="Next_Button_UI_Validation()[pri:11, instance:project.AppliedPolicyHolders@4fe767f3]" started-at="2026-02-25T12:08:58 IST" name="Next_Button_UI_Validation" finished-at="2026-02-25T12:08:58 IST" duration-ms="158" status="FAIL">
          <exception class="java.lang.AssertionError">
            <message>
              <![CDATA[The following asserts failed:
expected [NEXT] but found [...]]]>
            </message>
            <full-stacktrace>
              <![CDATA[java.lang.AssertionError: The following asserts failed:
expected [NEXT] but found [...]
at org.testng.asserts.SoftAssert.assertAll(SoftAssert.java:46)
at org.testng.asserts.SoftAssert.assertAll(SoftAssert.java:30)
at project.AppliedPolicyHolders.Next_Button_UI_Validation(AppliedPolicyHolders.java:222)
at java.base/jdk.internal.reflect.DirectMethodHandleAccessor.invoke(DirectMethodHandleAccessor.java:104)
at java.base/java.lang.reflect.Method.invoke(Method.java:565)
at org.testng.internal.invokers.MethodInvocationHelper.invokeMethod(MethodInvocationHelper.java:141)
at org.testng.internal.invokers.TestInvoker.invokeMethod(TestInvoker.java:697)
at org.testng.internal.invokers.TestInvoker.invokeTestMethod(TestInvoker.java:230)
at org.testng.internal.invokers.MethodRunner.runInSequence(MethodRunner.java:63)
at org.testng.internal.invokers.TestInvoker$MethodInvocationAgent.invoke(TestInvoker.java:1005)
at org.testng.internal.invokers.TestInvoker.invokeTestMethods(TestInvoker.java:203)
at org.testng.internal.invokers.TestMethodWorker.invokeTestMethods(TestMethodWorker.java:154)
at org.testng.internal.invokers.TestMethodWorker.run(TestMethodWorker.java:134)
at java.base/java.util.ArrayList.forEach(ArrayList.java:1604)
at org.testng.TestRunner.privateRun(TestRunner.java:744)
at org.testng.TestRunner.run(TestRunner.java:616)
at org.testng.SuiteRunner.runTest(SuiteRunner.java:421)
at org.testng.SuiteRunner.runSequentially(SuiteRunner.java:413)
at org.testng.SuiteRunner.privateRun(SuiteRunner.java:373)
at org.testng.SuiteRunner.run(SuiteRunner.java:312)
at org.testng.SuiteRunnerWorker.runSuite(SuiteRunnerWorker.java:52)
at org.testng.SuiteRunnerWorker.run(SuiteRunnerWorker.java:95)
at org.testng.TestNG.runSuitesSequentially(TestNG.java:1274)
at org.testng.TestNG.runSuitesLocally(TestNG.java:1208)
at org.testng.TestNG.runSuites(TestNG.java:1112)
at org.testng.TestNG.run(TestNG.java:1079)
at org.apache.maven.surefire.testng.TestNGExecutor.run(TestNGExecutor.java:155)
at org.apache.maven.surefire.testng.TestNGDirectoryTestSuite.executeMulti(TestNGDirectoryTestSuite.java:169)
at org.apache.maven.surefire.testng.TestNGDirectoryTestSuite.execute(TestNGDirectoryTestSuite.java:88)
at org.apache.maven.surefire.testng.TestNGProvider.invoke(TestNGProvider.java:137)
at org.apache.maven.surefire.booter.ForkedBooter.runSuitesInProcess(ForkedBooter.java:385)
at org.apache.maven.surefire.booter.ForkedBooter.execute(ForkedBooter.java:162)
at org.apache.maven.surefire.booter.ForkedBooter.run(ForkedBooter.java:507)
at org.apache.maven.surefire.booter.ForkedBooter.main(ForkedBooter.java:495)
]]>
            </full-stacktrace>
          </exception> <!-- java.lang.AssertionError -->
          <reporter-output>
          </reporter-output>
        </test-method> <!-- Next_Button_UI_Validation -->
        <test-method is-config="true" signature="navigateToAppliedPolicyHolders()[pri:0, instance:project.AppliedPolicyHolders@4fe767f3]" started-at="2026-02-25T12:08:58 IST" name="navigateToAppliedPolicyHolders" finished-at="2026-02-25T12:08:59 IST" duration-ms="695" status="PASS">
          <reporter-output>
          </reporter-output>
        </test-method> <!-- navigateToAppliedPolicyHolders -->
        <test-method signature="scrollUpButtonUI()[pri:12, instance:project.AppliedPolicyHolders@4fe767f3]" started-at="2026-02-25T12:08:59 IST" name="scrollUpButtonUI" finished-at="2026-02-25T12:08:59 IST" duration-ms="89" status="PASS">
          <reporter-output>
          </reporter-output>
        </test-method> <!-- scrollUpButtonUI -->
        <test-method is-config="true" signature="navigateToAppliedPolicyHolders()[pri:0, instance:project.AppliedPolicyHolders@4fe767f3]" started-at="2026-02-25T12:08:59 IST" name="navigateToAppliedPolicyHolders" finished-at="2026-02-25T12:09:00 IST" duration-ms="1304" status="PASS">
          <reporter-output>
          </reporter-output>
        </test-method> <!-- navigateToAppliedPolicyHolders -->
        <test-method signature="validateHeaderandBreadcrumbFunctionality()[pri:13, instance:project.AppliedPolicyHolders@4fe767f3]" started-at="2026-02-25T12:09:00 IST" name="validateHeaderandBreadcrumbFunctionality" finished-at="2026-02-25T12:09:01 IST" duration-ms="757" status="FAIL">
          <exception class="java.lang.AssertionError">
            <message>
              <![CDATA[The following asserts failed:
Breadcrumb root mismatch expected [Dashboard] but found [Policy Holders],
Dashboard page is not loaded succesfully expected [Dashboard] but found [Policy Holders]]]>
            </message>
            <full-stacktrace>
              <![CDATA[java.lang.AssertionError: The following asserts failed:
Breadcrumb root mismatch expected [Dashboard] but found [Policy Holders],
Dashboard page is not loaded succesfully expected [Dashboard] but found [Policy Holders]
at org.testng.asserts.SoftAssert.assertAll(SoftAssert.java:46)
at org.testng.asserts.SoftAssert.assertAll(SoftAssert.java:30)
at project.AppliedPolicyHolders.validateHeaderandBreadcrumbFunctionality(AppliedPolicyHolders.java:247)
at java.base/jdk.internal.reflect.DirectMethodHandleAccessor.invoke(DirectMethodHandleAccessor.java:104)
at java.base/java.lang.reflect.Method.invoke(Method.java:565)
at org.testng.internal.invokers.MethodInvocationHelper.invokeMethod(MethodInvocationHelper.java:141)
at org.testng.internal.invokers.TestInvoker.invokeMethod(TestInvoker.java:697)
at org.testng.internal.invokers.TestInvoker.invokeTestMethod(TestInvoker.java:230)
at org.testng.internal.invokers.MethodRunner.runInSequence(MethodRunner.java:63)
at org.testng.internal.invokers.TestInvoker$MethodInvocationAgent.invoke(TestInvoker.java:1005)
at org.testng.internal.invokers.TestInvoker.invokeTestMethods(TestInvoker.java:203)
at org.testng.internal.invokers.TestMethodWorker.invokeTestMethods(TestMethodWorker.java:154)
at org.testng.internal.invokers.TestMethodWorker.run(TestMethodWorker.java:134)
at java.base/java.util.ArrayList.forEach(ArrayList.java:1604)
at org.testng.TestRunner.privateRun(TestRunner.java:744)
at org.testng.TestRunner.run(TestRunner.java:616)
at org.testng.SuiteRunner.runTest(SuiteRunner.java:421)
at org.testng.SuiteRunner.runSequentially(SuiteRunner.java:413)
at org.testng.SuiteRunner.privateRun(SuiteRunner.java:373)
at org.testng.SuiteRunner.run(SuiteRunner.java:312)
at org.testng.SuiteRunnerWorker.runSuite(SuiteRunnerWorker.java:52)
at org.testng.SuiteRunnerWorker.run(SuiteRunnerWorker.java:95)
at org.testng.TestNG.runSuitesSequentially(TestNG.java:1274)
at org.testng.TestNG.runSuitesLocally(TestNG.java:1208)
at org.testng.TestNG.runSuites(TestNG.java:1112)
at org.testng.TestNG.run(TestNG.java:1079)
at org.apache.maven.surefire.testng.TestNGExecutor.run(TestNGExecutor.java:155)
at org.apache.maven.surefire.testng.TestNGDirectoryTestSuite.executeMulti(TestNGDirectoryTestSuite.java:169)
at org.apache.maven.surefire.testng.TestNGDirectoryTestSuite.execute(TestNGDirectoryTestSuite.java:88)
at org.apache.maven.surefire.testng.TestNGProvider.invoke(TestNGProvider.java:137)
at org.apache.maven.surefire.booter.ForkedBooter.runSuitesInProcess(ForkedBooter.java:385)
at org.apache.maven.surefire.booter.ForkedBooter.execute(ForkedBooter.java:162)
at org.apache.maven.surefire.booter.ForkedBooter.run(ForkedBooter.java:507)
at org.apache.maven.surefire.booter.ForkedBooter.main(ForkedBooter.java:495)
]]>
            </full-stacktrace>
          </exception> <!-- java.lang.AssertionError -->
          <reporter-output>
          </reporter-output>
        </test-method> <!-- validateHeaderandBreadcrumbFunctionality -->
        <test-method is-config="true" signature="navigateToAppliedPolicyHolders()[pri:0, instance:project.AppliedPolicyHolders@4fe767f3]" started-at="2026-02-25T12:09:01 IST" name="navigateToAppliedPolicyHolders" finished-at="2026-02-25T12:09:02 IST" duration-ms="851" status="PASS">
          <reporter-output>
          </reporter-output>
        </test-method> <!-- navigateToAppliedPolicyHolders -->
        <test-method signature="validateCustomerNameDropdownFunctionality()[pri:14, instance:project.AppliedPolicyHolders@4fe767f3]" started-at="2026-02-25T12:09:02 IST" name="validateCustomerNameDropdownFunctionality" finished-at="2026-02-25T12:09:02 IST" duration-ms="492" status="PASS">
          <reporter-output>
          </reporter-output>
        </test-method> <!-- validateCustomerNameDropdownFunctionality -->
        <test-method is-config="true" signature="navigateToAppliedPolicyHolders()[pri:0, instance:project.AppliedPolicyHolders@4fe767f3]" started-at="2026-02-25T12:09:02 IST" name="navigateToAppliedPolicyHolders" finished-at="2026-02-25T12:09:04 IST" duration-ms="1313" status="PASS">
          <reporter-output>
          </reporter-output>
        </test-method> <!-- navigateToAppliedPolicyHolders -->
        <test-method signature="Policy_Status_Filter_Functionality_Validation()[pri:15, instance:project.AppliedPolicyHolders@4fe767f3]" started-at="2026-02-25T12:09:04 IST" name="Policy_Status_Filter_Functionality_Validation" finished-at="2026-02-25T12:09:05 IST" duration-ms="1500" status="PASS">
          <reporter-output>
          </reporter-output>
        </test-method> <!-- Policy_Status_Filter_Functionality_Validation -->
        <test-method is-config="true" signature="navigateToAppliedPolicyHolders()[pri:0, instance:project.AppliedPolicyHolders@4fe767f3]" started-at="2026-02-25T12:09:05 IST" name="navigateToAppliedPolicyHolders" finished-at="2026-02-25T12:09:06 IST" duration-ms="647" status="PASS">
          <reporter-output>
          </reporter-output>
        </test-method> <!-- navigateToAppliedPolicyHolders -->
        <test-method signature="trashIconAlertFunctionality()[pri:18, instance:project.AppliedPolicyHolders@4fe767f3]" started-at="2026-02-25T12:09:06 IST" name="trashIconAlertFunctionality" finished-at="2026-02-25T12:09:06 IST" duration-ms="124" status="PASS">
          <reporter-output>
          </reporter-output>
        </test-method> <!-- trashIconAlertFunctionality -->
        <test-method is-config="true" signature="navigateToAppliedPolicyHolders()[pri:0, instance:project.AppliedPolicyHolders@4fe767f3]" started-at="2026-02-25T12:09:06 IST" name="navigateToAppliedPolicyHolders" finished-at="2026-02-25T12:09:07 IST" duration-ms="1225" status="PASS">
          <reporter-output>
          </reporter-output>
        </test-method> <!-- navigateToAppliedPolicyHolders -->
        <test-method signature="ok_Alert_Of_DeleteButton_validation()[pri:19, instance:project.AppliedPolicyHolders@4fe767f3]" started-at="2026-02-25T12:09:07 IST" name="ok_Alert_Of_DeleteButton_validation" finished-at="2026-02-25T12:09:12 IST" duration-ms="4418" status="PASS">
          <reporter-output>
          </reporter-output>
        </test-method> <!-- ok_Alert_Of_DeleteButton_validation -->
        <test-method is-config="true" signature="navigateToAppliedPolicyHolders()[pri:0, instance:project.AppliedPolicyHolders@4fe767f3]" started-at="2026-02-25T12:09:12 IST" name="navigateToAppliedPolicyHolders" finished-at="2026-02-25T12:09:12 IST" duration-ms="736" status="PASS">
          <reporter-output>
          </reporter-output>
        </test-method> <!-- navigateToAppliedPolicyHolders -->
        <test-method signature="cancel_Alert_Of_DeleteButton_validation()[pri:20, instance:project.AppliedPolicyHolders@4fe767f3]" started-at="2026-02-25T12:09:12 IST" name="cancel_Alert_Of_DeleteButton_validation" finished-at="2026-02-25T12:09:17 IST" duration-ms="5034" status="PASS">
          <reporter-output>
          </reporter-output>
        </test-method> <!-- cancel_Alert_Of_DeleteButton_validation -->
        <test-method is-config="true" signature="navigateToAppliedPolicyHolders()[pri:0, instance:project.AppliedPolicyHolders@4fe767f3]" started-at="2026-02-25T12:09:17 IST" name="navigateToAppliedPolicyHolders" finished-at="2026-02-25T12:09:18 IST" duration-ms="950" status="PASS">
          <reporter-output>
          </reporter-output>
        </test-method> <!-- navigateToAppliedPolicyHolders -->
        <test-method signature="paginationNumberValidationFunctionality()[pri:21, instance:project.AppliedPolicyHolders@4fe767f3]" started-at="2026-02-25T12:09:18 IST" name="paginationNumberValidationFunctionality" finished-at="2026-02-25T12:09:19 IST" duration-ms="337" status="PASS">
          <reporter-output>
          </reporter-output>
        </test-method> <!-- paginationNumberValidationFunctionality -->
        <test-method is-config="true" signature="navigateToAppliedPolicyHolders()[pri:0, instance:project.AppliedPolicyHolders@4fe767f3]" started-at="2026-02-25T12:09:19 IST" name="navigateToAppliedPolicyHolders" finished-at="2026-02-25T12:09:20 IST" duration-ms="1218" status="PASS">
          <reporter-output>
          </reporter-output>
        </test-method> <!-- navigateToAppliedPolicyHolders -->
        <test-method signature="Previous_Button_Functionality_Validation()[pri:22, instance:project.AppliedPolicyHolders@4fe767f3]" started-at="2026-02-25T12:09:20 IST" name="Previous_Button_Functionality_Validation" finished-at="2026-02-25T12:09:20 IST" duration-ms="26" status="FAIL">
          <exception class="java.lang.AssertionError">
            <message>
              <![CDATA[Previous button is NOT present on the page. expected [true] but found [false]]]>
            </message>
            <full-stacktrace>
              <![CDATA[java.lang.AssertionError: Previous button is NOT present on the page. expected [true] but found [false]
at org.testng.Assert.fail(Assert.java:111)
at org.testng.Assert.failNotEquals(Assert.java:1590)
at org.testng.Assert.assertTrue(Assert.java:57)
at project.AppliedPolicyHolders.Previous_Button_Functionality_Validation(AppliedPolicyHolders.java:493)
at java.base/jdk.internal.reflect.DirectMethodHandleAccessor.invoke(DirectMethodHandleAccessor.java:104)
at java.base/java.lang.reflect.Method.invoke(Method.java:565)
at org.testng.internal.invokers.MethodInvocationHelper.invokeMethod(MethodInvocationHelper.java:141)
at org.testng.internal.invokers.TestInvoker.invokeMethod(TestInvoker.java:697)
at org.testng.internal.invokers.TestInvoker.invokeTestMethod(TestInvoker.java:230)
at org.testng.internal.invokers.MethodRunner.runInSequence(MethodRunner.java:63)
at org.testng.internal.invokers.TestInvoker$MethodInvocationAgent.invoke(TestInvoker.java:1005)
at org.testng.internal.invokers.TestInvoker.invokeTestMethods(TestInvoker.java:203)
at org.testng.internal.invokers.TestMethodWorker.invokeTestMethods(TestMethodWorker.java:154)
at org.testng.internal.invokers.TestMethodWorker.run(TestMethodWorker.java:134)
at java.base/java.util.ArrayList.forEach(ArrayList.java:1604)
at org.testng.TestRunner.privateRun(TestRunner.java:744)
at org.testng.TestRunner.run(TestRunner.java:616)
at org.testng.SuiteRunner.runTest(SuiteRunner.java:421)
at org.testng.SuiteRunner.runSequentially(SuiteRunner.java:413)
at org.testng.SuiteRunner.privateRun(SuiteRunner.java:373)
at org.testng.SuiteRunner.run(SuiteRunner.java:312)
at org.testng.SuiteRunnerWorker.runSuite(SuiteRunnerWorker.java:52)
at org.testng.SuiteRunnerWorker.run(SuiteRunnerWorker.java:95)
at org.testng.TestNG.runSuitesSequentially(TestNG.java:1274)
at org.testng.TestNG.runSuitesLocally(TestNG.java:1208)
at org.testng.TestNG.runSuites(TestNG.java:1112)
at org.testng.TestNG.run(TestNG.java:1079)
at org.apache.maven.surefire.testng.TestNGExecutor.run(TestNGExecutor.java:155)
at org.apache.maven.surefire.testng.TestNGDirectoryTestSuite.executeMulti(TestNGDirectoryTestSuite.java:169)
at org.apache.maven.surefire.testng.TestNGDirectoryTestSuite.execute(TestNGDirectoryTestSuite.java:88)
at org.apache.maven.surefire.testng.TestNGProvider.invoke(TestNGProvider.java:137)
at org.apache.maven.surefire.booter.ForkedBooter.runSuitesInProcess(ForkedBooter.java:385)
at org.apache.maven.surefire.booter.ForkedBooter.execute(ForkedBooter.java:162)
at org.apache.maven.surefire.booter.ForkedBooter.run(ForkedBooter.java:507)
at org.apache.maven.surefire.booter.ForkedBooter.main(ForkedBooter.java:495)
]]>
            </full-stacktrace>
          </exception> <!-- java.lang.AssertionError -->
          <reporter-output>
          </reporter-output>
        </test-method> <!-- Previous_Button_Functionality_Validation -->
        <test-method is-config="true" signature="navigateToAppliedPolicyHolders()[pri:0, instance:project.AppliedPolicyHolders@4fe767f3]" started-at="2026-02-25T12:09:20 IST" name="navigateToAppliedPolicyHolders" finished-at="2026-02-25T12:09:21 IST" duration-ms="661" status="PASS">
          <reporter-output>
          </reporter-output>
        </test-method> <!-- navigateToAppliedPolicyHolders -->
        <test-method signature="Next_Button_Functionality_Validation()[pri:23, instance:project.AppliedPolicyHolders@4fe767f3]" started-at="2026-02-25T12:09:21 IST" name="Next_Button_Functionality_Validation" finished-at="2026-02-25T12:09:21 IST" duration-ms="107" status="FAIL">
          <exception class="java.lang.AssertionError">
            <message>
              <![CDATA[The following asserts failed:
expected [NEXT] but found [...]]]>
            </message>
            <full-stacktrace>
              <![CDATA[java.lang.AssertionError: The following asserts failed:
expected [NEXT] but found [...]
at org.testng.asserts.SoftAssert.assertAll(SoftAssert.java:46)
at org.testng.asserts.SoftAssert.assertAll(SoftAssert.java:30)
at project.AppliedPolicyHolders.Next_Button_Functionality_Validation(AppliedPolicyHolders.java:524)
at java.base/jdk.internal.reflect.DirectMethodHandleAccessor.invoke(DirectMethodHandleAccessor.java:104)
at java.base/java.lang.reflect.Method.invoke(Method.java:565)
at org.testng.internal.invokers.MethodInvocationHelper.invokeMethod(MethodInvocationHelper.java:141)
at org.testng.internal.invokers.TestInvoker.invokeMethod(TestInvoker.java:697)
at org.testng.internal.invokers.TestInvoker.invokeTestMethod(TestInvoker.java:230)
at org.testng.internal.invokers.MethodRunner.runInSequence(MethodRunner.java:63)
at org.testng.internal.invokers.TestInvoker$MethodInvocationAgent.invoke(TestInvoker.java:1005)
at org.testng.internal.invokers.TestInvoker.invokeTestMethods(TestInvoker.java:203)
at org.testng.internal.invokers.TestMethodWorker.invokeTestMethods(TestMethodWorker.java:154)
at org.testng.internal.invokers.TestMethodWorker.run(TestMethodWorker.java:134)
at java.base/java.util.ArrayList.forEach(ArrayList.java:1604)
at org.testng.TestRunner.privateRun(TestRunner.java:744)
at org.testng.TestRunner.run(TestRunner.java:616)
at org.testng.SuiteRunner.runTest(SuiteRunner.java:421)
at org.testng.SuiteRunner.runSequentially(SuiteRunner.java:413)
at org.testng.SuiteRunner.privateRun(SuiteRunner.java:373)
at org.testng.SuiteRunner.run(SuiteRunner.java:312)
at org.testng.SuiteRunnerWorker.runSuite(SuiteRunnerWorker.java:52)
at org.testng.SuiteRunnerWorker.run(SuiteRunnerWorker.java:95)
at org.testng.TestNG.runSuitesSequentially(TestNG.java:1274)
at org.testng.TestNG.runSuitesLocally(TestNG.java:1208)
at org.testng.TestNG.runSuites(TestNG.java:1112)
at org.testng.TestNG.run(TestNG.java:1079)
at org.apache.maven.surefire.testng.TestNGExecutor.run(TestNGExecutor.java:155)
at org.apache.maven.surefire.testng.TestNGDirectoryTestSuite.executeMulti(TestNGDirectoryTestSuite.java:169)
at org.apache.maven.surefire.testng.TestNGDirectoryTestSuite.execute(TestNGDirectoryTestSuite.java:88)
at org.apache.maven.surefire.testng.TestNGProvider.invoke(TestNGProvider.java:137)
at org.apache.maven.surefire.booter.ForkedBooter.runSuitesInProcess(ForkedBooter.java:385)
at org.apache.maven.surefire.booter.ForkedBooter.execute(ForkedBooter.java:162)
at org.apache.maven.surefire.booter.ForkedBooter.run(ForkedBooter.java:507)
at org.apache.maven.surefire.booter.ForkedBooter.main(ForkedBooter.java:495)
]]>
            </full-stacktrace>
          </exception> <!-- java.lang.AssertionError -->
          <reporter-output>
          </reporter-output>
        </test-method> <!-- Next_Button_Functionality_Validation -->
        <test-method is-config="true" signature="navigateToAppliedPolicyHolders()[pri:0, instance:project.AppliedPolicyHolders@4fe767f3]" started-at="2026-02-25T12:09:21 IST" name="navigateToAppliedPolicyHolders" finished-at="2026-02-25T12:09:21 IST" duration-ms="732" status="PASS">
          <reporter-output>
          </reporter-output>
        </test-method> <!-- navigateToAppliedPolicyHolders -->
        <test-method signature="ScrollUpbuttonFunctionalityValidation()[pri:24, instance:project.AppliedPolicyHolders@4fe767f3]" started-at="2026-02-25T12:09:21 IST" name="ScrollUpbuttonFunctionalityValidation" finished-at="2026-02-25T12:09:23 IST" duration-ms="2077" status="PASS">
          <reporter-output>
          </reporter-output>
        </test-method> <!-- ScrollUpbuttonFunctionalityValidation -->
        <test-method is-config="true" signature="tearDown()[pri:0, instance:project.AppliedPolicyHolders@4fe767f3]" started-at="2026-02-25T12:09:23 IST" name="tearDown" finished-at="2026-02-25T12:09:29 IST" duration-ms="5578" status="PASS">
          <reporter-output>
          </reporter-output>
        </test-method> <!-- tearDown -->
      </class> <!-- project.AppliedPolicyHolders -->
    </test> <!-- Surefire test -->
  </suite> <!-- Surefire suite -->
</testng-results>
