<?xml version="1.0" encoding="UTF-8"?>
<!-- Generated by org.testng.reporters.JUnitXMLReporter -->
<testsuite ignored="1" hostname="LTIN674077" failures="12" tests="46" name="chromeTest" time="97.026" errors="0" timestamp="2026-02-17T17:35:08 IST">
  <testcase classname="com.wasim.major_project.AppliedPolicyHolders" name="Search_Button_Functionality_Validation" time="0.905"/>
  <testcase classname="com.wasim.major_project.ApprovedPolicyHolders" name="Search_Button_Functionality_Validation" time="1.166"/>
  <testcase classname="com.wasim.major_project.AppliedPolicyHolders" name="validatePageHeaderUi" time="0.091"/>
  <testcase classname="com.wasim.major_project.ApprovedPolicyHolders" name="validatePageHeaderUi" time="0.065"/>
  <testcase classname="com.wasim.major_project.AppliedPolicyHolders" name="validateBreadcrumbUI" time="0.369">
    <failure type="java.lang.AssertionError" message="The following asserts failed:
	Breadcrumb root mismatch expected [Dashboard] but found [Policy Holders],
	Breadcrumb leaf mismatch expected [Applied Policy Holders] but found [View]">
      <![CDATA[java.lang.AssertionError: The following asserts failed:
Breadcrumb root mismatch expected [Dashboard] but found [Policy Holders],
Breadcrumb leaf mismatch expected [Applied Policy Holders] but found [View]
at com.wasim.major_project.AppliedPolicyHolders.validateBreadcrumbUI(AppliedPolicyHolders.java:52)
at java.base/java.util.ArrayList.forEach(ArrayList.java:1604)
at java.base/java.util.concurrent.FutureTask.run(FutureTask.java:328)
at java.base/java.util.concurrent.ThreadPoolExecutor.runWorker(ThreadPoolExecutor.java:1095)
at java.base/java.util.concurrent.ThreadPoolExecutor$Worker.run(ThreadPoolExecutor.java:619)
at java.base/java.lang.Thread.run(Thread.java:1447)
... Removed 17 stack frames]]>
    </failure>
  </testcase> <!-- validateBreadcrumbUI -->
  <testcase classname="com.wasim.major_project.ApprovedPolicyHolders" name="validateBreadcrumbUI" time="0.238"/>
  <testcase classname="com.wasim.major_project.AppliedPolicyHolders" name="validateCustomerNameDropdownUI" time="0.648"/>
  <testcase classname="com.wasim.major_project.ApprovedPolicyHolders" name="validateCustomerNameDropdownUI" time="0.314"/>
  <testcase classname="com.wasim.major_project.ApprovedPolicyHolders" name="validateSubCategoryDropdownUI" time="0.228"/>
  <testcase classname="com.wasim.major_project.AppliedPolicyHolders" name="Policy_Status_Filter_UI_Validation" time="1.26"/>
  <testcase classname="com.wasim.major_project.ApprovedPolicyHolders" name="Policy_Status_Filter_UI_Validation" time="1.37"/>
  <testcase classname="com.wasim.major_project.AppliedPolicyHolders" name="searchButtonUi" time="0.141"/>
  <testcase classname="com.wasim.major_project.ApprovedPolicyHolders" name="searchButtonUi" time="0.128"/>
  <testcase classname="com.wasim.major_project.AppliedPolicyHolders" name="resetButtonUi" time="0.112"/>
  <testcase classname="com.wasim.major_project.ApprovedPolicyHolders" name="resetButtonUi" time="0.095"/>
  <testcase classname="com.wasim.major_project.AppliedPolicyHolders" name="validateTableHeadersUI" time="0.578"/>
  <testcase classname="com.wasim.major_project.ApprovedPolicyHolders" name="validateTableHeadersUI" time="0.439"/>
  <testcase classname="com.wasim.major_project.AppliedPolicyHolders" name="trashIconAlertUI" time="0.34"/>
  <testcase classname="com.wasim.major_project.AppliedPolicyHolders" name="paginationNumberValidationUI" time="0.452"/>
  <testcase classname="com.wasim.major_project.ApprovedPolicyHolders" name="paginationNumberValidationUI" time="0.675"/>
  <testcase classname="com.wasim.major_project.AppliedPolicyHolders" name="Previous_Button_UI_Validation" time="0.041">
    <failure type="java.lang.AssertionError" message="Previous button is NOT present on the page. expected [true] but found [false]">
      <![CDATA[java.lang.AssertionError: Previous button is NOT present on the page. expected [true] but found [false]
at com.wasim.major_project.AppliedPolicyHolders.Previous_Button_UI_Validation(AppliedPolicyHolders.java:211)
at java.base/java.util.ArrayList.forEach(ArrayList.java:1604)
at java.base/java.util.concurrent.FutureTask.run(FutureTask.java:328)
at java.base/java.util.concurrent.ThreadPoolExecutor.runWorker(ThreadPoolExecutor.java:1095)
at java.base/java.util.concurrent.ThreadPoolExecutor$Worker.run(ThreadPoolExecutor.java:619)
at java.base/java.lang.Thread.run(Thread.java:1447)
... Removed 18 stack frames]]>
    </failure>
  </testcase> <!-- Previous_Button_UI_Validation -->
  <testcase classname="com.wasim.major_project.ApprovedPolicyHolders" name="Previous_Button_UI_Validation" time="0.046">
    <failure type="java.lang.AssertionError" message="Previous button is NOT present on the page. expected [true] but found [false]">
      <![CDATA[java.lang.AssertionError: Previous button is NOT present on the page. expected [true] but found [false]
at com.wasim.major_project.ApprovedPolicyHolders.Previous_Button_UI_Validation(ApprovedPolicyHolders.java:234)
at java.base/java.util.ArrayList.forEach(ArrayList.java:1604)
at java.base/java.util.concurrent.FutureTask.run(FutureTask.java:328)
at java.base/java.util.concurrent.ThreadPoolExecutor.runWorker(ThreadPoolExecutor.java:1095)
at java.base/java.util.concurrent.ThreadPoolExecutor$Worker.run(ThreadPoolExecutor.java:619)
at java.base/java.lang.Thread.run(Thread.java:1447)
... Removed 18 stack frames]]>
    </failure>
  </testcase> <!-- Previous_Button_UI_Validation -->
  <testcase classname="com.wasim.major_project.AppliedPolicyHolders" name="Next_Button_UI_Validation" time="0.117">
    <failure type="java.lang.AssertionError" message="The following asserts failed:
	expected [NEXT] but found [...]">
      <![CDATA[java.lang.AssertionError: The following asserts failed:
expected [NEXT] but found [...]
at com.wasim.major_project.AppliedPolicyHolders.Next_Button_UI_Validation(AppliedPolicyHolders.java:242)
at java.base/java.util.ArrayList.forEach(ArrayList.java:1604)
at java.base/java.util.concurrent.FutureTask.run(FutureTask.java:328)
at java.base/java.util.concurrent.ThreadPoolExecutor.runWorker(ThreadPoolExecutor.java:1095)
at java.base/java.util.concurrent.ThreadPoolExecutor$Worker.run(ThreadPoolExecutor.java:619)
at java.base/java.lang.Thread.run(Thread.java:1447)
... Removed 17 stack frames]]>
    </failure>
  </testcase> <!-- Next_Button_UI_Validation -->
  <testcase classname="com.wasim.major_project.ApprovedPolicyHolders" name="Next_Button_UI_Validation" time="0.036">
    <failure type="java.lang.AssertionError" message="Next button is NOT present on the page. expected [true] but found [false]">
      <![CDATA[java.lang.AssertionError: Next button is NOT present on the page. expected [true] but found [false]
at com.wasim.major_project.ApprovedPolicyHolders.Next_Button_UI_Validation(ApprovedPolicyHolders.java:250)
at java.base/java.util.ArrayList.forEach(ArrayList.java:1604)
at java.base/java.util.concurrent.FutureTask.run(FutureTask.java:328)
at java.base/java.util.concurrent.ThreadPoolExecutor.runWorker(ThreadPoolExecutor.java:1095)
at java.base/java.util.concurrent.ThreadPoolExecutor$Worker.run(ThreadPoolExecutor.java:619)
at java.base/java.lang.Thread.run(Thread.java:1447)
... Removed 18 stack frames]]>
    </failure>
  </testcase> <!-- Next_Button_UI_Validation -->
  <testcase classname="com.wasim.major_project.AppliedPolicyHolders" name="scrollUpButtonUI" time="0.089"/>
  <testcase classname="com.wasim.major_project.ApprovedPolicyHolders" name="scrollUpButtonUI" time="0.096"/>
  <testcase classname="com.wasim.major_project.AppliedPolicyHolders" name="validateHeaderandBreadcrumbFunctionality" time="0.518">
    <failure type="java.lang.AssertionError" message="The following asserts failed:
	Breadcrumb root mismatch expected [Dashboard] but found [Policy Holders],
	Dashboard page is not loaded succesfully expected [Dashboard] but found [Policy Holders]">
      <![CDATA[java.lang.AssertionError: The following asserts failed:
Breadcrumb root mismatch expected [Dashboard] but found [Policy Holders],
Dashboard page is not loaded succesfully expected [Dashboard] but found [Policy Holders]
at com.wasim.major_project.AppliedPolicyHolders.validateHeaderandBreadcrumbFunctionality(AppliedPolicyHolders.java:270)
at java.base/java.util.ArrayList.forEach(ArrayList.java:1604)
at java.base/java.util.concurrent.FutureTask.run(FutureTask.java:328)
at java.base/java.util.concurrent.ThreadPoolExecutor.runWorker(ThreadPoolExecutor.java:1095)
at java.base/java.util.concurrent.ThreadPoolExecutor$Worker.run(ThreadPoolExecutor.java:619)
at java.base/java.lang.Thread.run(Thread.java:1447)
... Removed 17 stack frames]]>
    </failure>
  </testcase> <!-- validateHeaderandBreadcrumbFunctionality -->
  <testcase classname="com.wasim.major_project.ApprovedPolicyHolders" name="validateHeaderandBreadcrumbFunctionality" time="0.934"/>
  <testcase classname="com.wasim.major_project.AppliedPolicyHolders" name="validateCustomerNameDropdownFunctionality" time="0.561"/>
  <testcase classname="com.wasim.major_project.ApprovedPolicyHolders" name="validateCustomerNameDropdownFunctionality" time="0.587"/>
  <testcase classname="com.wasim.major_project.AppliedPolicyHolders" name="Policy_Status_Filter_Functionality_Validation" time="1.191"/>
  <testcase classname="com.wasim.major_project.ApprovedPolicyHolders" name="vaidateSubCategoryDropdownFunctionality" time="0.931"/>
  <testcase classname="com.wasim.major_project.ApprovedPolicyHolders" name="validatePolicyNameDropdownFunctionality" time="0.998"/>
  <testcase classname="com.wasim.major_project.AppliedPolicyHolders" name="ResetButtonFunctionalityValidation" time="2.727"/>
  <testcase classname="com.wasim.major_project.ApprovedPolicyHolders" name="ResetButtonFunctionalityValidation" time="1.501">
    <failure type="org.openqa.selenium.NoSuchElementException" message="no such element: Unable to locate element: {&amp;quot;method&amp;quot;:&amp;quot;xpath&amp;quot;,&amp;quot;selector&amp;quot;:&amp;quot;//label[normalize-space()=&amp;apos;Policy Status&amp;apos;]/ancestor::*[self::div or self::td][1]//span[contains(@class,&amp;apos;select2-selection&amp;apos;)]&amp;quot;}
  (Session info: chrome=142.0.7444.176)
For documentation on this error, please visit: https://www.selenium.dev/documentation/webdriver/troubleshooting/errors#nosuchelementexception
Build info: version: &amp;apos;4.39.0&amp;apos;, revision: &amp;apos;126f156aee&amp;apos;
System info: os.name: &amp;apos;Windows 11&amp;apos;, os.arch: &amp;apos;amd64&amp;apos;, os.version: &amp;apos;10.0&amp;apos;, java.version: &amp;apos;24.0.1&amp;apos;
Driver info: org.openqa.selenium.chrome.ChromeDriver
Command: [be2919535464639c68d18e07c6e723ef, findElement {using=xpath, value=//label[normalize-space()=&amp;apos;Policy Status&amp;apos;]/ancestor::*[self::div or self::td][1]//span[contains(@class,&amp;apos;select2-selection&amp;apos;)]}]
Capabilities {acceptInsecureCerts: false, browserName: chrome, browserVersion: 142.0.7444.176, chrome: {chromedriverVersion: 142.0.7444.175 (302067f14a4..., userDataDir: C:\Users\2461439\AppData\Lo...}, fedcm:accounts: true, goog:chromeOptions: {debuggerAddress: localhost:49677}, goog:processID: 26660, networkConnectionEnabled: false, pageLoadStrategy: normal, platformName: windows, proxy: Proxy(), se:cdp: ws://localhost:49677/devtoo..., se:cdpVersion: 142.0.7444.176, setWindowRect: true, strictFileInteractability: false, timeouts: {implicit: 0, pageLoad: 300000, script: 30000}, unhandledPromptBehavior: dismiss and notify, webauthn:extension:credBlob: true, webauthn:extension:largeBlob: true, webauthn:extension:minPinLength: true, webauthn:extension:prf: true, webauthn:virtualAuthenticators: true}
Session ID: be2919535464639c68d18e07c6e723ef">
      <![CDATA[org.openqa.selenium.NoSuchElementException: no such element: Unable to locate element: {"method":"xpath","selector":"//label[normalize-space()='Policy Status']/ancestor::*[self::div or self::td][1]//span[contains(@class,'select2-selection')]"}
  (Session info: chrome=142.0.7444.176)
For documentation on this error, please visit: https://www.selenium.dev/documentation/webdriver/troubleshooting/errors#nosuchelementexception
Build info: version: '4.39.0', revision: '126f156aee'
System info: os.name: 'Windows 11', os.arch: 'amd64', os.version: '10.0', java.version: '24.0.1'
Driver info: org.openqa.selenium.chrome.ChromeDriver
Command: [be2919535464639c68d18e07c6e723ef, findElement {using=xpath, value=//label[normalize-space()='Policy Status']/ancestor::*[self::div or self::td][1]//span[contains(@class,'select2-selection')]}]
Capabilities {acceptInsecureCerts: false, browserName: chrome, browserVersion: 142.0.7444.176, chrome: {chromedriverVersion: 142.0.7444.175 (302067f14a4..., userDataDir: C:\Users\2461439\AppData\Lo...}, fedcm:accounts: true, goog:chromeOptions: {debuggerAddress: localhost:49677}, goog:processID: 26660, networkConnectionEnabled: false, pageLoadStrategy: normal, platformName: windows, proxy: Proxy(), se:cdp: ws://localhost:49677/devtoo..., se:cdpVersion: 142.0.7444.176, setWindowRect: true, strictFileInteractability: false, timeouts: {implicit: 0, pageLoad: 300000, script: 30000}, unhandledPromptBehavior: dismiss and notify, webauthn:extension:credBlob: true, webauthn:extension:largeBlob: true, webauthn:extension:minPinLength: true, webauthn:extension:prf: true, webauthn:virtualAuthenticators: true}
Session ID: be2919535464639c68d18e07c6e723ef
at org.openqa.selenium.remote.ErrorCodec.decode(ErrorCodec.java:167)
at org.openqa.selenium.remote.codec.w3c.W3CHttpResponseCodec.decode(W3CHttpResponseCodec.java:142)
at org.openqa.selenium.remote.codec.w3c.W3CHttpResponseCodec.decode(W3CHttpResponseCodec.java:49)
at org.openqa.selenium.remote.HttpCommandExecutor.execute(HttpCommandExecutor.java:215)
at org.openqa.selenium.remote.service.DriverCommandExecutor.invokeExecute(DriverCommandExecutor.java:216)
at org.openqa.selenium.remote.service.DriverCommandExecutor.execute(DriverCommandExecutor.java:174)
at org.openqa.selenium.remote.RemoteWebDriver.execute(RemoteWebDriver.java:561)
at org.openqa.selenium.remote.ElementLocation$ElementFinder$2.findElement(ElementLocation.java:166)
at org.openqa.selenium.remote.ElementLocation.findElement(ElementLocation.java:60)
at org.openqa.selenium.remote.RemoteWebDriver.findElement(RemoteWebDriver.java:384)
at org.openqa.selenium.remote.RemoteWebDriver.findElement(RemoteWebDriver.java:378)
at com.wasim.major_project.ApprovedPolicyHolders.lambda$3(ApprovedPolicyHolders.java:434)
at com.wasim.major_project.ApprovedPolicyHolders.ResetButtonFunctionalityValidation(ApprovedPolicyHolders.java:474)
at java.base/java.util.ArrayList.forEach(ArrayList.java:1604)
at java.base/java.util.concurrent.FutureTask.run(FutureTask.java:328)
at java.base/java.util.concurrent.ThreadPoolExecutor.runWorker(ThreadPoolExecutor.java:1095)
at java.base/java.util.concurrent.ThreadPoolExecutor$Worker.run(ThreadPoolExecutor.java:619)
at java.base/java.lang.Thread.run(Thread.java:1447)
... Removed 18 stack frames]]>
    </failure>
  </testcase> <!-- ResetButtonFunctionalityValidation -->
  <testcase classname="com.wasim.major_project.AppliedPolicyHolders" name="trashIconAlertFunctionality" time="0.14"/>
  <testcase classname="com.wasim.major_project.AppliedPolicyHolders" name="ok_Alert_Of_DeleteButton_validation" time="4.457">
    <failure type="java.lang.AssertionError" message="The following asserts failed:
	expected [false] but found [true]">
      <![CDATA[java.lang.AssertionError: The following asserts failed:
expected [false] but found [true]
at com.wasim.major_project.AppliedPolicyHolders.ok_Alert_Of_DeleteButton_validation(AppliedPolicyHolders.java:518)
at java.base/java.util.ArrayList.forEach(ArrayList.java:1604)
at java.base/java.util.concurrent.FutureTask.run(FutureTask.java:328)
at java.base/java.util.concurrent.ThreadPoolExecutor.runWorker(ThreadPoolExecutor.java:1095)
at java.base/java.util.concurrent.ThreadPoolExecutor$Worker.run(ThreadPoolExecutor.java:619)
at java.base/java.lang.Thread.run(Thread.java:1447)
... Removed 17 stack frames]]>
    </failure>
  </testcase> <!-- ok_Alert_Of_DeleteButton_validation -->
  <testcase classname="com.wasim.major_project.AppliedPolicyHolders" name="cancel_Alert_Of_DeleteButton_validation" time="4.959"/>
  <testcase classname="com.wasim.major_project.AppliedPolicyHolders" name="paginationNumberValidationFunctionality" time="0.419"/>
  <testcase classname="com.wasim.major_project.ApprovedPolicyHolders" name="paginationNumberValidationFunctionality" time="0.632"/>
  <testcase classname="com.wasim.major_project.AppliedPolicyHolders" name="Previous_Button_Functionality_Validation" time="0.033">
    <failure type="java.lang.AssertionError" message="Previous button is NOT present on the page. expected [true] but found [false]">
      <![CDATA[java.lang.AssertionError: Previous button is NOT present on the page. expected [true] but found [false]
at com.wasim.major_project.AppliedPolicyHolders.Previous_Button_Functionality_Validation(AppliedPolicyHolders.java:579)
at java.base/java.util.ArrayList.forEach(ArrayList.java:1604)
at java.base/java.util.concurrent.FutureTask.run(FutureTask.java:328)
at java.base/java.util.concurrent.ThreadPoolExecutor.runWorker(ThreadPoolExecutor.java:1095)
at java.base/java.util.concurrent.ThreadPoolExecutor$Worker.run(ThreadPoolExecutor.java:619)
at java.base/java.lang.Thread.run(Thread.java:1447)
... Removed 18 stack frames]]>
    </failure>
  </testcase> <!-- Previous_Button_Functionality_Validation -->
  <testcase classname="com.wasim.major_project.ApprovedPolicyHolders" name="Previous_Button_Functionality_Validation" time="0.021">
    <failure type="java.lang.AssertionError" message="Previous button is NOT present on the page. expected [true] but found [false]">
      <![CDATA[java.lang.AssertionError: Previous button is NOT present on the page. expected [true] but found [false]
at com.wasim.major_project.ApprovedPolicyHolders.Previous_Button_Functionality_Validation(ApprovedPolicyHolders.java:535)
at java.base/java.util.ArrayList.forEach(ArrayList.java:1604)
at java.base/java.util.concurrent.FutureTask.run(FutureTask.java:328)
at java.base/java.util.concurrent.ThreadPoolExecutor.runWorker(ThreadPoolExecutor.java:1095)
at java.base/java.util.concurrent.ThreadPoolExecutor$Worker.run(ThreadPoolExecutor.java:619)
at java.base/java.lang.Thread.run(Thread.java:1447)
... Removed 18 stack frames]]>
    </failure>
  </testcase> <!-- Previous_Button_Functionality_Validation -->
  <testcase classname="com.wasim.major_project.AppliedPolicyHolders" name="Next_Button_Functionality_Validation" time="0.121">
    <failure type="java.lang.AssertionError" message="The following asserts failed:
	expected [NEXT] but found [...]">
      <![CDATA[java.lang.AssertionError: The following asserts failed:
expected [NEXT] but found [...]
at com.wasim.major_project.AppliedPolicyHolders.Next_Button_Functionality_Validation(AppliedPolicyHolders.java:610)
at java.base/java.util.ArrayList.forEach(ArrayList.java:1604)
at java.base/java.util.concurrent.FutureTask.run(FutureTask.java:328)
at java.base/java.util.concurrent.ThreadPoolExecutor.runWorker(ThreadPoolExecutor.java:1095)
at java.base/java.util.concurrent.ThreadPoolExecutor$Worker.run(ThreadPoolExecutor.java:619)
at java.base/java.lang.Thread.run(Thread.java:1447)
... Removed 17 stack frames]]>
    </failure>
  </testcase> <!-- Next_Button_Functionality_Validation -->
  <testcase classname="com.wasim.major_project.ApprovedPolicyHolders" name="Next_Button_Functionality_Validation" time="0.076">
    <failure type="java.lang.AssertionError" message="Previous button is NOT present on the page. expected [true] but found [false]">
      <![CDATA[java.lang.AssertionError: Previous button is NOT present on the page. expected [true] but found [false]
at com.wasim.major_project.ApprovedPolicyHolders.Next_Button_Functionality_Validation(ApprovedPolicyHolders.java:551)
at java.base/java.util.ArrayList.forEach(ArrayList.java:1604)
at java.base/java.util.concurrent.FutureTask.run(FutureTask.java:328)
at java.base/java.util.concurrent.ThreadPoolExecutor.runWorker(ThreadPoolExecutor.java:1095)
at java.base/java.util.concurrent.ThreadPoolExecutor$Worker.run(ThreadPoolExecutor.java:619)
at java.base/java.lang.Thread.run(Thread.java:1447)
... Removed 18 stack frames]]>
    </failure>
  </testcase> <!-- Next_Button_Functionality_Validation -->
  <testcase classname="com.wasim.major_project.AppliedPolicyHolders" name="ScrollUpbuttonFunctionalityValidation" time="1.653"/>
  <testcase classname="com.wasim.major_project.ApprovedPolicyHolders" name="ScrollUpbuttonFunctionalityValidation" time="1.74"/>
  <testcase classname="com.wasim.major_project.BaseTest" name="@AfterSuite tearDown" time="0.0">
    <ignored/>
  </testcase> <!-- @AfterSuite tearDown -->
</testsuite> <!-- chromeTest -->
