<?xml version="1.0" encoding="UTF-8"?>
<testng-results ignored="0" total="92" passed="68" failed="24" skipped="0">
  <reporter-output>
  </reporter-output>
  <suite started-at="2026-02-17T17:33:31 IST" name="Suite" finished-at="2026-02-17T17:36:47 IST" duration-ms="195629">
    <groups>
    </groups>
    <test started-at="2026-02-17T17:33:31 IST" name="chromeTest" finished-at="2026-02-17T17:35:08 IST" duration-ms="97026">
      <class name="com.wasim.major_project.ApprovedPolicyHolders">
        <test-method is-config="true" signature="setUp(java.lang.String)[pri:0, instance:com.wasim.major_project.ApprovedPolicyHolders@49e53c76]" started-at="2026-02-17T17:33:39 IST" name="setUp" finished-at="2026-02-17T17:33:45 IST" duration-ms="5955" status="PASS">
          <params>
            <param index="0">
              <value>
                <![CDATA[chrome]]>
              </value>
            </param>
          </params>
          <reporter-output>
          </reporter-output>
        </test-method> <!-- setUp -->
        <test-method is-config="true" signature="navigateToAppliedPolicyHolders()[pri:0, instance:com.wasim.major_project.ApprovedPolicyHolders@49e53c76]" started-at="2026-02-17T17:33:45 IST" name="navigateToAppliedPolicyHolders" finished-at="2026-02-17T17:33:48 IST" duration-ms="2321" status="PASS">
          <reporter-output>
          </reporter-output>
        </test-method> <!-- navigateToAppliedPolicyHolders -->
        <test-method signature="Search_Button_Functionality_Validation()[pri:0, instance:com.wasim.major_project.ApprovedPolicyHolders@49e53c76]" started-at="2026-02-17T17:33:48 IST" name="Search_Button_Functionality_Validation" finished-at="2026-02-17T17:33:49 IST" duration-ms="1166" status="PASS">
          <reporter-output>
          </reporter-output>
        </test-method> <!-- Search_Button_Functionality_Validation -->
        <test-method is-config="true" signature="navigateToAppliedPolicyHolders()[pri:0, instance:com.wasim.major_project.ApprovedPolicyHolders@49e53c76]" started-at="2026-02-17T17:33:50 IST" name="navigateToAppliedPolicyHolders" finished-at="2026-02-17T17:33:51 IST" duration-ms="846" status="PASS">
          <reporter-output>
          </reporter-output>
        </test-method> <!-- navigateToAppliedPolicyHolders -->
        <test-method signature="validatePageHeaderUi()[pri:0, instance:com.wasim.major_project.ApprovedPolicyHolders@49e53c76]" started-at="2026-02-17T17:33:51 IST" name="validatePageHeaderUi" finished-at="2026-02-17T17:33:51 IST" duration-ms="65" status="PASS">
          <reporter-output>
          </reporter-output>
        </test-method> <!-- validatePageHeaderUi -->
        <test-method is-config="true" signature="navigateToAppliedPolicyHolders()[pri:0, instance:com.wasim.major_project.ApprovedPolicyHolders@49e53c76]" started-at="2026-02-17T17:33:53 IST" name="navigateToAppliedPolicyHolders" finished-at="2026-02-17T17:33:54 IST" duration-ms="782" status="PASS">
          <reporter-output>
          </reporter-output>
        </test-method> <!-- navigateToAppliedPolicyHolders -->
        <test-method signature="validateBreadcrumbUI()[pri:1, instance:com.wasim.major_project.ApprovedPolicyHolders@49e53c76]" started-at="2026-02-17T17:33:54 IST" name="validateBreadcrumbUI" finished-at="2026-02-17T17:33:54 IST" duration-ms="238" status="PASS">
          <reporter-output>
          </reporter-output>
        </test-method> <!-- validateBreadcrumbUI -->
        <test-method is-config="true" signature="navigateToAppliedPolicyHolders()[pri:0, instance:com.wasim.major_project.ApprovedPolicyHolders@49e53c76]" started-at="2026-02-17T17:33:56 IST" name="navigateToAppliedPolicyHolders" finished-at="2026-02-17T17:33:57 IST" duration-ms="1203" status="PASS">
          <reporter-output>
          </reporter-output>
        </test-method> <!-- navigateToAppliedPolicyHolders -->
        <test-method signature="validateCustomerNameDropdownUI()[pri:2, instance:com.wasim.major_project.ApprovedPolicyHolders@49e53c76]" started-at="2026-02-17T17:33:57 IST" name="validateCustomerNameDropdownUI" finished-at="2026-02-17T17:33:58 IST" duration-ms="314" status="PASS">
          <reporter-output>
          </reporter-output>
        </test-method> <!-- validateCustomerNameDropdownUI -->
        <test-method is-config="true" signature="navigateToAppliedPolicyHolders()[pri:0, instance:com.wasim.major_project.ApprovedPolicyHolders@49e53c76]" started-at="2026-02-17T17:33:58 IST" name="navigateToAppliedPolicyHolders" finished-at="2026-02-17T17:33:59 IST" duration-ms="1226" status="PASS">
          <reporter-output>
          </reporter-output>
        </test-method> <!-- navigateToAppliedPolicyHolders -->
        <test-method signature="validateSubCategoryDropdownUI()[pri:2, instance:com.wasim.major_project.ApprovedPolicyHolders@49e53c76]" started-at="2026-02-17T17:33:59 IST" name="validateSubCategoryDropdownUI" finished-at="2026-02-17T17:33:59 IST" duration-ms="228" status="PASS">
          <reporter-output>
          </reporter-output>
        </test-method> <!-- validateSubCategoryDropdownUI -->
        <test-method is-config="true" signature="navigateToAppliedPolicyHolders()[pri:0, instance:com.wasim.major_project.ApprovedPolicyHolders@49e53c76]" started-at="2026-02-17T17:34:01 IST" name="navigateToAppliedPolicyHolders" finished-at="2026-02-17T17:34:02 IST" duration-ms="1145" status="PASS">
          <reporter-output>
          </reporter-output>
        </test-method> <!-- navigateToAppliedPolicyHolders -->
        <test-method signature="Policy_Status_Filter_UI_Validation()[pri:3, instance:com.wasim.major_project.ApprovedPolicyHolders@49e53c76]" started-at="2026-02-17T17:34:02 IST" name="Policy_Status_Filter_UI_Validation" finished-at="2026-02-17T17:34:04 IST" duration-ms="1370" status="PASS">
          <reporter-output>
          </reporter-output>
        </test-method> <!-- Policy_Status_Filter_UI_Validation -->
        <test-method is-config="true" signature="navigateToAppliedPolicyHolders()[pri:0, instance:com.wasim.major_project.ApprovedPolicyHolders@49e53c76]" started-at="2026-02-17T17:34:05 IST" name="navigateToAppliedPolicyHolders" finished-at="2026-02-17T17:34:06 IST" duration-ms="690" status="PASS">
          <reporter-output>
          </reporter-output>
        </test-method> <!-- navigateToAppliedPolicyHolders -->
        <test-method signature="searchButtonUi()[pri:4, instance:com.wasim.major_project.ApprovedPolicyHolders@49e53c76]" started-at="2026-02-17T17:34:06 IST" name="searchButtonUi" finished-at="2026-02-17T17:34:06 IST" duration-ms="128" status="PASS">
          <reporter-output>
          </reporter-output>
        </test-method> <!-- searchButtonUi -->
        <test-method is-config="true" signature="navigateToAppliedPolicyHolders()[pri:0, instance:com.wasim.major_project.ApprovedPolicyHolders@49e53c76]" started-at="2026-02-17T17:34:07 IST" name="navigateToAppliedPolicyHolders" finished-at="2026-02-17T17:34:08 IST" duration-ms="1110" status="PASS">
          <reporter-output>
          </reporter-output>
        </test-method> <!-- navigateToAppliedPolicyHolders -->
        <test-method signature="resetButtonUi()[pri:5, instance:com.wasim.major_project.ApprovedPolicyHolders@49e53c76]" started-at="2026-02-17T17:34:08 IST" name="resetButtonUi" finished-at="2026-02-17T17:34:08 IST" duration-ms="95" status="PASS">
          <reporter-output>
          </reporter-output>
        </test-method> <!-- resetButtonUi -->
        <test-method is-config="true" signature="navigateToAppliedPolicyHolders()[pri:0, instance:com.wasim.major_project.ApprovedPolicyHolders@49e53c76]" started-at="2026-02-17T17:34:10 IST" name="navigateToAppliedPolicyHolders" finished-at="2026-02-17T17:34:11 IST" duration-ms="772" status="PASS">
          <reporter-output>
          </reporter-output>
        </test-method> <!-- navigateToAppliedPolicyHolders -->
        <test-method signature="validateTableHeadersUI()[pri:6, instance:com.wasim.major_project.ApprovedPolicyHolders@49e53c76]" started-at="2026-02-17T17:34:11 IST" name="validateTableHeadersUI" finished-at="2026-02-17T17:34:11 IST" duration-ms="439" status="PASS">
          <reporter-output>
          </reporter-output>
        </test-method> <!-- validateTableHeadersUI -->
        <test-method is-config="true" signature="navigateToAppliedPolicyHolders()[pri:0, instance:com.wasim.major_project.ApprovedPolicyHolders@49e53c76]" started-at="2026-02-17T17:34:15 IST" name="navigateToAppliedPolicyHolders" finished-at="2026-02-17T17:34:16 IST" duration-ms="1152" status="PASS">
          <reporter-output>
          </reporter-output>
        </test-method> <!-- navigateToAppliedPolicyHolders -->
        <test-method signature="paginationNumberValidationUI()[pri:9, instance:com.wasim.major_project.ApprovedPolicyHolders@49e53c76]" started-at="2026-02-17T17:34:16 IST" name="paginationNumberValidationUI" finished-at="2026-02-17T17:34:16 IST" duration-ms="675" status="PASS">
          <reporter-output>
          </reporter-output>
        </test-method> <!-- paginationNumberValidationUI -->
        <test-method is-config="true" signature="navigateToAppliedPolicyHolders()[pri:0, instance:com.wasim.major_project.ApprovedPolicyHolders@49e53c76]" started-at="2026-02-17T17:34:17 IST" name="navigateToAppliedPolicyHolders" finished-at="2026-02-17T17:34:18 IST" duration-ms="1063" status="PASS">
          <reporter-output>
          </reporter-output>
        </test-method> <!-- navigateToAppliedPolicyHolders -->
        <test-method signature="Previous_Button_UI_Validation()[pri:10, instance:com.wasim.major_project.ApprovedPolicyHolders@49e53c76]" started-at="2026-02-17T17:34:18 IST" name="Previous_Button_UI_Validation" finished-at="2026-02-17T17:34:18 IST" duration-ms="46" status="FAIL">
          <exception class="java.lang.AssertionError">
            <message>
              <![CDATA[Previous button is NOT present on the page. expected [true] but found [false]]]>
            </message>
            <full-stacktrace>
              <![CDATA[java.lang.AssertionError: Previous button is NOT present on the page. expected [true] but found [false]
at org.testng.Assert.fail(Assert.java:111)
at org.testng.Assert.failNotEquals(Assert.java:1590)
at org.testng.Assert.assertTrue(Assert.java:57)
at com.wasim.major_project.ApprovedPolicyHolders.Previous_Button_UI_Validation(ApprovedPolicyHolders.java:234)
at java.base/jdk.internal.reflect.DirectMethodHandleAccessor.invoke(DirectMethodHandleAccessor.java:104)
at java.base/java.lang.reflect.Method.invoke(Method.java:565)
at org.testng.internal.invokers.MethodInvocationHelper.invokeMethod(MethodInvocationHelper.java:141)
at org.testng.internal.invokers.TestInvoker.invokeMethod(TestInvoker.java:697)
at org.testng.internal.invokers.TestInvoker.invokeTestMethod(TestInvoker.java:230)
at org.testng.internal.invokers.MethodRunner.runInSequence(MethodRunner.java:63)
at org.testng.internal.invokers.TestInvoker$MethodInvocationAgent.invoke(TestInvoker.java:1005)
at org.testng.internal.invokers.TestInvoker.invokeTestMethods(TestInvoker.java:203)
at org.testng.internal.invokers.TestMethodWorker.invokeTestMethods(TestMethodWorker.java:154)
at org.testng.internal.invokers.TestMethodWorker.run(TestMethodWorker.java:134)
at java.base/java.util.ArrayList.forEach(ArrayList.java:1604)
at org.testng.TestRunner.privateRun(TestRunner.java:744)
at org.testng.TestRunner.run(TestRunner.java:616)
at org.testng.SuiteRunner.runTest(SuiteRunner.java:421)
at org.testng.SuiteRunner$SuiteWorker.run(SuiteRunner.java:463)
at org.testng.internal.thread.ThreadUtil.lambda$execute$0(ThreadUtil.java:64)
at java.base/java.util.concurrent.FutureTask.run(FutureTask.java:328)
at java.base/java.util.concurrent.ThreadPoolExecutor.runWorker(ThreadPoolExecutor.java:1095)
at java.base/java.util.concurrent.ThreadPoolExecutor$Worker.run(ThreadPoolExecutor.java:619)
at java.base/java.lang.Thread.run(Thread.java:1447)
]]>
            </full-stacktrace>
          </exception> <!-- java.lang.AssertionError -->
          <reporter-output>
          </reporter-output>
        </test-method> <!-- Previous_Button_UI_Validation -->
        <test-method is-config="true" signature="navigateToAppliedPolicyHolders()[pri:0, instance:com.wasim.major_project.ApprovedPolicyHolders@49e53c76]" started-at="2026-02-17T17:34:19 IST" name="navigateToAppliedPolicyHolders" finished-at="2026-02-17T17:34:20 IST" duration-ms="1124" status="PASS">
          <reporter-output>
          </reporter-output>
        </test-method> <!-- navigateToAppliedPolicyHolders -->
        <test-method signature="Next_Button_UI_Validation()[pri:11, instance:com.wasim.major_project.ApprovedPolicyHolders@49e53c76]" started-at="2026-02-17T17:34:20 IST" name="Next_Button_UI_Validation" finished-at="2026-02-17T17:34:20 IST" duration-ms="36" status="FAIL">
          <exception class="java.lang.AssertionError">
            <message>
              <![CDATA[Next button is NOT present on the page. expected [true] but found [false]]]>
            </message>
            <full-stacktrace>
              <![CDATA[java.lang.AssertionError: Next button is NOT present on the page. expected [true] but found [false]
at org.testng.Assert.fail(Assert.java:111)
at org.testng.Assert.failNotEquals(Assert.java:1590)
at org.testng.Assert.assertTrue(Assert.java:57)
at com.wasim.major_project.ApprovedPolicyHolders.Next_Button_UI_Validation(ApprovedPolicyHolders.java:250)
at java.base/jdk.internal.reflect.DirectMethodHandleAccessor.invoke(DirectMethodHandleAccessor.java:104)
at java.base/java.lang.reflect.Method.invoke(Method.java:565)
at org.testng.internal.invokers.MethodInvocationHelper.invokeMethod(MethodInvocationHelper.java:141)
at org.testng.internal.invokers.TestInvoker.invokeMethod(TestInvoker.java:697)
at org.testng.internal.invokers.TestInvoker.invokeTestMethod(TestInvoker.java:230)
at org.testng.internal.invokers.MethodRunner.runInSequence(MethodRunner.java:63)
at org.testng.internal.invokers.TestInvoker$MethodInvocationAgent.invoke(TestInvoker.java:1005)
at org.testng.internal.invokers.TestInvoker.invokeTestMethods(TestInvoker.java:203)
at org.testng.internal.invokers.TestMethodWorker.invokeTestMethods(TestMethodWorker.java:154)
at org.testng.internal.invokers.TestMethodWorker.run(TestMethodWorker.java:134)
at java.base/java.util.ArrayList.forEach(ArrayList.java:1604)
at org.testng.TestRunner.privateRun(TestRunner.java:744)
at org.testng.TestRunner.run(TestRunner.java:616)
at org.testng.SuiteRunner.runTest(SuiteRunner.java:421)
at org.testng.SuiteRunner$SuiteWorker.run(SuiteRunner.java:463)
at org.testng.internal.thread.ThreadUtil.lambda$execute$0(ThreadUtil.java:64)
at java.base/java.util.concurrent.FutureTask.run(FutureTask.java:328)
at java.base/java.util.concurrent.ThreadPoolExecutor.runWorker(ThreadPoolExecutor.java:1095)
at java.base/java.util.concurrent.ThreadPoolExecutor$Worker.run(ThreadPoolExecutor.java:619)
at java.base/java.lang.Thread.run(Thread.java:1447)
]]>
            </full-stacktrace>
          </exception> <!-- java.lang.AssertionError -->
          <reporter-output>
          </reporter-output>
        </test-method> <!-- Next_Button_UI_Validation -->
        <test-method is-config="true" signature="navigateToAppliedPolicyHolders()[pri:0, instance:com.wasim.major_project.ApprovedPolicyHolders@49e53c76]" started-at="2026-02-17T17:34:21 IST" name="navigateToAppliedPolicyHolders" finished-at="2026-02-17T17:34:22 IST" duration-ms="1098" status="PASS">
          <reporter-output>
          </reporter-output>
        </test-method> <!-- navigateToAppliedPolicyHolders -->
        <test-method signature="scrollUpButtonUI()[pri:12, instance:com.wasim.major_project.ApprovedPolicyHolders@49e53c76]" started-at="2026-02-17T17:34:22 IST" name="scrollUpButtonUI" finished-at="2026-02-17T17:34:23 IST" duration-ms="96" status="PASS">
          <reporter-output>
          </reporter-output>
        </test-method> <!-- scrollUpButtonUI -->
        <test-method is-config="true" signature="navigateToAppliedPolicyHolders()[pri:0, instance:com.wasim.major_project.ApprovedPolicyHolders@49e53c76]" started-at="2026-02-17T17:34:24 IST" name="navigateToAppliedPolicyHolders" finished-at="2026-02-17T17:34:25 IST" duration-ms="1150" status="PASS">
          <reporter-output>
          </reporter-output>
        </test-method> <!-- navigateToAppliedPolicyHolders -->
        <test-method signature="validateHeaderandBreadcrumbFunctionality()[pri:13, instance:com.wasim.major_project.ApprovedPolicyHolders@49e53c76]" started-at="2026-02-17T17:34:25 IST" name="validateHeaderandBreadcrumbFunctionality" finished-at="2026-02-17T17:34:26 IST" duration-ms="934" status="PASS">
          <reporter-output>
          </reporter-output>
        </test-method> <!-- validateHeaderandBreadcrumbFunctionality -->
        <test-method is-config="true" signature="navigateToAppliedPolicyHolders()[pri:0, instance:com.wasim.major_project.ApprovedPolicyHolders@49e53c76]" started-at="2026-02-17T17:34:27 IST" name="navigateToAppliedPolicyHolders" finished-at="2026-02-17T17:34:29 IST" duration-ms="1219" status="PASS">
          <reporter-output>
          </reporter-output>
        </test-method> <!-- navigateToAppliedPolicyHolders -->
        <test-method signature="validateCustomerNameDropdownFunctionality()[pri:14, instance:com.wasim.major_project.ApprovedPolicyHolders@49e53c76]" started-at="2026-02-17T17:34:29 IST" name="validateCustomerNameDropdownFunctionality" finished-at="2026-02-17T17:34:29 IST" duration-ms="587" status="PASS">
          <reporter-output>
          </reporter-output>
        </test-method> <!-- validateCustomerNameDropdownFunctionality -->
        <test-method is-config="true" signature="navigateToAppliedPolicyHolders()[pri:0, instance:com.wasim.major_project.ApprovedPolicyHolders@49e53c76]" started-at="2026-02-17T17:34:31 IST" name="navigateToAppliedPolicyHolders" finished-at="2026-02-17T17:34:33 IST" duration-ms="1381" status="PASS">
          <reporter-output>
          </reporter-output>
        </test-method> <!-- navigateToAppliedPolicyHolders -->
        <test-method signature="vaidateSubCategoryDropdownFunctionality()[pri:15, instance:com.wasim.major_project.ApprovedPolicyHolders@49e53c76]" started-at="2026-02-17T17:34:33 IST" name="vaidateSubCategoryDropdownFunctionality" finished-at="2026-02-17T17:34:33 IST" duration-ms="931" status="PASS">
          <reporter-output>
          </reporter-output>
        </test-method> <!-- vaidateSubCategoryDropdownFunctionality -->
        <test-method is-config="true" signature="navigateToAppliedPolicyHolders()[pri:0, instance:com.wasim.major_project.ApprovedPolicyHolders@49e53c76]" started-at="2026-02-17T17:34:33 IST" name="navigateToAppliedPolicyHolders" finished-at="2026-02-17T17:34:35 IST" duration-ms="1168" status="PASS">
          <reporter-output>
          </reporter-output>
        </test-method> <!-- navigateToAppliedPolicyHolders -->
        <test-method signature="validatePolicyNameDropdownFunctionality()[pri:15, instance:com.wasim.major_project.ApprovedPolicyHolders@49e53c76]" started-at="2026-02-17T17:34:35 IST" name="validatePolicyNameDropdownFunctionality" finished-at="2026-02-17T17:34:36 IST" duration-ms="998" status="PASS">
          <reporter-output>
          </reporter-output>
        </test-method> <!-- validatePolicyNameDropdownFunctionality -->
        <test-method is-config="true" signature="navigateToAppliedPolicyHolders()[pri:0, instance:com.wasim.major_project.ApprovedPolicyHolders@49e53c76]" started-at="2026-02-17T17:34:39 IST" name="navigateToAppliedPolicyHolders" finished-at="2026-02-17T17:34:40 IST" duration-ms="1178" status="PASS">
          <reporter-output>
          </reporter-output>
        </test-method> <!-- navigateToAppliedPolicyHolders -->
        <test-method signature="ResetButtonFunctionalityValidation()[pri:17, instance:com.wasim.major_project.ApprovedPolicyHolders@49e53c76]" started-at="2026-02-17T17:34:40 IST" name="ResetButtonFunctionalityValidation" finished-at="2026-02-17T17:34:42 IST" duration-ms="1501" status="FAIL">
          <exception class="org.openqa.selenium.NoSuchElementException">
            <message>
              <![CDATA[no such element: Unable to locate element: {"method":"xpath","selector":"//label[normalize-space()='Policy Status']/ancestor::*[self::div or self::td][1]//span[contains(@class,'select2-selection')]"}
  (Session info: chrome=142.0.7444.176)
For documentation on this error, please visit: https://www.selenium.dev/documentation/webdriver/troubleshooting/errors#nosuchelementexception
Build info: version: '4.39.0', revision: '126f156aee'
System info: os.name: 'Windows 11', os.arch: 'amd64', os.version: '10.0', java.version: '24.0.1'
Driver info: org.openqa.selenium.chrome.ChromeDriver
Command: [be2919535464639c68d18e07c6e723ef, findElement {using=xpath, value=//label[normalize-space()='Policy Status']/ancestor::*[self::div or self::td][1]//span[contains(@class,'select2-selection')]}]
Capabilities {acceptInsecureCerts: false, browserName: chrome, browserVersion: 142.0.7444.176, chrome: {chromedriverVersion: 142.0.7444.175 (302067f14a4..., userDataDir: C:\Users\2461439\AppData\Lo...}, fedcm:accounts: true, goog:chromeOptions: {debuggerAddress: localhost:49677}, goog:processID: 26660, networkConnectionEnabled: false, pageLoadStrategy: normal, platformName: windows, proxy: Proxy(), se:cdp: ws://localhost:49677/devtoo..., se:cdpVersion: 142.0.7444.176, setWindowRect: true, strictFileInteractability: false, timeouts: {implicit: 0, pageLoad: 300000, script: 30000}, unhandledPromptBehavior: dismiss and notify, webauthn:extension:credBlob: true, webauthn:extension:largeBlob: true, webauthn:extension:minPinLength: true, webauthn:extension:prf: true, webauthn:virtualAuthenticators: true}
Session ID: be2919535464639c68d18e07c6e723ef]]>
            </message>
            <full-stacktrace>
              <![CDATA[org.openqa.selenium.NoSuchElementException: no such element: Unable to locate element: {"method":"xpath","selector":"//label[normalize-space()='Policy Status']/ancestor::*[self::div or self::td][1]//span[contains(@class,'select2-selection')]"}
  (Session info: chrome=142.0.7444.176)
For documentation on this error, please visit: https://www.selenium.dev/documentation/webdriver/troubleshooting/errors#nosuchelementexception
Build info: version: '4.39.0', revision: '126f156aee'
System info: os.name: 'Windows 11', os.arch: 'amd64', os.version: '10.0', java.version: '24.0.1'
Driver info: org.openqa.selenium.chrome.ChromeDriver
Command: [be2919535464639c68d18e07c6e723ef, findElement {using=xpath, value=//label[normalize-space()='Policy Status']/ancestor::*[self::div or self::td][1]//span[contains(@class,'select2-selection')]}]
Capabilities {acceptInsecureCerts: false, browserName: chrome, browserVersion: 142.0.7444.176, chrome: {chromedriverVersion: 142.0.7444.175 (302067f14a4..., userDataDir: C:\Users\2461439\AppData\Lo...}, fedcm:accounts: true, goog:chromeOptions: {debuggerAddress: localhost:49677}, goog:processID: 26660, networkConnectionEnabled: false, pageLoadStrategy: normal, platformName: windows, proxy: Proxy(), se:cdp: ws://localhost:49677/devtoo..., se:cdpVersion: 142.0.7444.176, setWindowRect: true, strictFileInteractability: false, timeouts: {implicit: 0, pageLoad: 300000, script: 30000}, unhandledPromptBehavior: dismiss and notify, webauthn:extension:credBlob: true, webauthn:extension:largeBlob: true, webauthn:extension:minPinLength: true, webauthn:extension:prf: true, webauthn:virtualAuthenticators: true}
Session ID: be2919535464639c68d18e07c6e723ef
at java.base/jdk.internal.reflect.DirectConstructorHandleAccessor.newInstance(DirectConstructorHandleAccessor.java:62)
at java.base/java.lang.reflect.Constructor.newInstanceWithCaller(Constructor.java:499)
at java.base/java.lang.reflect.Constructor.newInstance(Constructor.java:483)
at org.openqa.selenium.remote.ErrorCodec.decode(ErrorCodec.java:167)
at org.openqa.selenium.remote.codec.w3c.W3CHttpResponseCodec.decode(W3CHttpResponseCodec.java:142)
at org.openqa.selenium.remote.codec.w3c.W3CHttpResponseCodec.decode(W3CHttpResponseCodec.java:49)
at org.openqa.selenium.remote.HttpCommandExecutor.execute(HttpCommandExecutor.java:215)
at org.openqa.selenium.remote.service.DriverCommandExecutor.invokeExecute(DriverCommandExecutor.java:216)
at org.openqa.selenium.remote.service.DriverCommandExecutor.execute(DriverCommandExecutor.java:174)
at org.openqa.selenium.remote.RemoteWebDriver.execute(RemoteWebDriver.java:561)
at org.openqa.selenium.remote.ElementLocation$ElementFinder$2.findElement(ElementLocation.java:166)
at org.openqa.selenium.remote.ElementLocation.findElement(ElementLocation.java:60)
at org.openqa.selenium.remote.RemoteWebDriver.findElement(RemoteWebDriver.java:384)
at org.openqa.selenium.remote.RemoteWebDriver.findElement(RemoteWebDriver.java:378)
at com.wasim.major_project.ApprovedPolicyHolders.lambda$3(ApprovedPolicyHolders.java:434)
at com.wasim.major_project.ApprovedPolicyHolders.ResetButtonFunctionalityValidation(ApprovedPolicyHolders.java:474)
at java.base/jdk.internal.reflect.DirectMethodHandleAccessor.invoke(DirectMethodHandleAccessor.java:104)
at java.base/java.lang.reflect.Method.invoke(Method.java:565)
at org.testng.internal.invokers.MethodInvocationHelper.invokeMethod(MethodInvocationHelper.java:141)
at org.testng.internal.invokers.TestInvoker.invokeMethod(TestInvoker.java:697)
at org.testng.internal.invokers.TestInvoker.invokeTestMethod(TestInvoker.java:230)
at org.testng.internal.invokers.MethodRunner.runInSequence(MethodRunner.java:63)
at org.testng.internal.invokers.TestInvoker$MethodInvocationAgent.invoke(TestInvoker.java:1005)
at org.testng.internal.invokers.TestInvoker.invokeTestMethods(TestInvoker.java:203)
at org.testng.internal.invokers.TestMethodWorker.invokeTestMethods(TestMethodWorker.java:154)
at org.testng.internal.invokers.TestMethodWorker.run(TestMethodWorker.java:134)
at java.base/java.util.ArrayList.forEach(ArrayList.java:1604)
at org.testng.TestRunner.privateRun(TestRunner.java:744)
at org.testng.TestRunner.run(TestRunner.java:616)
at org.testng.SuiteRunner.runTest(SuiteRunner.java:421)
at org.testng.SuiteRunner$SuiteWorker.run(SuiteRunner.java:463)
at org.testng.internal.thread.ThreadUtil.lambda$execute$0(ThreadUtil.java:64)
at java.base/java.util.concurrent.FutureTask.run(FutureTask.java:328)
at java.base/java.util.concurrent.ThreadPoolExecutor.runWorker(ThreadPoolExecutor.java:1095)
at java.base/java.util.concurrent.ThreadPoolExecutor$Worker.run(ThreadPoolExecutor.java:619)
at java.base/java.lang.Thread.run(Thread.java:1447)
]]>
            </full-stacktrace>
          </exception> <!-- org.openqa.selenium.NoSuchElementException -->
          <reporter-output>
          </reporter-output>
        </test-method> <!-- ResetButtonFunctionalityValidation -->
        <test-method is-config="true" signature="navigateToAppliedPolicyHolders()[pri:0, instance:com.wasim.major_project.ApprovedPolicyHolders@49e53c76]" started-at="2026-02-17T17:34:57 IST" name="navigateToAppliedPolicyHolders" finished-at="2026-02-17T17:34:58 IST" duration-ms="1315" status="PASS">
          <reporter-output>
          </reporter-output>
        </test-method> <!-- navigateToAppliedPolicyHolders -->
        <test-method signature="paginationNumberValidationFunctionality()[pri:21, instance:com.wasim.major_project.ApprovedPolicyHolders@49e53c76]" started-at="2026-02-17T17:34:58 IST" name="paginationNumberValidationFunctionality" finished-at="2026-02-17T17:34:59 IST" duration-ms="632" status="PASS">
          <reporter-output>
          </reporter-output>
        </test-method> <!-- paginationNumberValidationFunctionality -->
        <test-method is-config="true" signature="navigateToAppliedPolicyHolders()[pri:0, instance:com.wasim.major_project.ApprovedPolicyHolders@49e53c76]" started-at="2026-02-17T17:34:59 IST" name="navigateToAppliedPolicyHolders" finished-at="2026-02-17T17:35:01 IST" duration-ms="1191" status="PASS">
          <reporter-output>
          </reporter-output>
        </test-method> <!-- navigateToAppliedPolicyHolders -->
        <test-method signature="Previous_Button_Functionality_Validation()[pri:22, instance:com.wasim.major_project.ApprovedPolicyHolders@49e53c76]" started-at="2026-02-17T17:35:01 IST" name="Previous_Button_Functionality_Validation" finished-at="2026-02-17T17:35:01 IST" duration-ms="21" status="FAIL">
          <exception class="java.lang.AssertionError">
            <message>
              <![CDATA[Previous button is NOT present on the page. expected [true] but found [false]]]>
            </message>
            <full-stacktrace>
              <![CDATA[java.lang.AssertionError: Previous button is NOT present on the page. expected [true] but found [false]
at org.testng.Assert.fail(Assert.java:111)
at org.testng.Assert.failNotEquals(Assert.java:1590)
at org.testng.Assert.assertTrue(Assert.java:57)
at com.wasim.major_project.ApprovedPolicyHolders.Previous_Button_Functionality_Validation(ApprovedPolicyHolders.java:535)
at java.base/jdk.internal.reflect.DirectMethodHandleAccessor.invoke(DirectMethodHandleAccessor.java:104)
at java.base/java.lang.reflect.Method.invoke(Method.java:565)
at org.testng.internal.invokers.MethodInvocationHelper.invokeMethod(MethodInvocationHelper.java:141)
at org.testng.internal.invokers.TestInvoker.invokeMethod(TestInvoker.java:697)
at org.testng.internal.invokers.TestInvoker.invokeTestMethod(TestInvoker.java:230)
at org.testng.internal.invokers.MethodRunner.runInSequence(MethodRunner.java:63)
at org.testng.internal.invokers.TestInvoker$MethodInvocationAgent.invoke(TestInvoker.java:1005)
at org.testng.internal.invokers.TestInvoker.invokeTestMethods(TestInvoker.java:203)
at org.testng.internal.invokers.TestMethodWorker.invokeTestMethods(TestMethodWorker.java:154)
at org.testng.internal.invokers.TestMethodWorker.run(TestMethodWorker.java:134)
at java.base/java.util.ArrayList.forEach(ArrayList.java:1604)
at org.testng.TestRunner.privateRun(TestRunner.java:744)
at org.testng.TestRunner.run(TestRunner.java:616)
at org.testng.SuiteRunner.runTest(SuiteRunner.java:421)
at org.testng.SuiteRunner$SuiteWorker.run(SuiteRunner.java:463)
at org.testng.internal.thread.ThreadUtil.lambda$execute$0(ThreadUtil.java:64)
at java.base/java.util.concurrent.FutureTask.run(FutureTask.java:328)
at java.base/java.util.concurrent.ThreadPoolExecutor.runWorker(ThreadPoolExecutor.java:1095)
at java.base/java.util.concurrent.ThreadPoolExecutor$Worker.run(ThreadPoolExecutor.java:619)
at java.base/java.lang.Thread.run(Thread.java:1447)
]]>
            </full-stacktrace>
          </exception> <!-- java.lang.AssertionError -->
          <reporter-output>
          </reporter-output>
        </test-method> <!-- Previous_Button_Functionality_Validation -->
        <test-method is-config="true" signature="navigateToAppliedPolicyHolders()[pri:0, instance:com.wasim.major_project.ApprovedPolicyHolders@49e53c76]" started-at="2026-02-17T17:35:01 IST" name="navigateToAppliedPolicyHolders" finished-at="2026-02-17T17:35:03 IST" duration-ms="1455" status="PASS">
          <reporter-output>
          </reporter-output>
        </test-method> <!-- navigateToAppliedPolicyHolders -->
        <test-method signature="Next_Button_Functionality_Validation()[pri:23, instance:com.wasim.major_project.ApprovedPolicyHolders@49e53c76]" started-at="2026-02-17T17:35:03 IST" name="Next_Button_Functionality_Validation" finished-at="2026-02-17T17:35:03 IST" duration-ms="76" status="FAIL">
          <exception class="java.lang.AssertionError">
            <message>
              <![CDATA[Previous button is NOT present on the page. expected [true] but found [false]]]>
            </message>
            <full-stacktrace>
              <![CDATA[java.lang.AssertionError: Previous button is NOT present on the page. expected [true] but found [false]
at org.testng.Assert.fail(Assert.java:111)
at org.testng.Assert.failNotEquals(Assert.java:1590)
at org.testng.Assert.assertTrue(Assert.java:57)
at com.wasim.major_project.ApprovedPolicyHolders.Next_Button_Functionality_Validation(ApprovedPolicyHolders.java:551)
at java.base/jdk.internal.reflect.DirectMethodHandleAccessor.invoke(DirectMethodHandleAccessor.java:104)
at java.base/java.lang.reflect.Method.invoke(Method.java:565)
at org.testng.internal.invokers.MethodInvocationHelper.invokeMethod(MethodInvocationHelper.java:141)
at org.testng.internal.invokers.TestInvoker.invokeMethod(TestInvoker.java:697)
at org.testng.internal.invokers.TestInvoker.invokeTestMethod(TestInvoker.java:230)
at org.testng.internal.invokers.MethodRunner.runInSequence(MethodRunner.java:63)
at org.testng.internal.invokers.TestInvoker$MethodInvocationAgent.invoke(TestInvoker.java:1005)
at org.testng.internal.invokers.TestInvoker.invokeTestMethods(TestInvoker.java:203)
at org.testng.internal.invokers.TestMethodWorker.invokeTestMethods(TestMethodWorker.java:154)
at org.testng.internal.invokers.TestMethodWorker.run(TestMethodWorker.java:134)
at java.base/java.util.ArrayList.forEach(ArrayList.java:1604)
at org.testng.TestRunner.privateRun(TestRunner.java:744)
at org.testng.TestRunner.run(TestRunner.java:616)
at org.testng.SuiteRunner.runTest(SuiteRunner.java:421)
at org.testng.SuiteRunner$SuiteWorker.run(SuiteRunner.java:463)
at org.testng.internal.thread.ThreadUtil.lambda$execute$0(ThreadUtil.java:64)
at java.base/java.util.concurrent.FutureTask.run(FutureTask.java:328)
at java.base/java.util.concurrent.ThreadPoolExecutor.runWorker(ThreadPoolExecutor.java:1095)
at java.base/java.util.concurrent.ThreadPoolExecutor$Worker.run(ThreadPoolExecutor.java:619)
at java.base/java.lang.Thread.run(Thread.java:1447)
]]>
            </full-stacktrace>
          </exception> <!-- java.lang.AssertionError -->
          <reporter-output>
          </reporter-output>
        </test-method> <!-- Next_Button_Functionality_Validation -->
        <test-method is-config="true" signature="navigateToAppliedPolicyHolders()[pri:0, instance:com.wasim.major_project.ApprovedPolicyHolders@49e53c76]" started-at="2026-02-17T17:35:06 IST" name="navigateToAppliedPolicyHolders" finished-at="2026-02-17T17:35:07 IST" duration-ms="1132" status="PASS">
          <reporter-output>
          </reporter-output>
        </test-method> <!-- navigateToAppliedPolicyHolders -->
        <test-method signature="ScrollUpbuttonFunctionalityValidation()[pri:24, instance:com.wasim.major_project.ApprovedPolicyHolders@49e53c76]" started-at="2026-02-17T17:35:07 IST" name="ScrollUpbuttonFunctionalityValidation" finished-at="2026-02-17T17:35:08 IST" duration-ms="1740" status="PASS">
          <reporter-output>
          </reporter-output>
        </test-method> <!-- ScrollUpbuttonFunctionalityValidation -->
      </class> <!-- com.wasim.major_project.ApprovedPolicyHolders -->
      <class name="com.wasim.major_project.AppliedPolicyHolders">
        <test-method is-config="true" signature="setUp(java.lang.String)[pri:0, instance:com.wasim.major_project.AppliedPolicyHolders@f6efaab]" started-at="2026-02-17T17:33:31 IST" name="setUp" finished-at="2026-02-17T17:33:37 IST" duration-ms="5506" status="PASS">
          <params>
            <param index="0">
              <value>
                <![CDATA[chrome]]>
              </value>
            </param>
          </params>
          <reporter-output>
          </reporter-output>
        </test-method> <!-- setUp -->
        <test-method is-config="true" signature="navigateToAppliedPolicyHolders()[pri:0, instance:com.wasim.major_project.AppliedPolicyHolders@f6efaab]" started-at="2026-02-17T17:33:37 IST" name="navigateToAppliedPolicyHolders" finished-at="2026-02-17T17:33:38 IST" duration-ms="1386" status="PASS">
          <reporter-output>
          </reporter-output>
        </test-method> <!-- navigateToAppliedPolicyHolders -->
        <test-method signature="Search_Button_Functionality_Validation()[pri:0, instance:com.wasim.major_project.AppliedPolicyHolders@f6efaab]" started-at="2026-02-17T17:33:38 IST" name="Search_Button_Functionality_Validation" finished-at="2026-02-17T17:33:39 IST" duration-ms="905" status="PASS">
          <reporter-output>
          </reporter-output>
        </test-method> <!-- Search_Button_Functionality_Validation -->
        <test-method is-config="true" signature="navigateToAppliedPolicyHolders()[pri:0, instance:com.wasim.major_project.AppliedPolicyHolders@f6efaab]" started-at="2026-02-17T17:33:49 IST" name="navigateToAppliedPolicyHolders" finished-at="2026-02-17T17:33:50 IST" duration-ms="1428" status="PASS">
          <reporter-output>
          </reporter-output>
        </test-method> <!-- navigateToAppliedPolicyHolders -->
        <test-method signature="validatePageHeaderUi()[pri:0, instance:com.wasim.major_project.AppliedPolicyHolders@f6efaab]" started-at="2026-02-17T17:33:50 IST" name="validatePageHeaderUi" finished-at="2026-02-17T17:33:50 IST" duration-ms="91" status="PASS">
          <reporter-output>
          </reporter-output>
        </test-method> <!-- validatePageHeaderUi -->
        <test-method is-config="true" signature="navigateToAppliedPolicyHolders()[pri:0, instance:com.wasim.major_project.AppliedPolicyHolders@f6efaab]" started-at="2026-02-17T17:33:51 IST" name="navigateToAppliedPolicyHolders" finished-at="2026-02-17T17:33:53 IST" duration-ms="1399" status="PASS">
          <reporter-output>
          </reporter-output>
        </test-method> <!-- navigateToAppliedPolicyHolders -->
        <test-method signature="validateBreadcrumbUI()[pri:1, instance:com.wasim.major_project.AppliedPolicyHolders@f6efaab]" started-at="2026-02-17T17:33:53 IST" name="validateBreadcrumbUI" finished-at="2026-02-17T17:33:53 IST" duration-ms="369" status="FAIL">
          <exception class="java.lang.AssertionError">
            <message>
              <![CDATA[The following asserts failed:
Breadcrumb root mismatch expected [Dashboard] but found [Policy Holders],
Breadcrumb leaf mismatch expected [Applied Policy Holders] but found [View]]]>
            </message>
            <full-stacktrace>
              <![CDATA[java.lang.AssertionError: The following asserts failed:
Breadcrumb root mismatch expected [Dashboard] but found [Policy Holders],
Breadcrumb leaf mismatch expected [Applied Policy Holders] but found [View]
at org.testng.asserts.SoftAssert.assertAll(SoftAssert.java:46)
at org.testng.asserts.SoftAssert.assertAll(SoftAssert.java:30)
at com.wasim.major_project.AppliedPolicyHolders.validateBreadcrumbUI(AppliedPolicyHolders.java:52)
at java.base/jdk.internal.reflect.DirectMethodHandleAccessor.invoke(DirectMethodHandleAccessor.java:104)
at java.base/java.lang.reflect.Method.invoke(Method.java:565)
at org.testng.internal.invokers.MethodInvocationHelper.invokeMethod(MethodInvocationHelper.java:141)
at org.testng.internal.invokers.TestInvoker.invokeMethod(TestInvoker.java:697)
at org.testng.internal.invokers.TestInvoker.invokeTestMethod(TestInvoker.java:230)
at org.testng.internal.invokers.MethodRunner.runInSequence(MethodRunner.java:63)
at org.testng.internal.invokers.TestInvoker$MethodInvocationAgent.invoke(TestInvoker.java:1005)
at org.testng.internal.invokers.TestInvoker.invokeTestMethods(TestInvoker.java:203)
at org.testng.internal.invokers.TestMethodWorker.invokeTestMethods(TestMethodWorker.java:154)
at org.testng.internal.invokers.TestMethodWorker.run(TestMethodWorker.java:134)
at java.base/java.util.ArrayList.forEach(ArrayList.java:1604)
at org.testng.TestRunner.privateRun(TestRunner.java:744)
at org.testng.TestRunner.run(TestRunner.java:616)
at org.testng.SuiteRunner.runTest(SuiteRunner.java:421)
at org.testng.SuiteRunner$SuiteWorker.run(SuiteRunner.java:463)
at org.testng.internal.thread.ThreadUtil.lambda$execute$0(ThreadUtil.java:64)
at java.base/java.util.concurrent.FutureTask.run(FutureTask.java:328)
at java.base/java.util.concurrent.ThreadPoolExecutor.runWorker(ThreadPoolExecutor.java:1095)
at java.base/java.util.concurrent.ThreadPoolExecutor$Worker.run(ThreadPoolExecutor.java:619)
at java.base/java.lang.Thread.run(Thread.java:1447)
]]>
            </full-stacktrace>
          </exception> <!-- java.lang.AssertionError -->
          <reporter-output>
          </reporter-output>
        </test-method> <!-- validateBreadcrumbUI -->
        <test-method is-config="true" signature="navigateToAppliedPolicyHolders()[pri:0, instance:com.wasim.major_project.AppliedPolicyHolders@f6efaab]" started-at="2026-02-17T17:33:54 IST" name="navigateToAppliedPolicyHolders" finished-at="2026-02-17T17:33:55 IST" duration-ms="1319" status="PASS">
          <reporter-output>
          </reporter-output>
        </test-method> <!-- navigateToAppliedPolicyHolders -->
        <test-method signature="validateCustomerNameDropdownUI()[pri:2, instance:com.wasim.major_project.AppliedPolicyHolders@f6efaab]" started-at="2026-02-17T17:33:55 IST" name="validateCustomerNameDropdownUI" finished-at="2026-02-17T17:33:56 IST" duration-ms="648" status="PASS">
          <reporter-output>
          </reporter-output>
        </test-method> <!-- validateCustomerNameDropdownUI -->
        <test-method is-config="true" signature="navigateToAppliedPolicyHolders()[pri:0, instance:com.wasim.major_project.AppliedPolicyHolders@f6efaab]" started-at="2026-02-17T17:33:59 IST" name="navigateToAppliedPolicyHolders" finished-at="2026-02-17T17:34:00 IST" duration-ms="983" status="PASS">
          <reporter-output>
          </reporter-output>
        </test-method> <!-- navigateToAppliedPolicyHolders -->
        <test-method signature="Policy_Status_Filter_UI_Validation()[pri:3, instance:com.wasim.major_project.AppliedPolicyHolders@f6efaab]" started-at="2026-02-17T17:34:00 IST" name="Policy_Status_Filter_UI_Validation" finished-at="2026-02-17T17:34:01 IST" duration-ms="1260" status="PASS">
          <reporter-output>
          </reporter-output>
        </test-method> <!-- Policy_Status_Filter_UI_Validation -->
        <test-method is-config="true" signature="navigateToAppliedPolicyHolders()[pri:0, instance:com.wasim.major_project.AppliedPolicyHolders@f6efaab]" started-at="2026-02-17T17:34:04 IST" name="navigateToAppliedPolicyHolders" finished-at="2026-02-17T17:34:05 IST" duration-ms="1176" status="PASS">
          <reporter-output>
          </reporter-output>
        </test-method> <!-- navigateToAppliedPolicyHolders -->
        <test-method signature="searchButtonUi()[pri:4, instance:com.wasim.major_project.AppliedPolicyHolders@f6efaab]" started-at="2026-02-17T17:34:05 IST" name="searchButtonUi" finished-at="2026-02-17T17:34:05 IST" duration-ms="141" status="PASS">
          <reporter-output>
          </reporter-output>
        </test-method> <!-- searchButtonUi -->
        <test-method is-config="true" signature="navigateToAppliedPolicyHolders()[pri:0, instance:com.wasim.major_project.AppliedPolicyHolders@f6efaab]" started-at="2026-02-17T17:34:06 IST" name="navigateToAppliedPolicyHolders" finished-at="2026-02-17T17:34:07 IST" duration-ms="1173" status="PASS">
          <reporter-output>
          </reporter-output>
        </test-method> <!-- navigateToAppliedPolicyHolders -->
        <test-method signature="resetButtonUi()[pri:5, instance:com.wasim.major_project.AppliedPolicyHolders@f6efaab]" started-at="2026-02-17T17:34:07 IST" name="resetButtonUi" finished-at="2026-02-17T17:34:07 IST" duration-ms="112" status="PASS">
          <reporter-output>
          </reporter-output>
        </test-method> <!-- resetButtonUi -->
        <test-method is-config="true" signature="navigateToAppliedPolicyHolders()[pri:0, instance:com.wasim.major_project.AppliedPolicyHolders@f6efaab]" started-at="2026-02-17T17:34:08 IST" name="navigateToAppliedPolicyHolders" finished-at="2026-02-17T17:34:10 IST" duration-ms="1116" status="PASS">
          <reporter-output>
          </reporter-output>
        </test-method> <!-- navigateToAppliedPolicyHolders -->
        <test-method signature="validateTableHeadersUI()[pri:6, instance:com.wasim.major_project.AppliedPolicyHolders@f6efaab]" started-at="2026-02-17T17:34:10 IST" name="validateTableHeadersUI" finished-at="2026-02-17T17:34:10 IST" duration-ms="578" status="PASS">
          <reporter-output>
          </reporter-output>
        </test-method> <!-- validateTableHeadersUI -->
        <test-method is-config="true" signature="navigateToAppliedPolicyHolders()[pri:0, instance:com.wasim.major_project.AppliedPolicyHolders@f6efaab]" started-at="2026-02-17T17:34:11 IST" name="navigateToAppliedPolicyHolders" finished-at="2026-02-17T17:34:12 IST" duration-ms="1147" status="PASS">
          <reporter-output>
          </reporter-output>
        </test-method> <!-- navigateToAppliedPolicyHolders -->
        <test-method signature="trashIconAlertUI()[pri:7, instance:com.wasim.major_project.AppliedPolicyHolders@f6efaab]" started-at="2026-02-17T17:34:12 IST" name="trashIconAlertUI" finished-at="2026-02-17T17:34:13 IST" duration-ms="340" status="PASS">
          <reporter-output>
          </reporter-output>
        </test-method> <!-- trashIconAlertUI -->
        <test-method is-config="true" signature="navigateToAppliedPolicyHolders()[pri:0, instance:com.wasim.major_project.AppliedPolicyHolders@f6efaab]" started-at="2026-02-17T17:34:13 IST" name="navigateToAppliedPolicyHolders" finished-at="2026-02-17T17:34:14 IST" duration-ms="1380" status="PASS">
          <reporter-output>
          </reporter-output>
        </test-method> <!-- navigateToAppliedPolicyHolders -->
        <test-method signature="paginationNumberValidationUI()[pri:9, instance:com.wasim.major_project.AppliedPolicyHolders@f6efaab]" started-at="2026-02-17T17:34:14 IST" name="paginationNumberValidationUI" finished-at="2026-02-17T17:34:15 IST" duration-ms="452" status="PASS">
          <reporter-output>
          </reporter-output>
        </test-method> <!-- paginationNumberValidationUI -->
        <test-method is-config="true" signature="navigateToAppliedPolicyHolders()[pri:0, instance:com.wasim.major_project.AppliedPolicyHolders@f6efaab]" started-at="2026-02-17T17:34:16 IST" name="navigateToAppliedPolicyHolders" finished-at="2026-02-17T17:34:17 IST" duration-ms="784" status="PASS">
          <reporter-output>
          </reporter-output>
        </test-method> <!-- navigateToAppliedPolicyHolders -->
        <test-method signature="Previous_Button_UI_Validation()[pri:10, instance:com.wasim.major_project.AppliedPolicyHolders@f6efaab]" started-at="2026-02-17T17:34:17 IST" name="Previous_Button_UI_Validation" finished-at="2026-02-17T17:34:17 IST" duration-ms="41" status="FAIL">
          <exception class="java.lang.AssertionError">
            <message>
              <![CDATA[Previous button is NOT present on the page. expected [true] but found [false]]]>
            </message>
            <full-stacktrace>
              <![CDATA[java.lang.AssertionError: Previous button is NOT present on the page. expected [true] but found [false]
at org.testng.Assert.fail(Assert.java:111)
at org.testng.Assert.failNotEquals(Assert.java:1590)
at org.testng.Assert.assertTrue(Assert.java:57)
at com.wasim.major_project.AppliedPolicyHolders.Previous_Button_UI_Validation(AppliedPolicyHolders.java:211)
at java.base/jdk.internal.reflect.DirectMethodHandleAccessor.invoke(DirectMethodHandleAccessor.java:104)
at java.base/java.lang.reflect.Method.invoke(Method.java:565)
at org.testng.internal.invokers.MethodInvocationHelper.invokeMethod(MethodInvocationHelper.java:141)
at org.testng.internal.invokers.TestInvoker.invokeMethod(TestInvoker.java:697)
at org.testng.internal.invokers.TestInvoker.invokeTestMethod(TestInvoker.java:230)
at org.testng.internal.invokers.MethodRunner.runInSequence(MethodRunner.java:63)
at org.testng.internal.invokers.TestInvoker$MethodInvocationAgent.invoke(TestInvoker.java:1005)
at org.testng.internal.invokers.TestInvoker.invokeTestMethods(TestInvoker.java:203)
at org.testng.internal.invokers.TestMethodWorker.invokeTestMethods(TestMethodWorker.java:154)
at org.testng.internal.invokers.TestMethodWorker.run(TestMethodWorker.java:134)
at java.base/java.util.ArrayList.forEach(ArrayList.java:1604)
at org.testng.TestRunner.privateRun(TestRunner.java:744)
at org.testng.TestRunner.run(TestRunner.java:616)
at org.testng.SuiteRunner.runTest(SuiteRunner.java:421)
at org.testng.SuiteRunner$SuiteWorker.run(SuiteRunner.java:463)
at org.testng.internal.thread.ThreadUtil.lambda$execute$0(ThreadUtil.java:64)
at java.base/java.util.concurrent.FutureTask.run(FutureTask.java:328)
at java.base/java.util.concurrent.ThreadPoolExecutor.runWorker(ThreadPoolExecutor.java:1095)
at java.base/java.util.concurrent.ThreadPoolExecutor$Worker.run(ThreadPoolExecutor.java:619)
at java.base/java.lang.Thread.run(Thread.java:1447)
]]>
            </full-stacktrace>
          </exception> <!-- java.lang.AssertionError -->
          <reporter-output>
          </reporter-output>
        </test-method> <!-- Previous_Button_UI_Validation -->
        <test-method is-config="true" signature="navigateToAppliedPolicyHolders()[pri:0, instance:com.wasim.major_project.AppliedPolicyHolders@f6efaab]" started-at="2026-02-17T17:34:18 IST" name="navigateToAppliedPolicyHolders" finished-at="2026-02-17T17:34:19 IST" duration-ms="712" status="PASS">
          <reporter-output>
          </reporter-output>
        </test-method> <!-- navigateToAppliedPolicyHolders -->
        <test-method signature="Next_Button_UI_Validation()[pri:11, instance:com.wasim.major_project.AppliedPolicyHolders@f6efaab]" started-at="2026-02-17T17:34:19 IST" name="Next_Button_UI_Validation" finished-at="2026-02-17T17:34:19 IST" duration-ms="117" status="FAIL">
          <exception class="java.lang.AssertionError">
            <message>
              <![CDATA[The following asserts failed:
expected [NEXT] but found [...]]]>
            </message>
            <full-stacktrace>
              <![CDATA[java.lang.AssertionError: The following asserts failed:
expected [NEXT] but found [...]
at org.testng.asserts.SoftAssert.assertAll(SoftAssert.java:46)
at org.testng.asserts.SoftAssert.assertAll(SoftAssert.java:30)
at com.wasim.major_project.AppliedPolicyHolders.Next_Button_UI_Validation(AppliedPolicyHolders.java:242)
at java.base/jdk.internal.reflect.DirectMethodHandleAccessor.invoke(DirectMethodHandleAccessor.java:104)
at java.base/java.lang.reflect.Method.invoke(Method.java:565)
at org.testng.internal.invokers.MethodInvocationHelper.invokeMethod(MethodInvocationHelper.java:141)
at org.testng.internal.invokers.TestInvoker.invokeMethod(TestInvoker.java:697)
at org.testng.internal.invokers.TestInvoker.invokeTestMethod(TestInvoker.java:230)
at org.testng.internal.invokers.MethodRunner.runInSequence(MethodRunner.java:63)
at org.testng.internal.invokers.TestInvoker$MethodInvocationAgent.invoke(TestInvoker.java:1005)
at org.testng.internal.invokers.TestInvoker.invokeTestMethods(TestInvoker.java:203)
at org.testng.internal.invokers.TestMethodWorker.invokeTestMethods(TestMethodWorker.java:154)
at org.testng.internal.invokers.TestMethodWorker.run(TestMethodWorker.java:134)
at java.base/java.util.ArrayList.forEach(ArrayList.java:1604)
at org.testng.TestRunner.privateRun(TestRunner.java:744)
at org.testng.TestRunner.run(TestRunner.java:616)
at org.testng.SuiteRunner.runTest(SuiteRunner.java:421)
at org.testng.SuiteRunner$SuiteWorker.run(SuiteRunner.java:463)
at org.testng.internal.thread.ThreadUtil.lambda$execute$0(ThreadUtil.java:64)
at java.base/java.util.concurrent.FutureTask.run(FutureTask.java:328)
at java.base/java.util.concurrent.ThreadPoolExecutor.runWorker(ThreadPoolExecutor.java:1095)
at java.base/java.util.concurrent.ThreadPoolExecutor$Worker.run(ThreadPoolExecutor.java:619)
at java.base/java.lang.Thread.run(Thread.java:1447)
]]>
            </full-stacktrace>
          </exception> <!-- java.lang.AssertionError -->
          <reporter-output>
          </reporter-output>
        </test-method> <!-- Next_Button_UI_Validation -->
        <test-method is-config="true" signature="navigateToAppliedPolicyHolders()[pri:0, instance:com.wasim.major_project.AppliedPolicyHolders@f6efaab]" started-at="2026-02-17T17:34:20 IST" name="navigateToAppliedPolicyHolders" finished-at="2026-02-17T17:34:21 IST" duration-ms="789" status="PASS">
          <reporter-output>
          </reporter-output>
        </test-method> <!-- navigateToAppliedPolicyHolders -->
        <test-method signature="scrollUpButtonUI()[pri:12, instance:com.wasim.major_project.AppliedPolicyHolders@f6efaab]" started-at="2026-02-17T17:34:21 IST" name="scrollUpButtonUI" finished-at="2026-02-17T17:34:21 IST" duration-ms="89" status="PASS">
          <reporter-output>
          </reporter-output>
        </test-method> <!-- scrollUpButtonUI -->
        <test-method is-config="true" signature="navigateToAppliedPolicyHolders()[pri:0, instance:com.wasim.major_project.AppliedPolicyHolders@f6efaab]" started-at="2026-02-17T17:34:23 IST" name="navigateToAppliedPolicyHolders" finished-at="2026-02-17T17:34:23 IST" duration-ms="823" status="PASS">
          <reporter-output>
          </reporter-output>
        </test-method> <!-- navigateToAppliedPolicyHolders -->
        <test-method signature="validateHeaderandBreadcrumbFunctionality()[pri:13, instance:com.wasim.major_project.AppliedPolicyHolders@f6efaab]" started-at="2026-02-17T17:34:23 IST" name="validateHeaderandBreadcrumbFunctionality" finished-at="2026-02-17T17:34:24 IST" duration-ms="518" status="FAIL">
          <exception class="java.lang.AssertionError">
            <message>
              <![CDATA[The following asserts failed:
Breadcrumb root mismatch expected [Dashboard] but found [Policy Holders],
Dashboard page is not loaded succesfully expected [Dashboard] but found [Policy Holders]]]>
            </message>
            <full-stacktrace>
              <![CDATA[java.lang.AssertionError: The following asserts failed:
Breadcrumb root mismatch expected [Dashboard] but found [Policy Holders],
Dashboard page is not loaded succesfully expected [Dashboard] but found [Policy Holders]
at org.testng.asserts.SoftAssert.assertAll(SoftAssert.java:46)
at org.testng.asserts.SoftAssert.assertAll(SoftAssert.java:30)
at com.wasim.major_project.AppliedPolicyHolders.validateHeaderandBreadcrumbFunctionality(AppliedPolicyHolders.java:270)
at java.base/jdk.internal.reflect.DirectMethodHandleAccessor.invoke(DirectMethodHandleAccessor.java:104)
at java.base/java.lang.reflect.Method.invoke(Method.java:565)
at org.testng.internal.invokers.MethodInvocationHelper.invokeMethod(MethodInvocationHelper.java:141)
at org.testng.internal.invokers.TestInvoker.invokeMethod(TestInvoker.java:697)
at org.testng.internal.invokers.TestInvoker.invokeTestMethod(TestInvoker.java:230)
at org.testng.internal.invokers.MethodRunner.runInSequence(MethodRunner.java:63)
at org.testng.internal.invokers.TestInvoker$MethodInvocationAgent.invoke(TestInvoker.java:1005)
at org.testng.internal.invokers.TestInvoker.invokeTestMethods(TestInvoker.java:203)
at org.testng.internal.invokers.TestMethodWorker.invokeTestMethods(TestMethodWorker.java:154)
at org.testng.internal.invokers.TestMethodWorker.run(TestMethodWorker.java:134)
at java.base/java.util.ArrayList.forEach(ArrayList.java:1604)
at org.testng.TestRunner.privateRun(TestRunner.java:744)
at org.testng.TestRunner.run(TestRunner.java:616)
at org.testng.SuiteRunner.runTest(SuiteRunner.java:421)
at org.testng.SuiteRunner$SuiteWorker.run(SuiteRunner.java:463)
at org.testng.internal.thread.ThreadUtil.lambda$execute$0(ThreadUtil.java:64)
at java.base/java.util.concurrent.FutureTask.run(FutureTask.java:328)
at java.base/java.util.concurrent.ThreadPoolExecutor.runWorker(ThreadPoolExecutor.java:1095)
at java.base/java.util.concurrent.ThreadPoolExecutor$Worker.run(ThreadPoolExecutor.java:619)
at java.base/java.lang.Thread.run(Thread.java:1447)
]]>
            </full-stacktrace>
          </exception> <!-- java.lang.AssertionError -->
          <reporter-output>
          </reporter-output>
        </test-method> <!-- validateHeaderandBreadcrumbFunctionality -->
        <test-method is-config="true" signature="navigateToAppliedPolicyHolders()[pri:0, instance:com.wasim.major_project.AppliedPolicyHolders@f6efaab]" started-at="2026-02-17T17:34:26 IST" name="navigateToAppliedPolicyHolders" finished-at="2026-02-17T17:34:27 IST" duration-ms="788" status="PASS">
          <reporter-output>
          </reporter-output>
        </test-method> <!-- navigateToAppliedPolicyHolders -->
        <test-method signature="validateCustomerNameDropdownFunctionality()[pri:14, instance:com.wasim.major_project.AppliedPolicyHolders@f6efaab]" started-at="2026-02-17T17:34:27 IST" name="validateCustomerNameDropdownFunctionality" finished-at="2026-02-17T17:34:27 IST" duration-ms="561" status="PASS">
          <reporter-output>
          </reporter-output>
        </test-method> <!-- validateCustomerNameDropdownFunctionality -->
        <test-method is-config="true" signature="navigateToAppliedPolicyHolders()[pri:0, instance:com.wasim.major_project.AppliedPolicyHolders@f6efaab]" started-at="2026-02-17T17:34:29 IST" name="navigateToAppliedPolicyHolders" finished-at="2026-02-17T17:34:30 IST" duration-ms="855" status="PASS">
          <reporter-output>
          </reporter-output>
        </test-method> <!-- navigateToAppliedPolicyHolders -->
        <test-method signature="Policy_Status_Filter_Functionality_Validation()[pri:15, instance:com.wasim.major_project.AppliedPolicyHolders@f6efaab]" started-at="2026-02-17T17:34:30 IST" name="Policy_Status_Filter_Functionality_Validation" finished-at="2026-02-17T17:34:31 IST" duration-ms="1191" status="PASS">
          <reporter-output>
          </reporter-output>
        </test-method> <!-- Policy_Status_Filter_Functionality_Validation -->
        <test-method is-config="true" signature="navigateToAppliedPolicyHolders()[pri:0, instance:com.wasim.major_project.AppliedPolicyHolders@f6efaab]" started-at="2026-02-17T17:34:36 IST" name="navigateToAppliedPolicyHolders" finished-at="2026-02-17T17:34:36 IST" duration-ms="834" status="PASS">
          <reporter-output>
          </reporter-output>
        </test-method> <!-- navigateToAppliedPolicyHolders -->
        <test-method signature="ResetButtonFunctionalityValidation()[pri:17, instance:com.wasim.major_project.AppliedPolicyHolders@f6efaab]" started-at="2026-02-17T17:34:36 IST" name="ResetButtonFunctionalityValidation" finished-at="2026-02-17T17:34:39 IST" duration-ms="2727" status="PASS">
          <reporter-output>
          </reporter-output>
        </test-method> <!-- ResetButtonFunctionalityValidation -->
        <test-method is-config="true" signature="navigateToAppliedPolicyHolders()[pri:0, instance:com.wasim.major_project.AppliedPolicyHolders@f6efaab]" started-at="2026-02-17T17:34:42 IST" name="navigateToAppliedPolicyHolders" finished-at="2026-02-17T17:34:43 IST" duration-ms="1200" status="PASS">
          <reporter-output>
          </reporter-output>
        </test-method> <!-- navigateToAppliedPolicyHolders -->
        <test-method signature="trashIconAlertFunctionality()[pri:18, instance:com.wasim.major_project.AppliedPolicyHolders@f6efaab]" started-at="2026-02-17T17:34:43 IST" name="trashIconAlertFunctionality" finished-at="2026-02-17T17:34:43 IST" duration-ms="140" status="PASS">
          <reporter-output>
          </reporter-output>
        </test-method> <!-- trashIconAlertFunctionality -->
        <test-method is-config="true" signature="navigateToAppliedPolicyHolders()[pri:0, instance:com.wasim.major_project.AppliedPolicyHolders@f6efaab]" started-at="2026-02-17T17:34:43 IST" name="navigateToAppliedPolicyHolders" finished-at="2026-02-17T17:34:44 IST" duration-ms="758" status="PASS">
          <reporter-output>
          </reporter-output>
        </test-method> <!-- navigateToAppliedPolicyHolders -->
        <test-method signature="ok_Alert_Of_DeleteButton_validation()[pri:19, instance:com.wasim.major_project.AppliedPolicyHolders@f6efaab]" started-at="2026-02-17T17:34:44 IST" name="ok_Alert_Of_DeleteButton_validation" finished-at="2026-02-17T17:34:48 IST" duration-ms="4457" status="FAIL">
          <exception class="java.lang.AssertionError">
            <message>
              <![CDATA[The following asserts failed:
expected [false] but found [true]]]>
            </message>
            <full-stacktrace>
              <![CDATA[java.lang.AssertionError: The following asserts failed:
expected [false] but found [true]
at org.testng.asserts.SoftAssert.assertAll(SoftAssert.java:46)
at org.testng.asserts.SoftAssert.assertAll(SoftAssert.java:30)
at com.wasim.major_project.AppliedPolicyHolders.ok_Alert_Of_DeleteButton_validation(AppliedPolicyHolders.java:518)
at java.base/jdk.internal.reflect.DirectMethodHandleAccessor.invoke(DirectMethodHandleAccessor.java:104)
at java.base/java.lang.reflect.Method.invoke(Method.java:565)
at org.testng.internal.invokers.MethodInvocationHelper.invokeMethod(MethodInvocationHelper.java:141)
at org.testng.internal.invokers.TestInvoker.invokeMethod(TestInvoker.java:697)
at org.testng.internal.invokers.TestInvoker.invokeTestMethod(TestInvoker.java:230)
at org.testng.internal.invokers.MethodRunner.runInSequence(MethodRunner.java:63)
at org.testng.internal.invokers.TestInvoker$MethodInvocationAgent.invoke(TestInvoker.java:1005)
at org.testng.internal.invokers.TestInvoker.invokeTestMethods(TestInvoker.java:203)
at org.testng.internal.invokers.TestMethodWorker.invokeTestMethods(TestMethodWorker.java:154)
at org.testng.internal.invokers.TestMethodWorker.run(TestMethodWorker.java:134)
at java.base/java.util.ArrayList.forEach(ArrayList.java:1604)
at org.testng.TestRunner.privateRun(TestRunner.java:744)
at org.testng.TestRunner.run(TestRunner.java:616)
at org.testng.SuiteRunner.runTest(SuiteRunner.java:421)
at org.testng.SuiteRunner$SuiteWorker.run(SuiteRunner.java:463)
at org.testng.internal.thread.ThreadUtil.lambda$execute$0(ThreadUtil.java:64)
at java.base/java.util.concurrent.FutureTask.run(FutureTask.java:328)
at java.base/java.util.concurrent.ThreadPoolExecutor.runWorker(ThreadPoolExecutor.java:1095)
at java.base/java.util.concurrent.ThreadPoolExecutor$Worker.run(ThreadPoolExecutor.java:619)
at java.base/java.lang.Thread.run(Thread.java:1447)
]]>
            </full-stacktrace>
          </exception> <!-- java.lang.AssertionError -->
          <reporter-output>
          </reporter-output>
        </test-method> <!-- ok_Alert_Of_DeleteButton_validation -->
        <test-method is-config="true" signature="navigateToAppliedPolicyHolders()[pri:0, instance:com.wasim.major_project.AppliedPolicyHolders@f6efaab]" started-at="2026-02-17T17:34:48 IST" name="navigateToAppliedPolicyHolders" finished-at="2026-02-17T17:34:50 IST" duration-ms="1370" status="PASS">
          <reporter-output>
          </reporter-output>
        </test-method> <!-- navigateToAppliedPolicyHolders -->
        <test-method signature="cancel_Alert_Of_DeleteButton_validation()[pri:20, instance:com.wasim.major_project.AppliedPolicyHolders@f6efaab]" started-at="2026-02-17T17:34:50 IST" name="cancel_Alert_Of_DeleteButton_validation" finished-at="2026-02-17T17:34:55 IST" duration-ms="4959" status="PASS">
          <reporter-output>
          </reporter-output>
        </test-method> <!-- cancel_Alert_Of_DeleteButton_validation -->
        <test-method is-config="true" signature="navigateToAppliedPolicyHolders()[pri:0, instance:com.wasim.major_project.AppliedPolicyHolders@f6efaab]" started-at="2026-02-17T17:34:55 IST" name="navigateToAppliedPolicyHolders" finished-at="2026-02-17T17:34:56 IST" duration-ms="1322" status="PASS">
          <reporter-output>
          </reporter-output>
        </test-method> <!-- navigateToAppliedPolicyHolders -->
        <test-method signature="paginationNumberValidationFunctionality()[pri:21, instance:com.wasim.major_project.AppliedPolicyHolders@f6efaab]" started-at="2026-02-17T17:34:56 IST" name="paginationNumberValidationFunctionality" finished-at="2026-02-17T17:34:57 IST" duration-ms="419" status="PASS">
          <reporter-output>
          </reporter-output>
        </test-method> <!-- paginationNumberValidationFunctionality -->
        <test-method is-config="true" signature="navigateToAppliedPolicyHolders()[pri:0, instance:com.wasim.major_project.AppliedPolicyHolders@f6efaab]" started-at="2026-02-17T17:34:59 IST" name="navigateToAppliedPolicyHolders" finished-at="2026-02-17T17:34:59 IST" duration-ms="834" status="PASS">
          <reporter-output>
          </reporter-output>
        </test-method> <!-- navigateToAppliedPolicyHolders -->
        <test-method signature="Previous_Button_Functionality_Validation()[pri:22, instance:com.wasim.major_project.AppliedPolicyHolders@f6efaab]" started-at="2026-02-17T17:34:59 IST" name="Previous_Button_Functionality_Validation" finished-at="2026-02-17T17:34:59 IST" duration-ms="33" status="FAIL">
          <exception class="java.lang.AssertionError">
            <message>
              <![CDATA[Previous button is NOT present on the page. expected [true] but found [false]]]>
            </message>
            <full-stacktrace>
              <![CDATA[java.lang.AssertionError: Previous button is NOT present on the page. expected [true] but found [false]
at org.testng.Assert.fail(Assert.java:111)
at org.testng.Assert.failNotEquals(Assert.java:1590)
at org.testng.Assert.assertTrue(Assert.java:57)
at com.wasim.major_project.AppliedPolicyHolders.Previous_Button_Functionality_Validation(AppliedPolicyHolders.java:579)
at java.base/jdk.internal.reflect.DirectMethodHandleAccessor.invoke(DirectMethodHandleAccessor.java:104)
at java.base/java.lang.reflect.Method.invoke(Method.java:565)
at org.testng.internal.invokers.MethodInvocationHelper.invokeMethod(MethodInvocationHelper.java:141)
at org.testng.internal.invokers.TestInvoker.invokeMethod(TestInvoker.java:697)
at org.testng.internal.invokers.TestInvoker.invokeTestMethod(TestInvoker.java:230)
at org.testng.internal.invokers.MethodRunner.runInSequence(MethodRunner.java:63)
at org.testng.internal.invokers.TestInvoker$MethodInvocationAgent.invoke(TestInvoker.java:1005)
at org.testng.internal.invokers.TestInvoker.invokeTestMethods(TestInvoker.java:203)
at org.testng.internal.invokers.TestMethodWorker.invokeTestMethods(TestMethodWorker.java:154)
at org.testng.internal.invokers.TestMethodWorker.run(TestMethodWorker.java:134)
at java.base/java.util.ArrayList.forEach(ArrayList.java:1604)
at org.testng.TestRunner.privateRun(TestRunner.java:744)
at org.testng.TestRunner.run(TestRunner.java:616)
at org.testng.SuiteRunner.runTest(SuiteRunner.java:421)
at org.testng.SuiteRunner$SuiteWorker.run(SuiteRunner.java:463)
at org.testng.internal.thread.ThreadUtil.lambda$execute$0(ThreadUtil.java:64)
at java.base/java.util.concurrent.FutureTask.run(FutureTask.java:328)
at java.base/java.util.concurrent.ThreadPoolExecutor.runWorker(ThreadPoolExecutor.java:1095)
at java.base/java.util.concurrent.ThreadPoolExecutor$Worker.run(ThreadPoolExecutor.java:619)
at java.base/java.lang.Thread.run(Thread.java:1447)
]]>
            </full-stacktrace>
          </exception> <!-- java.lang.AssertionError -->
          <reporter-output>
          </reporter-output>
        </test-method> <!-- Previous_Button_Functionality_Validation -->
        <test-method is-config="true" signature="navigateToAppliedPolicyHolders()[pri:0, instance:com.wasim.major_project.AppliedPolicyHolders@f6efaab]" started-at="2026-02-17T17:35:01 IST" name="navigateToAppliedPolicyHolders" finished-at="2026-02-17T17:35:01 IST" duration-ms="722" status="PASS">
          <reporter-output>
          </reporter-output>
        </test-method> <!-- navigateToAppliedPolicyHolders -->
        <test-method signature="Next_Button_Functionality_Validation()[pri:23, instance:com.wasim.major_project.AppliedPolicyHolders@f6efaab]" started-at="2026-02-17T17:35:01 IST" name="Next_Button_Functionality_Validation" finished-at="2026-02-17T17:35:01 IST" duration-ms="121" status="FAIL">
          <exception class="java.lang.AssertionError">
            <message>
              <![CDATA[The following asserts failed:
expected [NEXT] but found [...]]]>
            </message>
            <full-stacktrace>
              <![CDATA[java.lang.AssertionError: The following asserts failed:
expected [NEXT] but found [...]
at org.testng.asserts.SoftAssert.assertAll(SoftAssert.java:46)
at org.testng.asserts.SoftAssert.assertAll(SoftAssert.java:30)
at com.wasim.major_project.AppliedPolicyHolders.Next_Button_Functionality_Validation(AppliedPolicyHolders.java:610)
at java.base/jdk.internal.reflect.DirectMethodHandleAccessor.invoke(DirectMethodHandleAccessor.java:104)
at java.base/java.lang.reflect.Method.invoke(Method.java:565)
at org.testng.internal.invokers.MethodInvocationHelper.invokeMethod(MethodInvocationHelper.java:141)
at org.testng.internal.invokers.TestInvoker.invokeMethod(TestInvoker.java:697)
at org.testng.internal.invokers.TestInvoker.invokeTestMethod(TestInvoker.java:230)
at org.testng.internal.invokers.MethodRunner.runInSequence(MethodRunner.java:63)
at org.testng.internal.invokers.TestInvoker$MethodInvocationAgent.invoke(TestInvoker.java:1005)
at org.testng.internal.invokers.TestInvoker.invokeTestMethods(TestInvoker.java:203)
at org.testng.internal.invokers.TestMethodWorker.invokeTestMethods(TestMethodWorker.java:154)
at org.testng.internal.invokers.TestMethodWorker.run(TestMethodWorker.java:134)
at java.base/java.util.ArrayList.forEach(ArrayList.java:1604)
at org.testng.TestRunner.privateRun(TestRunner.java:744)
at org.testng.TestRunner.run(TestRunner.java:616)
at org.testng.SuiteRunner.runTest(SuiteRunner.java:421)
at org.testng.SuiteRunner$SuiteWorker.run(SuiteRunner.java:463)
at org.testng.internal.thread.ThreadUtil.lambda$execute$0(ThreadUtil.java:64)
at java.base/java.util.concurrent.FutureTask.run(FutureTask.java:328)
at java.base/java.util.concurrent.ThreadPoolExecutor.runWorker(ThreadPoolExecutor.java:1095)
at java.base/java.util.concurrent.ThreadPoolExecutor$Worker.run(ThreadPoolExecutor.java:619)
at java.base/java.lang.Thread.run(Thread.java:1447)
]]>
            </full-stacktrace>
          </exception> <!-- java.lang.AssertionError -->
          <reporter-output>
          </reporter-output>
        </test-method> <!-- Next_Button_Functionality_Validation -->
        <test-method is-config="true" signature="navigateToAppliedPolicyHolders()[pri:0, instance:com.wasim.major_project.AppliedPolicyHolders@f6efaab]" started-at="2026-02-17T17:35:03 IST" name="navigateToAppliedPolicyHolders" finished-at="2026-02-17T17:35:04 IST" duration-ms="927" status="PASS">
          <reporter-output>
          </reporter-output>
        </test-method> <!-- navigateToAppliedPolicyHolders -->
        <test-method signature="ScrollUpbuttonFunctionalityValidation()[pri:24, instance:com.wasim.major_project.AppliedPolicyHolders@f6efaab]" started-at="2026-02-17T17:35:04 IST" name="ScrollUpbuttonFunctionalityValidation" finished-at="2026-02-17T17:35:06 IST" duration-ms="1653" status="PASS">
          <reporter-output>
          </reporter-output>
        </test-method> <!-- ScrollUpbuttonFunctionalityValidation -->
      </class> <!-- com.wasim.major_project.AppliedPolicyHolders -->
    </test> <!-- chromeTest -->
    <test started-at="2026-02-17T17:35:09 IST" name="edgeTest" finished-at="2026-02-17T17:36:47 IST" duration-ms="98308">
      <class name="com.wasim.major_project.ApprovedPolicyHolders">
        <test-method is-config="true" signature="setUp(java.lang.String)[pri:0, instance:com.wasim.major_project.ApprovedPolicyHolders@557caf28]" started-at="2026-02-17T17:35:18 IST" name="setUp" finished-at="2026-02-17T17:35:24 IST" duration-ms="6769" status="PASS">
          <params>
            <param index="0">
              <value>
                <![CDATA[edge]]>
              </value>
            </param>
          </params>
          <reporter-output>
          </reporter-output>
        </test-method> <!-- setUp -->
        <test-method is-config="true" signature="navigateToAppliedPolicyHolders()[pri:0, instance:com.wasim.major_project.ApprovedPolicyHolders@557caf28]" started-at="2026-02-17T17:35:24 IST" name="navigateToAppliedPolicyHolders" finished-at="2026-02-17T17:35:25 IST" duration-ms="1139" status="PASS">
          <reporter-output>
          </reporter-output>
        </test-method> <!-- navigateToAppliedPolicyHolders -->
        <test-method signature="Search_Button_Functionality_Validation()[pri:0, instance:com.wasim.major_project.ApprovedPolicyHolders@557caf28]" started-at="2026-02-17T17:35:25 IST" name="Search_Button_Functionality_Validation" finished-at="2026-02-17T17:35:26 IST" duration-ms="867" status="PASS">
          <reporter-output>
          </reporter-output>
        </test-method> <!-- Search_Button_Functionality_Validation -->
        <test-method is-config="true" signature="navigateToAppliedPolicyHolders()[pri:0, instance:com.wasim.major_project.ApprovedPolicyHolders@557caf28]" started-at="2026-02-17T17:35:28 IST" name="navigateToAppliedPolicyHolders" finished-at="2026-02-17T17:35:29 IST" duration-ms="635" status="PASS">
          <reporter-output>
          </reporter-output>
        </test-method> <!-- navigateToAppliedPolicyHolders -->
        <test-method signature="validatePageHeaderUi()[pri:0, instance:com.wasim.major_project.ApprovedPolicyHolders@557caf28]" started-at="2026-02-17T17:35:29 IST" name="validatePageHeaderUi" finished-at="2026-02-17T17:35:29 IST" duration-ms="38" status="PASS">
          <reporter-output>
          </reporter-output>
        </test-method> <!-- validatePageHeaderUi -->
        <test-method is-config="true" signature="navigateToAppliedPolicyHolders()[pri:0, instance:com.wasim.major_project.ApprovedPolicyHolders@557caf28]" started-at="2026-02-17T17:35:30 IST" name="navigateToAppliedPolicyHolders" finished-at="2026-02-17T17:35:31 IST" duration-ms="856" status="PASS">
          <reporter-output>
          </reporter-output>
        </test-method> <!-- navigateToAppliedPolicyHolders -->
        <test-method signature="validateBreadcrumbUI()[pri:1, instance:com.wasim.major_project.ApprovedPolicyHolders@557caf28]" started-at="2026-02-17T17:35:31 IST" name="validateBreadcrumbUI" finished-at="2026-02-17T17:35:31 IST" duration-ms="201" status="PASS">
          <reporter-output>
          </reporter-output>
        </test-method> <!-- validateBreadcrumbUI -->
        <test-method is-config="true" signature="navigateToAppliedPolicyHolders()[pri:0, instance:com.wasim.major_project.ApprovedPolicyHolders@557caf28]" started-at="2026-02-17T17:35:34 IST" name="navigateToAppliedPolicyHolders" finished-at="2026-02-17T17:35:35 IST" duration-ms="871" status="PASS">
          <reporter-output>
          </reporter-output>
        </test-method> <!-- navigateToAppliedPolicyHolders -->
        <test-method signature="validateCustomerNameDropdownUI()[pri:2, instance:com.wasim.major_project.ApprovedPolicyHolders@557caf28]" started-at="2026-02-17T17:35:35 IST" name="validateCustomerNameDropdownUI" finished-at="2026-02-17T17:35:35 IST" duration-ms="346" status="PASS">
          <reporter-output>
          </reporter-output>
        </test-method> <!-- validateCustomerNameDropdownUI -->
        <test-method is-config="true" signature="navigateToAppliedPolicyHolders()[pri:0, instance:com.wasim.major_project.ApprovedPolicyHolders@557caf28]" started-at="2026-02-17T17:35:35 IST" name="navigateToAppliedPolicyHolders" finished-at="2026-02-17T17:35:36 IST" duration-ms="918" status="PASS">
          <reporter-output>
          </reporter-output>
        </test-method> <!-- navigateToAppliedPolicyHolders -->
        <test-method signature="validateSubCategoryDropdownUI()[pri:2, instance:com.wasim.major_project.ApprovedPolicyHolders@557caf28]" started-at="2026-02-17T17:35:36 IST" name="validateSubCategoryDropdownUI" finished-at="2026-02-17T17:35:36 IST" duration-ms="436" status="PASS">
          <reporter-output>
          </reporter-output>
        </test-method> <!-- validateSubCategoryDropdownUI -->
        <test-method is-config="true" signature="navigateToAppliedPolicyHolders()[pri:0, instance:com.wasim.major_project.ApprovedPolicyHolders@557caf28]" started-at="2026-02-17T17:35:39 IST" name="navigateToAppliedPolicyHolders" finished-at="2026-02-17T17:35:40 IST" duration-ms="909" status="PASS">
          <reporter-output>
          </reporter-output>
        </test-method> <!-- navigateToAppliedPolicyHolders -->
        <test-method signature="Policy_Status_Filter_UI_Validation()[pri:3, instance:com.wasim.major_project.ApprovedPolicyHolders@557caf28]" started-at="2026-02-17T17:35:40 IST" name="Policy_Status_Filter_UI_Validation" finished-at="2026-02-17T17:35:41 IST" duration-ms="815" status="PASS">
          <reporter-output>
          </reporter-output>
        </test-method> <!-- Policy_Status_Filter_UI_Validation -->
        <test-method is-config="true" signature="navigateToAppliedPolicyHolders()[pri:0, instance:com.wasim.major_project.ApprovedPolicyHolders@557caf28]" started-at="2026-02-17T17:35:42 IST" name="navigateToAppliedPolicyHolders" finished-at="2026-02-17T17:35:43 IST" duration-ms="1331" status="PASS">
          <reporter-output>
          </reporter-output>
        </test-method> <!-- navigateToAppliedPolicyHolders -->
        <test-method signature="searchButtonUi()[pri:4, instance:com.wasim.major_project.ApprovedPolicyHolders@557caf28]" started-at="2026-02-17T17:35:43 IST" name="searchButtonUi" finished-at="2026-02-17T17:35:43 IST" duration-ms="119" status="PASS">
          <reporter-output>
          </reporter-output>
        </test-method> <!-- searchButtonUi -->
        <test-method is-config="true" signature="navigateToAppliedPolicyHolders()[pri:0, instance:com.wasim.major_project.ApprovedPolicyHolders@557caf28]" started-at="2026-02-17T17:35:45 IST" name="navigateToAppliedPolicyHolders" finished-at="2026-02-17T17:35:45 IST" duration-ms="695" status="PASS">
          <reporter-output>
          </reporter-output>
        </test-method> <!-- navigateToAppliedPolicyHolders -->
        <test-method signature="resetButtonUi()[pri:5, instance:com.wasim.major_project.ApprovedPolicyHolders@557caf28]" started-at="2026-02-17T17:35:45 IST" name="resetButtonUi" finished-at="2026-02-17T17:35:45 IST" duration-ms="105" status="PASS">
          <reporter-output>
          </reporter-output>
        </test-method> <!-- resetButtonUi -->
        <test-method is-config="true" signature="navigateToAppliedPolicyHolders()[pri:0, instance:com.wasim.major_project.ApprovedPolicyHolders@557caf28]" started-at="2026-02-17T17:35:47 IST" name="navigateToAppliedPolicyHolders" finished-at="2026-02-17T17:35:48 IST" duration-ms="710" status="PASS">
          <reporter-output>
          </reporter-output>
        </test-method> <!-- navigateToAppliedPolicyHolders -->
        <test-method signature="validateTableHeadersUI()[pri:6, instance:com.wasim.major_project.ApprovedPolicyHolders@557caf28]" started-at="2026-02-17T17:35:48 IST" name="validateTableHeadersUI" finished-at="2026-02-17T17:35:48 IST" duration-ms="382" status="PASS">
          <reporter-output>
          </reporter-output>
        </test-method> <!-- validateTableHeadersUI -->
        <test-method is-config="true" signature="navigateToAppliedPolicyHolders()[pri:0, instance:com.wasim.major_project.ApprovedPolicyHolders@557caf28]" started-at="2026-02-17T17:35:51 IST" name="navigateToAppliedPolicyHolders" finished-at="2026-02-17T17:35:52 IST" duration-ms="1486" status="PASS">
          <reporter-output>
          </reporter-output>
        </test-method> <!-- navigateToAppliedPolicyHolders -->
        <test-method signature="paginationNumberValidationUI()[pri:9, instance:com.wasim.major_project.ApprovedPolicyHolders@557caf28]" started-at="2026-02-17T17:35:52 IST" name="paginationNumberValidationUI" finished-at="2026-02-17T17:35:53 IST" duration-ms="825" status="PASS">
          <reporter-output>
          </reporter-output>
        </test-method> <!-- paginationNumberValidationUI -->
        <test-method is-config="true" signature="navigateToAppliedPolicyHolders()[pri:0, instance:com.wasim.major_project.ApprovedPolicyHolders@557caf28]" started-at="2026-02-17T17:35:54 IST" name="navigateToAppliedPolicyHolders" finished-at="2026-02-17T17:35:55 IST" duration-ms="1116" status="PASS">
          <reporter-output>
          </reporter-output>
        </test-method> <!-- navigateToAppliedPolicyHolders -->
        <test-method signature="Previous_Button_UI_Validation()[pri:10, instance:com.wasim.major_project.ApprovedPolicyHolders@557caf28]" started-at="2026-02-17T17:35:55 IST" name="Previous_Button_UI_Validation" finished-at="2026-02-17T17:35:56 IST" duration-ms="53" status="FAIL">
          <exception class="java.lang.AssertionError">
            <message>
              <![CDATA[Previous button is NOT present on the page. expected [true] but found [false]]]>
            </message>
            <full-stacktrace>
              <![CDATA[java.lang.AssertionError: Previous button is NOT present on the page. expected [true] but found [false]
at org.testng.Assert.fail(Assert.java:111)
at org.testng.Assert.failNotEquals(Assert.java:1590)
at org.testng.Assert.assertTrue(Assert.java:57)
at com.wasim.major_project.ApprovedPolicyHolders.Previous_Button_UI_Validation(ApprovedPolicyHolders.java:234)
at java.base/jdk.internal.reflect.DirectMethodHandleAccessor.invoke(DirectMethodHandleAccessor.java:104)
at java.base/java.lang.reflect.Method.invoke(Method.java:565)
at org.testng.internal.invokers.MethodInvocationHelper.invokeMethod(MethodInvocationHelper.java:141)
at org.testng.internal.invokers.TestInvoker.invokeMethod(TestInvoker.java:697)
at org.testng.internal.invokers.TestInvoker.invokeTestMethod(TestInvoker.java:230)
at org.testng.internal.invokers.MethodRunner.runInSequence(MethodRunner.java:63)
at org.testng.internal.invokers.TestInvoker$MethodInvocationAgent.invoke(TestInvoker.java:1005)
at org.testng.internal.invokers.TestInvoker.invokeTestMethods(TestInvoker.java:203)
at org.testng.internal.invokers.TestMethodWorker.invokeTestMethods(TestMethodWorker.java:154)
at org.testng.internal.invokers.TestMethodWorker.run(TestMethodWorker.java:134)
at java.base/java.util.ArrayList.forEach(ArrayList.java:1604)
at org.testng.TestRunner.privateRun(TestRunner.java:744)
at org.testng.TestRunner.run(TestRunner.java:616)
at org.testng.SuiteRunner.runTest(SuiteRunner.java:421)
at org.testng.SuiteRunner$SuiteWorker.run(SuiteRunner.java:463)
at org.testng.internal.thread.ThreadUtil.lambda$execute$0(ThreadUtil.java:64)
at java.base/java.util.concurrent.FutureTask.run(FutureTask.java:328)
at java.base/java.util.concurrent.ThreadPoolExecutor.runWorker(ThreadPoolExecutor.java:1095)
at java.base/java.util.concurrent.ThreadPoolExecutor$Worker.run(ThreadPoolExecutor.java:619)
at java.base/java.lang.Thread.run(Thread.java:1447)
]]>
            </full-stacktrace>
          </exception> <!-- java.lang.AssertionError -->
          <reporter-output>
          </reporter-output>
        </test-method> <!-- Previous_Button_UI_Validation -->
        <test-method is-config="true" signature="navigateToAppliedPolicyHolders()[pri:0, instance:com.wasim.major_project.ApprovedPolicyHolders@557caf28]" started-at="2026-02-17T17:35:56 IST" name="navigateToAppliedPolicyHolders" finished-at="2026-02-17T17:35:58 IST" duration-ms="1174" status="PASS">
          <reporter-output>
          </reporter-output>
        </test-method> <!-- navigateToAppliedPolicyHolders -->
        <test-method signature="Next_Button_UI_Validation()[pri:11, instance:com.wasim.major_project.ApprovedPolicyHolders@557caf28]" started-at="2026-02-17T17:35:58 IST" name="Next_Button_UI_Validation" finished-at="2026-02-17T17:35:58 IST" duration-ms="41" status="FAIL">
          <exception class="java.lang.AssertionError">
            <message>
              <![CDATA[Next button is NOT present on the page. expected [true] but found [false]]]>
            </message>
            <full-stacktrace>
              <![CDATA[java.lang.AssertionError: Next button is NOT present on the page. expected [true] but found [false]
at org.testng.Assert.fail(Assert.java:111)
at org.testng.Assert.failNotEquals(Assert.java:1590)
at org.testng.Assert.assertTrue(Assert.java:57)
at com.wasim.major_project.ApprovedPolicyHolders.Next_Button_UI_Validation(ApprovedPolicyHolders.java:250)
at java.base/jdk.internal.reflect.DirectMethodHandleAccessor.invoke(DirectMethodHandleAccessor.java:104)
at java.base/java.lang.reflect.Method.invoke(Method.java:565)
at org.testng.internal.invokers.MethodInvocationHelper.invokeMethod(MethodInvocationHelper.java:141)
at org.testng.internal.invokers.TestInvoker.invokeMethod(TestInvoker.java:697)
at org.testng.internal.invokers.TestInvoker.invokeTestMethod(TestInvoker.java:230)
at org.testng.internal.invokers.MethodRunner.runInSequence(MethodRunner.java:63)
at org.testng.internal.invokers.TestInvoker$MethodInvocationAgent.invoke(TestInvoker.java:1005)
at org.testng.internal.invokers.TestInvoker.invokeTestMethods(TestInvoker.java:203)
at org.testng.internal.invokers.TestMethodWorker.invokeTestMethods(TestMethodWorker.java:154)
at org.testng.internal.invokers.TestMethodWorker.run(TestMethodWorker.java:134)
at java.base/java.util.ArrayList.forEach(ArrayList.java:1604)
at org.testng.TestRunner.privateRun(TestRunner.java:744)
at org.testng.TestRunner.run(TestRunner.java:616)
at org.testng.SuiteRunner.runTest(SuiteRunner.java:421)
at org.testng.SuiteRunner$SuiteWorker.run(SuiteRunner.java:463)
at org.testng.internal.thread.ThreadUtil.lambda$execute$0(ThreadUtil.java:64)
at java.base/java.util.concurrent.FutureTask.run(FutureTask.java:328)
at java.base/java.util.concurrent.ThreadPoolExecutor.runWorker(ThreadPoolExecutor.java:1095)
at java.base/java.util.concurrent.ThreadPoolExecutor$Worker.run(ThreadPoolExecutor.java:619)
at java.base/java.lang.Thread.run(Thread.java:1447)
]]>
            </full-stacktrace>
          </exception> <!-- java.lang.AssertionError -->
          <reporter-output>
          </reporter-output>
        </test-method> <!-- Next_Button_UI_Validation -->
        <test-method is-config="true" signature="navigateToAppliedPolicyHolders()[pri:0, instance:com.wasim.major_project.ApprovedPolicyHolders@557caf28]" started-at="2026-02-17T17:35:59 IST" name="navigateToAppliedPolicyHolders" finished-at="2026-02-17T17:36:00 IST" duration-ms="1126" status="PASS">
          <reporter-output>
          </reporter-output>
        </test-method> <!-- navigateToAppliedPolicyHolders -->
        <test-method signature="scrollUpButtonUI()[pri:12, instance:com.wasim.major_project.ApprovedPolicyHolders@557caf28]" started-at="2026-02-17T17:36:00 IST" name="scrollUpButtonUI" finished-at="2026-02-17T17:36:00 IST" duration-ms="91" status="PASS">
          <reporter-output>
          </reporter-output>
        </test-method> <!-- scrollUpButtonUI -->
        <test-method is-config="true" signature="navigateToAppliedPolicyHolders()[pri:0, instance:com.wasim.major_project.ApprovedPolicyHolders@557caf28]" started-at="2026-02-17T17:36:02 IST" name="navigateToAppliedPolicyHolders" finished-at="2026-02-17T17:36:03 IST" duration-ms="1059" status="PASS">
          <reporter-output>
          </reporter-output>
        </test-method> <!-- navigateToAppliedPolicyHolders -->
        <test-method signature="validateHeaderandBreadcrumbFunctionality()[pri:13, instance:com.wasim.major_project.ApprovedPolicyHolders@557caf28]" started-at="2026-02-17T17:36:03 IST" name="validateHeaderandBreadcrumbFunctionality" finished-at="2026-02-17T17:36:04 IST" duration-ms="881" status="PASS">
          <reporter-output>
          </reporter-output>
        </test-method> <!-- validateHeaderandBreadcrumbFunctionality -->
        <test-method is-config="true" signature="navigateToAppliedPolicyHolders()[pri:0, instance:com.wasim.major_project.ApprovedPolicyHolders@557caf28]" started-at="2026-02-17T17:36:05 IST" name="navigateToAppliedPolicyHolders" finished-at="2026-02-17T17:36:06 IST" duration-ms="1093" status="PASS">
          <reporter-output>
          </reporter-output>
        </test-method> <!-- navigateToAppliedPolicyHolders -->
        <test-method signature="validateCustomerNameDropdownFunctionality()[pri:14, instance:com.wasim.major_project.ApprovedPolicyHolders@557caf28]" started-at="2026-02-17T17:36:06 IST" name="validateCustomerNameDropdownFunctionality" finished-at="2026-02-17T17:36:06 IST" duration-ms="556" status="PASS">
          <reporter-output>
          </reporter-output>
        </test-method> <!-- validateCustomerNameDropdownFunctionality -->
        <test-method is-config="true" signature="navigateToAppliedPolicyHolders()[pri:0, instance:com.wasim.major_project.ApprovedPolicyHolders@557caf28]" started-at="2026-02-17T17:36:09 IST" name="navigateToAppliedPolicyHolders" finished-at="2026-02-17T17:36:10 IST" duration-ms="1144" status="PASS">
          <reporter-output>
          </reporter-output>
        </test-method> <!-- navigateToAppliedPolicyHolders -->
        <test-method signature="vaidateSubCategoryDropdownFunctionality()[pri:15, instance:com.wasim.major_project.ApprovedPolicyHolders@557caf28]" started-at="2026-02-17T17:36:10 IST" name="vaidateSubCategoryDropdownFunctionality" finished-at="2026-02-17T17:36:11 IST" duration-ms="921" status="PASS">
          <reporter-output>
          </reporter-output>
        </test-method> <!-- vaidateSubCategoryDropdownFunctionality -->
        <test-method is-config="true" signature="navigateToAppliedPolicyHolders()[pri:0, instance:com.wasim.major_project.ApprovedPolicyHolders@557caf28]" started-at="2026-02-17T17:36:11 IST" name="navigateToAppliedPolicyHolders" finished-at="2026-02-17T17:36:12 IST" duration-ms="1165" status="PASS">
          <reporter-output>
          </reporter-output>
        </test-method> <!-- navigateToAppliedPolicyHolders -->
        <test-method signature="validatePolicyNameDropdownFunctionality()[pri:15, instance:com.wasim.major_project.ApprovedPolicyHolders@557caf28]" started-at="2026-02-17T17:36:12 IST" name="validatePolicyNameDropdownFunctionality" finished-at="2026-02-17T17:36:13 IST" duration-ms="924" status="PASS">
          <reporter-output>
          </reporter-output>
        </test-method> <!-- validatePolicyNameDropdownFunctionality -->
        <test-method is-config="true" signature="navigateToAppliedPolicyHolders()[pri:0, instance:com.wasim.major_project.ApprovedPolicyHolders@557caf28]" started-at="2026-02-17T17:36:17 IST" name="navigateToAppliedPolicyHolders" finished-at="2026-02-17T17:36:18 IST" duration-ms="1438" status="PASS">
          <reporter-output>
          </reporter-output>
        </test-method> <!-- navigateToAppliedPolicyHolders -->
        <test-method signature="ResetButtonFunctionalityValidation()[pri:17, instance:com.wasim.major_project.ApprovedPolicyHolders@557caf28]" started-at="2026-02-17T17:36:18 IST" name="ResetButtonFunctionalityValidation" finished-at="2026-02-17T17:36:19 IST" duration-ms="1305" status="FAIL">
          <exception class="org.openqa.selenium.NoSuchElementException">
            <message>
              <![CDATA[no such element: Unable to locate element: {"method":"xpath","selector":"//label[normalize-space()='Policy Status']/ancestor::*[self::div or self::td][1]//span[contains(@class,'select2-selection')]"}
  (Session info: MicrosoftEdge=144.0.3719.104)
For documentation on this error, please visit: https://www.selenium.dev/documentation/webdriver/troubleshooting/errors#nosuchelementexception
Build info: version: '4.39.0', revision: '126f156aee'
System info: os.name: 'Windows 11', os.arch: 'amd64', os.version: '10.0', java.version: '24.0.1'
Driver info: org.openqa.selenium.edge.EdgeDriver
Command: [42ec4b34d82440e5a4001e6c8afe9be3, findElement {using=xpath, value=//label[normalize-space()='Policy Status']/ancestor::*[self::div or self::td][1]//span[contains(@class,'select2-selection')]}]
Capabilities {acceptInsecureCerts: false, browserName: MicrosoftEdge, browserVersion: 144.0.3719.104, fedcm:accounts: true, goog:processID: 25572, ms:edgeOptions: {debuggerAddress: localhost:58408}, msedge: {msedgedriverVersion: 144.0.3719.130 (897347d4ca3..., userDataDir: C:\Users\2461439\AppData\Lo...}, networkConnectionEnabled: false, pageLoadStrategy: normal, platformName: windows, proxy: Proxy(), se:cdp: ws://localhost:58408/devtoo..., se:cdpVersion: 144.0.3719.104, setWindowRect: true, strictFileInteractability: false, timeouts: {implicit: 0, pageLoad: 300000, script: 30000}, unhandledPromptBehavior: dismiss and notify, webauthn:extension:credBlob: true, webauthn:extension:largeBlob: true, webauthn:extension:minPinLength: true, webauthn:extension:prf: true, webauthn:virtualAuthenticators: true}
Session ID: 42ec4b34d82440e5a4001e6c8afe9be3]]>
            </message>
            <full-stacktrace>
              <![CDATA[org.openqa.selenium.NoSuchElementException: no such element: Unable to locate element: {"method":"xpath","selector":"//label[normalize-space()='Policy Status']/ancestor::*[self::div or self::td][1]//span[contains(@class,'select2-selection')]"}
  (Session info: MicrosoftEdge=144.0.3719.104)
For documentation on this error, please visit: https://www.selenium.dev/documentation/webdriver/troubleshooting/errors#nosuchelementexception
Build info: version: '4.39.0', revision: '126f156aee'
System info: os.name: 'Windows 11', os.arch: 'amd64', os.version: '10.0', java.version: '24.0.1'
Driver info: org.openqa.selenium.edge.EdgeDriver
Command: [42ec4b34d82440e5a4001e6c8afe9be3, findElement {using=xpath, value=//label[normalize-space()='Policy Status']/ancestor::*[self::div or self::td][1]//span[contains(@class,'select2-selection')]}]
Capabilities {acceptInsecureCerts: false, browserName: MicrosoftEdge, browserVersion: 144.0.3719.104, fedcm:accounts: true, goog:processID: 25572, ms:edgeOptions: {debuggerAddress: localhost:58408}, msedge: {msedgedriverVersion: 144.0.3719.130 (897347d4ca3..., userDataDir: C:\Users\2461439\AppData\Lo...}, networkConnectionEnabled: false, pageLoadStrategy: normal, platformName: windows, proxy: Proxy(), se:cdp: ws://localhost:58408/devtoo..., se:cdpVersion: 144.0.3719.104, setWindowRect: true, strictFileInteractability: false, timeouts: {implicit: 0, pageLoad: 300000, script: 30000}, unhandledPromptBehavior: dismiss and notify, webauthn:extension:credBlob: true, webauthn:extension:largeBlob: true, webauthn:extension:minPinLength: true, webauthn:extension:prf: true, webauthn:virtualAuthenticators: true}
Session ID: 42ec4b34d82440e5a4001e6c8afe9be3
at java.base/jdk.internal.reflect.DirectConstructorHandleAccessor.newInstance(DirectConstructorHandleAccessor.java:62)
at java.base/java.lang.reflect.Constructor.newInstanceWithCaller(Constructor.java:499)
at java.base/java.lang.reflect.Constructor.newInstance(Constructor.java:483)
at org.openqa.selenium.remote.ErrorCodec.decode(ErrorCodec.java:167)
at org.openqa.selenium.remote.codec.w3c.W3CHttpResponseCodec.decode(W3CHttpResponseCodec.java:142)
at org.openqa.selenium.remote.codec.w3c.W3CHttpResponseCodec.decode(W3CHttpResponseCodec.java:49)
at org.openqa.selenium.remote.HttpCommandExecutor.execute(HttpCommandExecutor.java:215)
at org.openqa.selenium.remote.service.DriverCommandExecutor.invokeExecute(DriverCommandExecutor.java:216)
at org.openqa.selenium.remote.service.DriverCommandExecutor.execute(DriverCommandExecutor.java:174)
at org.openqa.selenium.remote.RemoteWebDriver.execute(RemoteWebDriver.java:561)
at org.openqa.selenium.remote.ElementLocation$ElementFinder$2.findElement(ElementLocation.java:166)
at org.openqa.selenium.remote.ElementLocation.findElement(ElementLocation.java:60)
at org.openqa.selenium.remote.RemoteWebDriver.findElement(RemoteWebDriver.java:384)
at org.openqa.selenium.remote.RemoteWebDriver.findElement(RemoteWebDriver.java:378)
at com.wasim.major_project.ApprovedPolicyHolders.lambda$3(ApprovedPolicyHolders.java:434)
at com.wasim.major_project.ApprovedPolicyHolders.ResetButtonFunctionalityValidation(ApprovedPolicyHolders.java:474)
at java.base/jdk.internal.reflect.DirectMethodHandleAccessor.invoke(DirectMethodHandleAccessor.java:104)
at java.base/java.lang.reflect.Method.invoke(Method.java:565)
at org.testng.internal.invokers.MethodInvocationHelper.invokeMethod(MethodInvocationHelper.java:141)
at org.testng.internal.invokers.TestInvoker.invokeMethod(TestInvoker.java:697)
at org.testng.internal.invokers.TestInvoker.invokeTestMethod(TestInvoker.java:230)
at org.testng.internal.invokers.MethodRunner.runInSequence(MethodRunner.java:63)
at org.testng.internal.invokers.TestInvoker$MethodInvocationAgent.invoke(TestInvoker.java:1005)
at org.testng.internal.invokers.TestInvoker.invokeTestMethods(TestInvoker.java:203)
at org.testng.internal.invokers.TestMethodWorker.invokeTestMethods(TestMethodWorker.java:154)
at org.testng.internal.invokers.TestMethodWorker.run(TestMethodWorker.java:134)
at java.base/java.util.ArrayList.forEach(ArrayList.java:1604)
at org.testng.TestRunner.privateRun(TestRunner.java:744)
at org.testng.TestRunner.run(TestRunner.java:616)
at org.testng.SuiteRunner.runTest(SuiteRunner.java:421)
at org.testng.SuiteRunner$SuiteWorker.run(SuiteRunner.java:463)
at org.testng.internal.thread.ThreadUtil.lambda$execute$0(ThreadUtil.java:64)
at java.base/java.util.concurrent.FutureTask.run(FutureTask.java:328)
at java.base/java.util.concurrent.ThreadPoolExecutor.runWorker(ThreadPoolExecutor.java:1095)
at java.base/java.util.concurrent.ThreadPoolExecutor$Worker.run(ThreadPoolExecutor.java:619)
at java.base/java.lang.Thread.run(Thread.java:1447)
]]>
            </full-stacktrace>
          </exception> <!-- org.openqa.selenium.NoSuchElementException -->
          <reporter-output>
          </reporter-output>
        </test-method> <!-- ResetButtonFunctionalityValidation -->
        <test-method is-config="true" signature="navigateToAppliedPolicyHolders()[pri:0, instance:com.wasim.major_project.ApprovedPolicyHolders@557caf28]" started-at="2026-02-17T17:36:33 IST" name="navigateToAppliedPolicyHolders" finished-at="2026-02-17T17:36:35 IST" duration-ms="1225" status="PASS">
          <reporter-output>
          </reporter-output>
        </test-method> <!-- navigateToAppliedPolicyHolders -->
        <test-method signature="paginationNumberValidationFunctionality()[pri:21, instance:com.wasim.major_project.ApprovedPolicyHolders@557caf28]" started-at="2026-02-17T17:36:35 IST" name="paginationNumberValidationFunctionality" finished-at="2026-02-17T17:36:35 IST" duration-ms="545" status="PASS">
          <reporter-output>
          </reporter-output>
        </test-method> <!-- paginationNumberValidationFunctionality -->
        <test-method is-config="true" signature="navigateToAppliedPolicyHolders()[pri:0, instance:com.wasim.major_project.ApprovedPolicyHolders@557caf28]" started-at="2026-02-17T17:36:36 IST" name="navigateToAppliedPolicyHolders" finished-at="2026-02-17T17:36:38 IST" duration-ms="1739" status="PASS">
          <reporter-output>
          </reporter-output>
        </test-method> <!-- navigateToAppliedPolicyHolders -->
        <test-method signature="Previous_Button_Functionality_Validation()[pri:22, instance:com.wasim.major_project.ApprovedPolicyHolders@557caf28]" started-at="2026-02-17T17:36:38 IST" name="Previous_Button_Functionality_Validation" finished-at="2026-02-17T17:36:38 IST" duration-ms="34" status="FAIL">
          <exception class="java.lang.AssertionError">
            <message>
              <![CDATA[Previous button is NOT present on the page. expected [true] but found [false]]]>
            </message>
            <full-stacktrace>
              <![CDATA[java.lang.AssertionError: Previous button is NOT present on the page. expected [true] but found [false]
at org.testng.Assert.fail(Assert.java:111)
at org.testng.Assert.failNotEquals(Assert.java:1590)
at org.testng.Assert.assertTrue(Assert.java:57)
at com.wasim.major_project.ApprovedPolicyHolders.Previous_Button_Functionality_Validation(ApprovedPolicyHolders.java:535)
at java.base/jdk.internal.reflect.DirectMethodHandleAccessor.invoke(DirectMethodHandleAccessor.java:104)
at java.base/java.lang.reflect.Method.invoke(Method.java:565)
at org.testng.internal.invokers.MethodInvocationHelper.invokeMethod(MethodInvocationHelper.java:141)
at org.testng.internal.invokers.TestInvoker.invokeMethod(TestInvoker.java:697)
at org.testng.internal.invokers.TestInvoker.invokeTestMethod(TestInvoker.java:230)
at org.testng.internal.invokers.MethodRunner.runInSequence(MethodRunner.java:63)
at org.testng.internal.invokers.TestInvoker$MethodInvocationAgent.invoke(TestInvoker.java:1005)
at org.testng.internal.invokers.TestInvoker.invokeTestMethods(TestInvoker.java:203)
at org.testng.internal.invokers.TestMethodWorker.invokeTestMethods(TestMethodWorker.java:154)
at org.testng.internal.invokers.TestMethodWorker.run(TestMethodWorker.java:134)
at java.base/java.util.ArrayList.forEach(ArrayList.java:1604)
at org.testng.TestRunner.privateRun(TestRunner.java:744)
at org.testng.TestRunner.run(TestRunner.java:616)
at org.testng.SuiteRunner.runTest(SuiteRunner.java:421)
at org.testng.SuiteRunner$SuiteWorker.run(SuiteRunner.java:463)
at org.testng.internal.thread.ThreadUtil.lambda$execute$0(ThreadUtil.java:64)
at java.base/java.util.concurrent.FutureTask.run(FutureTask.java:328)
at java.base/java.util.concurrent.ThreadPoolExecutor.runWorker(ThreadPoolExecutor.java:1095)
at java.base/java.util.concurrent.ThreadPoolExecutor$Worker.run(ThreadPoolExecutor.java:619)
at java.base/java.lang.Thread.run(Thread.java:1447)
]]>
            </full-stacktrace>
          </exception> <!-- java.lang.AssertionError -->
          <reporter-output>
          </reporter-output>
        </test-method> <!-- Previous_Button_Functionality_Validation -->
        <test-method is-config="true" signature="navigateToAppliedPolicyHolders()[pri:0, instance:com.wasim.major_project.ApprovedPolicyHolders@557caf28]" started-at="2026-02-17T17:36:40 IST" name="navigateToAppliedPolicyHolders" finished-at="2026-02-17T17:36:41 IST" duration-ms="1223" status="PASS">
          <reporter-output>
          </reporter-output>
        </test-method> <!-- navigateToAppliedPolicyHolders -->
        <test-method signature="Next_Button_Functionality_Validation()[pri:23, instance:com.wasim.major_project.ApprovedPolicyHolders@557caf28]" started-at="2026-02-17T17:36:41 IST" name="Next_Button_Functionality_Validation" finished-at="2026-02-17T17:36:41 IST" duration-ms="34" status="FAIL">
          <exception class="java.lang.AssertionError">
            <message>
              <![CDATA[Previous button is NOT present on the page. expected [true] but found [false]]]>
            </message>
            <full-stacktrace>
              <![CDATA[java.lang.AssertionError: Previous button is NOT present on the page. expected [true] but found [false]
at org.testng.Assert.fail(Assert.java:111)
at org.testng.Assert.failNotEquals(Assert.java:1590)
at org.testng.Assert.assertTrue(Assert.java:57)
at com.wasim.major_project.ApprovedPolicyHolders.Next_Button_Functionality_Validation(ApprovedPolicyHolders.java:551)
at java.base/jdk.internal.reflect.DirectMethodHandleAccessor.invoke(DirectMethodHandleAccessor.java:104)
at java.base/java.lang.reflect.Method.invoke(Method.java:565)
at org.testng.internal.invokers.MethodInvocationHelper.invokeMethod(MethodInvocationHelper.java:141)
at org.testng.internal.invokers.TestInvoker.invokeMethod(TestInvoker.java:697)
at org.testng.internal.invokers.TestInvoker.invokeTestMethod(TestInvoker.java:230)
at org.testng.internal.invokers.MethodRunner.runInSequence(MethodRunner.java:63)
at org.testng.internal.invokers.TestInvoker$MethodInvocationAgent.invoke(TestInvoker.java:1005)
at org.testng.internal.invokers.TestInvoker.invokeTestMethods(TestInvoker.java:203)
at org.testng.internal.invokers.TestMethodWorker.invokeTestMethods(TestMethodWorker.java:154)
at org.testng.internal.invokers.TestMethodWorker.run(TestMethodWorker.java:134)
at java.base/java.util.ArrayList.forEach(ArrayList.java:1604)
at org.testng.TestRunner.privateRun(TestRunner.java:744)
at org.testng.TestRunner.run(TestRunner.java:616)
at org.testng.SuiteRunner.runTest(SuiteRunner.java:421)
at org.testng.SuiteRunner$SuiteWorker.run(SuiteRunner.java:463)
at org.testng.internal.thread.ThreadUtil.lambda$execute$0(ThreadUtil.java:64)
at java.base/java.util.concurrent.FutureTask.run(FutureTask.java:328)
at java.base/java.util.concurrent.ThreadPoolExecutor.runWorker(ThreadPoolExecutor.java:1095)
at java.base/java.util.concurrent.ThreadPoolExecutor$Worker.run(ThreadPoolExecutor.java:619)
at java.base/java.lang.Thread.run(Thread.java:1447)
]]>
            </full-stacktrace>
          </exception> <!-- java.lang.AssertionError -->
          <reporter-output>
          </reporter-output>
        </test-method> <!-- Next_Button_Functionality_Validation -->
        <test-method is-config="true" signature="navigateToAppliedPolicyHolders()[pri:0, instance:com.wasim.major_project.ApprovedPolicyHolders@557caf28]" started-at="2026-02-17T17:36:44 IST" name="navigateToAppliedPolicyHolders" finished-at="2026-02-17T17:36:45 IST" duration-ms="1208" status="PASS">
          <reporter-output>
          </reporter-output>
        </test-method> <!-- navigateToAppliedPolicyHolders -->
        <test-method signature="ScrollUpbuttonFunctionalityValidation()[pri:24, instance:com.wasim.major_project.ApprovedPolicyHolders@557caf28]" started-at="2026-02-17T17:36:45 IST" name="ScrollUpbuttonFunctionalityValidation" finished-at="2026-02-17T17:36:47 IST" duration-ms="1740" status="PASS">
          <reporter-output>
          </reporter-output>
        </test-method> <!-- ScrollUpbuttonFunctionalityValidation -->
      </class> <!-- com.wasim.major_project.ApprovedPolicyHolders -->
      <class name="com.wasim.major_project.AppliedPolicyHolders">
        <test-method is-config="true" signature="setUp(java.lang.String)[pri:0, instance:com.wasim.major_project.AppliedPolicyHolders@75d4a5c2]" started-at="2026-02-17T17:35:09 IST" name="setUp" finished-at="2026-02-17T17:35:16 IST" duration-ms="7186" status="PASS">
          <params>
            <param index="0">
              <value>
                <![CDATA[edge]]>
              </value>
            </param>
          </params>
          <reporter-output>
          </reporter-output>
        </test-method> <!-- setUp -->
        <test-method is-config="true" signature="navigateToAppliedPolicyHolders()[pri:0, instance:com.wasim.major_project.AppliedPolicyHolders@75d4a5c2]" started-at="2026-02-17T17:35:16 IST" name="navigateToAppliedPolicyHolders" finished-at="2026-02-17T17:35:17 IST" duration-ms="1005" status="PASS">
          <reporter-output>
          </reporter-output>
        </test-method> <!-- navigateToAppliedPolicyHolders -->
        <test-method signature="Search_Button_Functionality_Validation()[pri:0, instance:com.wasim.major_project.AppliedPolicyHolders@75d4a5c2]" started-at="2026-02-17T17:35:17 IST" name="Search_Button_Functionality_Validation" finished-at="2026-02-17T17:35:18 IST" duration-ms="591" status="PASS">
          <reporter-output>
          </reporter-output>
        </test-method> <!-- Search_Button_Functionality_Validation -->
        <test-method is-config="true" signature="navigateToAppliedPolicyHolders()[pri:0, instance:com.wasim.major_project.AppliedPolicyHolders@75d4a5c2]" started-at="2026-02-17T17:35:26 IST" name="navigateToAppliedPolicyHolders" finished-at="2026-02-17T17:35:28 IST" duration-ms="1633" status="PASS">
          <reporter-output>
          </reporter-output>
        </test-method> <!-- navigateToAppliedPolicyHolders -->
        <test-method signature="validatePageHeaderUi()[pri:0, instance:com.wasim.major_project.AppliedPolicyHolders@75d4a5c2]" started-at="2026-02-17T17:35:28 IST" name="validatePageHeaderUi" finished-at="2026-02-17T17:35:28 IST" duration-ms="83" status="PASS">
          <reporter-output>
          </reporter-output>
        </test-method> <!-- validatePageHeaderUi -->
        <test-method is-config="true" signature="navigateToAppliedPolicyHolders()[pri:0, instance:com.wasim.major_project.AppliedPolicyHolders@75d4a5c2]" started-at="2026-02-17T17:35:29 IST" name="navigateToAppliedPolicyHolders" finished-at="2026-02-17T17:35:30 IST" duration-ms="1219" status="PASS">
          <reporter-output>
          </reporter-output>
        </test-method> <!-- navigateToAppliedPolicyHolders -->
        <test-method signature="validateBreadcrumbUI()[pri:1, instance:com.wasim.major_project.AppliedPolicyHolders@75d4a5c2]" started-at="2026-02-17T17:35:30 IST" name="validateBreadcrumbUI" finished-at="2026-02-17T17:35:30 IST" duration-ms="319" status="FAIL">
          <exception class="java.lang.AssertionError">
            <message>
              <![CDATA[The following asserts failed:
Breadcrumb root mismatch expected [Dashboard] but found [Policy Holders],
Breadcrumb leaf mismatch expected [Applied Policy Holders] but found [View]]]>
            </message>
            <full-stacktrace>
              <![CDATA[java.lang.AssertionError: The following asserts failed:
Breadcrumb root mismatch expected [Dashboard] but found [Policy Holders],
Breadcrumb leaf mismatch expected [Applied Policy Holders] but found [View]
at org.testng.asserts.SoftAssert.assertAll(SoftAssert.java:46)
at org.testng.asserts.SoftAssert.assertAll(SoftAssert.java:30)
at com.wasim.major_project.AppliedPolicyHolders.validateBreadcrumbUI(AppliedPolicyHolders.java:52)
at java.base/jdk.internal.reflect.DirectMethodHandleAccessor.invoke(DirectMethodHandleAccessor.java:104)
at java.base/java.lang.reflect.Method.invoke(Method.java:565)
at org.testng.internal.invokers.MethodInvocationHelper.invokeMethod(MethodInvocationHelper.java:141)
at org.testng.internal.invokers.TestInvoker.invokeMethod(TestInvoker.java:697)
at org.testng.internal.invokers.TestInvoker.invokeTestMethod(TestInvoker.java:230)
at org.testng.internal.invokers.MethodRunner.runInSequence(MethodRunner.java:63)
at org.testng.internal.invokers.TestInvoker$MethodInvocationAgent.invoke(TestInvoker.java:1005)
at org.testng.internal.invokers.TestInvoker.invokeTestMethods(TestInvoker.java:203)
at org.testng.internal.invokers.TestMethodWorker.invokeTestMethods(TestMethodWorker.java:154)
at org.testng.internal.invokers.TestMethodWorker.run(TestMethodWorker.java:134)
at java.base/java.util.ArrayList.forEach(ArrayList.java:1604)
at org.testng.TestRunner.privateRun(TestRunner.java:744)
at org.testng.TestRunner.run(TestRunner.java:616)
at org.testng.SuiteRunner.runTest(SuiteRunner.java:421)
at org.testng.SuiteRunner$SuiteWorker.run(SuiteRunner.java:463)
at org.testng.internal.thread.ThreadUtil.lambda$execute$0(ThreadUtil.java:64)
at java.base/java.util.concurrent.FutureTask.run(FutureTask.java:328)
at java.base/java.util.concurrent.ThreadPoolExecutor.runWorker(ThreadPoolExecutor.java:1095)
at java.base/java.util.concurrent.ThreadPoolExecutor$Worker.run(ThreadPoolExecutor.java:619)
at java.base/java.lang.Thread.run(Thread.java:1447)
]]>
            </full-stacktrace>
          </exception> <!-- java.lang.AssertionError -->
          <reporter-output>
          </reporter-output>
        </test-method> <!-- validateBreadcrumbUI -->
        <test-method is-config="true" signature="navigateToAppliedPolicyHolders()[pri:0, instance:com.wasim.major_project.AppliedPolicyHolders@75d4a5c2]" started-at="2026-02-17T17:35:31 IST" name="navigateToAppliedPolicyHolders" finished-at="2026-02-17T17:35:33 IST" duration-ms="1813" status="PASS">
          <reporter-output>
          </reporter-output>
        </test-method> <!-- navigateToAppliedPolicyHolders -->
        <test-method signature="validateCustomerNameDropdownUI()[pri:2, instance:com.wasim.major_project.AppliedPolicyHolders@75d4a5c2]" started-at="2026-02-17T17:35:33 IST" name="validateCustomerNameDropdownUI" finished-at="2026-02-17T17:35:34 IST" duration-ms="558" status="PASS">
          <reporter-output>
          </reporter-output>
        </test-method> <!-- validateCustomerNameDropdownUI -->
        <test-method is-config="true" signature="navigateToAppliedPolicyHolders()[pri:0, instance:com.wasim.major_project.AppliedPolicyHolders@75d4a5c2]" started-at="2026-02-17T17:35:36 IST" name="navigateToAppliedPolicyHolders" finished-at="2026-02-17T17:35:38 IST" duration-ms="1251" status="PASS">
          <reporter-output>
          </reporter-output>
        </test-method> <!-- navigateToAppliedPolicyHolders -->
        <test-method signature="Policy_Status_Filter_UI_Validation()[pri:3, instance:com.wasim.major_project.AppliedPolicyHolders@75d4a5c2]" started-at="2026-02-17T17:35:38 IST" name="Policy_Status_Filter_UI_Validation" finished-at="2026-02-17T17:35:39 IST" duration-ms="1318" status="PASS">
          <reporter-output>
          </reporter-output>
        </test-method> <!-- Policy_Status_Filter_UI_Validation -->
        <test-method is-config="true" signature="navigateToAppliedPolicyHolders()[pri:0, instance:com.wasim.major_project.AppliedPolicyHolders@75d4a5c2]" started-at="2026-02-17T17:35:41 IST" name="navigateToAppliedPolicyHolders" finished-at="2026-02-17T17:35:42 IST" duration-ms="1178" status="PASS">
          <reporter-output>
          </reporter-output>
        </test-method> <!-- navigateToAppliedPolicyHolders -->
        <test-method signature="searchButtonUi()[pri:4, instance:com.wasim.major_project.AppliedPolicyHolders@75d4a5c2]" started-at="2026-02-17T17:35:42 IST" name="searchButtonUi" finished-at="2026-02-17T17:35:42 IST" duration-ms="126" status="PASS">
          <reporter-output>
          </reporter-output>
        </test-method> <!-- searchButtonUi -->
        <test-method is-config="true" signature="navigateToAppliedPolicyHolders()[pri:0, instance:com.wasim.major_project.AppliedPolicyHolders@75d4a5c2]" started-at="2026-02-17T17:35:43 IST" name="navigateToAppliedPolicyHolders" finished-at="2026-02-17T17:35:45 IST" duration-ms="1161" status="PASS">
          <reporter-output>
          </reporter-output>
        </test-method> <!-- navigateToAppliedPolicyHolders -->
        <test-method signature="resetButtonUi()[pri:5, instance:com.wasim.major_project.AppliedPolicyHolders@75d4a5c2]" started-at="2026-02-17T17:35:45 IST" name="resetButtonUi" finished-at="2026-02-17T17:35:45 IST" duration-ms="129" status="PASS">
          <reporter-output>
          </reporter-output>
        </test-method> <!-- resetButtonUi -->
        <test-method is-config="true" signature="navigateToAppliedPolicyHolders()[pri:0, instance:com.wasim.major_project.AppliedPolicyHolders@75d4a5c2]" started-at="2026-02-17T17:35:45 IST" name="navigateToAppliedPolicyHolders" finished-at="2026-02-17T17:35:47 IST" duration-ms="1066" status="PASS">
          <reporter-output>
          </reporter-output>
        </test-method> <!-- navigateToAppliedPolicyHolders -->
        <test-method signature="validateTableHeadersUI()[pri:6, instance:com.wasim.major_project.AppliedPolicyHolders@75d4a5c2]" started-at="2026-02-17T17:35:47 IST" name="validateTableHeadersUI" finished-at="2026-02-17T17:35:47 IST" duration-ms="563" status="PASS">
          <reporter-output>
          </reporter-output>
        </test-method> <!-- validateTableHeadersUI -->
        <test-method is-config="true" signature="navigateToAppliedPolicyHolders()[pri:0, instance:com.wasim.major_project.AppliedPolicyHolders@75d4a5c2]" started-at="2026-02-17T17:35:48 IST" name="navigateToAppliedPolicyHolders" finished-at="2026-02-17T17:35:49 IST" duration-ms="1128" status="PASS">
          <reporter-output>
          </reporter-output>
        </test-method> <!-- navigateToAppliedPolicyHolders -->
        <test-method signature="trashIconAlertUI()[pri:7, instance:com.wasim.major_project.AppliedPolicyHolders@75d4a5c2]" started-at="2026-02-17T17:35:49 IST" name="trashIconAlertUI" finished-at="2026-02-17T17:35:50 IST" duration-ms="432" status="PASS">
          <reporter-output>
          </reporter-output>
        </test-method> <!-- trashIconAlertUI -->
        <test-method is-config="true" signature="navigateToAppliedPolicyHolders()[pri:0, instance:com.wasim.major_project.AppliedPolicyHolders@75d4a5c2]" started-at="2026-02-17T17:35:50 IST" name="navigateToAppliedPolicyHolders" finished-at="2026-02-17T17:35:50 IST" duration-ms="692" status="PASS">
          <reporter-output>
          </reporter-output>
        </test-method> <!-- navigateToAppliedPolicyHolders -->
        <test-method signature="paginationNumberValidationUI()[pri:9, instance:com.wasim.major_project.AppliedPolicyHolders@75d4a5c2]" started-at="2026-02-17T17:35:50 IST" name="paginationNumberValidationUI" finished-at="2026-02-17T17:35:51 IST" duration-ms="333" status="PASS">
          <reporter-output>
          </reporter-output>
        </test-method> <!-- paginationNumberValidationUI -->
        <test-method is-config="true" signature="navigateToAppliedPolicyHolders()[pri:0, instance:com.wasim.major_project.AppliedPolicyHolders@75d4a5c2]" started-at="2026-02-17T17:35:53 IST" name="navigateToAppliedPolicyHolders" finished-at="2026-02-17T17:35:54 IST" duration-ms="1179" status="PASS">
          <reporter-output>
          </reporter-output>
        </test-method> <!-- navigateToAppliedPolicyHolders -->
        <test-method signature="Previous_Button_UI_Validation()[pri:10, instance:com.wasim.major_project.AppliedPolicyHolders@75d4a5c2]" started-at="2026-02-17T17:35:54 IST" name="Previous_Button_UI_Validation" finished-at="2026-02-17T17:35:54 IST" duration-ms="29" status="FAIL">
          <exception class="java.lang.AssertionError">
            <message>
              <![CDATA[Previous button is NOT present on the page. expected [true] but found [false]]]>
            </message>
            <full-stacktrace>
              <![CDATA[java.lang.AssertionError: Previous button is NOT present on the page. expected [true] but found [false]
at org.testng.Assert.fail(Assert.java:111)
at org.testng.Assert.failNotEquals(Assert.java:1590)
at org.testng.Assert.assertTrue(Assert.java:57)
at com.wasim.major_project.AppliedPolicyHolders.Previous_Button_UI_Validation(AppliedPolicyHolders.java:211)
at java.base/jdk.internal.reflect.DirectMethodHandleAccessor.invoke(DirectMethodHandleAccessor.java:104)
at java.base/java.lang.reflect.Method.invoke(Method.java:565)
at org.testng.internal.invokers.MethodInvocationHelper.invokeMethod(MethodInvocationHelper.java:141)
at org.testng.internal.invokers.TestInvoker.invokeMethod(TestInvoker.java:697)
at org.testng.internal.invokers.TestInvoker.invokeTestMethod(TestInvoker.java:230)
at org.testng.internal.invokers.MethodRunner.runInSequence(MethodRunner.java:63)
at org.testng.internal.invokers.TestInvoker$MethodInvocationAgent.invoke(TestInvoker.java:1005)
at org.testng.internal.invokers.TestInvoker.invokeTestMethods(TestInvoker.java:203)
at org.testng.internal.invokers.TestMethodWorker.invokeTestMethods(TestMethodWorker.java:154)
at org.testng.internal.invokers.TestMethodWorker.run(TestMethodWorker.java:134)
at java.base/java.util.ArrayList.forEach(ArrayList.java:1604)
at org.testng.TestRunner.privateRun(TestRunner.java:744)
at org.testng.TestRunner.run(TestRunner.java:616)
at org.testng.SuiteRunner.runTest(SuiteRunner.java:421)
at org.testng.SuiteRunner$SuiteWorker.run(SuiteRunner.java:463)
at org.testng.internal.thread.ThreadUtil.lambda$execute$0(ThreadUtil.java:64)
at java.base/java.util.concurrent.FutureTask.run(FutureTask.java:328)
at java.base/java.util.concurrent.ThreadPoolExecutor.runWorker(ThreadPoolExecutor.java:1095)
at java.base/java.util.concurrent.ThreadPoolExecutor$Worker.run(ThreadPoolExecutor.java:619)
at java.base/java.lang.Thread.run(Thread.java:1447)
]]>
            </full-stacktrace>
          </exception> <!-- java.lang.AssertionError -->
          <reporter-output>
          </reporter-output>
        </test-method> <!-- Previous_Button_UI_Validation -->
        <test-method is-config="true" signature="navigateToAppliedPolicyHolders()[pri:0, instance:com.wasim.major_project.AppliedPolicyHolders@75d4a5c2]" started-at="2026-02-17T17:35:56 IST" name="navigateToAppliedPolicyHolders" finished-at="2026-02-17T17:35:56 IST" duration-ms="737" status="PASS">
          <reporter-output>
          </reporter-output>
        </test-method> <!-- navigateToAppliedPolicyHolders -->
        <test-method signature="Next_Button_UI_Validation()[pri:11, instance:com.wasim.major_project.AppliedPolicyHolders@75d4a5c2]" started-at="2026-02-17T17:35:56 IST" name="Next_Button_UI_Validation" finished-at="2026-02-17T17:35:56 IST" duration-ms="114" status="FAIL">
          <exception class="java.lang.AssertionError">
            <message>
              <![CDATA[The following asserts failed:
expected [NEXT] but found [...]]]>
            </message>
            <full-stacktrace>
              <![CDATA[java.lang.AssertionError: The following asserts failed:
expected [NEXT] but found [...]
at org.testng.asserts.SoftAssert.assertAll(SoftAssert.java:46)
at org.testng.asserts.SoftAssert.assertAll(SoftAssert.java:30)
at com.wasim.major_project.AppliedPolicyHolders.Next_Button_UI_Validation(AppliedPolicyHolders.java:242)
at java.base/jdk.internal.reflect.DirectMethodHandleAccessor.invoke(DirectMethodHandleAccessor.java:104)
at java.base/java.lang.reflect.Method.invoke(Method.java:565)
at org.testng.internal.invokers.MethodInvocationHelper.invokeMethod(MethodInvocationHelper.java:141)
at org.testng.internal.invokers.TestInvoker.invokeMethod(TestInvoker.java:697)
at org.testng.internal.invokers.TestInvoker.invokeTestMethod(TestInvoker.java:230)
at org.testng.internal.invokers.MethodRunner.runInSequence(MethodRunner.java:63)
at org.testng.internal.invokers.TestInvoker$MethodInvocationAgent.invoke(TestInvoker.java:1005)
at org.testng.internal.invokers.TestInvoker.invokeTestMethods(TestInvoker.java:203)
at org.testng.internal.invokers.TestMethodWorker.invokeTestMethods(TestMethodWorker.java:154)
at org.testng.internal.invokers.TestMethodWorker.run(TestMethodWorker.java:134)
at java.base/java.util.ArrayList.forEach(ArrayList.java:1604)
at org.testng.TestRunner.privateRun(TestRunner.java:744)
at org.testng.TestRunner.run(TestRunner.java:616)
at org.testng.SuiteRunner.runTest(SuiteRunner.java:421)
at org.testng.SuiteRunner$SuiteWorker.run(SuiteRunner.java:463)
at org.testng.internal.thread.ThreadUtil.lambda$execute$0(ThreadUtil.java:64)
at java.base/java.util.concurrent.FutureTask.run(FutureTask.java:328)
at java.base/java.util.concurrent.ThreadPoolExecutor.runWorker(ThreadPoolExecutor.java:1095)
at java.base/java.util.concurrent.ThreadPoolExecutor$Worker.run(ThreadPoolExecutor.java:619)
at java.base/java.lang.Thread.run(Thread.java:1447)
]]>
            </full-stacktrace>
          </exception> <!-- java.lang.AssertionError -->
          <reporter-output>
          </reporter-output>
        </test-method> <!-- Next_Button_UI_Validation -->
        <test-method is-config="true" signature="navigateToAppliedPolicyHolders()[pri:0, instance:com.wasim.major_project.AppliedPolicyHolders@75d4a5c2]" started-at="2026-02-17T17:35:58 IST" name="navigateToAppliedPolicyHolders" finished-at="2026-02-17T17:35:59 IST" duration-ms="1285" status="PASS">
          <reporter-output>
          </reporter-output>
        </test-method> <!-- navigateToAppliedPolicyHolders -->
        <test-method signature="scrollUpButtonUI()[pri:12, instance:com.wasim.major_project.AppliedPolicyHolders@75d4a5c2]" started-at="2026-02-17T17:35:59 IST" name="scrollUpButtonUI" finished-at="2026-02-17T17:35:59 IST" duration-ms="100" status="PASS">
          <reporter-output>
          </reporter-output>
        </test-method> <!-- scrollUpButtonUI -->
        <test-method is-config="true" signature="navigateToAppliedPolicyHolders()[pri:0, instance:com.wasim.major_project.AppliedPolicyHolders@75d4a5c2]" started-at="2026-02-17T17:36:00 IST" name="navigateToAppliedPolicyHolders" finished-at="2026-02-17T17:36:01 IST" duration-ms="833" status="PASS">
          <reporter-output>
          </reporter-output>
        </test-method> <!-- navigateToAppliedPolicyHolders -->
        <test-method signature="validateHeaderandBreadcrumbFunctionality()[pri:13, instance:com.wasim.major_project.AppliedPolicyHolders@75d4a5c2]" started-at="2026-02-17T17:36:01 IST" name="validateHeaderandBreadcrumbFunctionality" finished-at="2026-02-17T17:36:02 IST" duration-ms="595" status="FAIL">
          <exception class="java.lang.AssertionError">
            <message>
              <![CDATA[The following asserts failed:
Breadcrumb root mismatch expected [Dashboard] but found [Policy Holders],
Dashboard page is not loaded succesfully expected [Dashboard] but found [Policy Holders]]]>
            </message>
            <full-stacktrace>
              <![CDATA[java.lang.AssertionError: The following asserts failed:
Breadcrumb root mismatch expected [Dashboard] but found [Policy Holders],
Dashboard page is not loaded succesfully expected [Dashboard] but found [Policy Holders]
at org.testng.asserts.SoftAssert.assertAll(SoftAssert.java:46)
at org.testng.asserts.SoftAssert.assertAll(SoftAssert.java:30)
at com.wasim.major_project.AppliedPolicyHolders.validateHeaderandBreadcrumbFunctionality(AppliedPolicyHolders.java:270)
at java.base/jdk.internal.reflect.DirectMethodHandleAccessor.invoke(DirectMethodHandleAccessor.java:104)
at java.base/java.lang.reflect.Method.invoke(Method.java:565)
at org.testng.internal.invokers.MethodInvocationHelper.invokeMethod(MethodInvocationHelper.java:141)
at org.testng.internal.invokers.TestInvoker.invokeMethod(TestInvoker.java:697)
at org.testng.internal.invokers.TestInvoker.invokeTestMethod(TestInvoker.java:230)
at org.testng.internal.invokers.MethodRunner.runInSequence(MethodRunner.java:63)
at org.testng.internal.invokers.TestInvoker$MethodInvocationAgent.invoke(TestInvoker.java:1005)
at org.testng.internal.invokers.TestInvoker.invokeTestMethods(TestInvoker.java:203)
at org.testng.internal.invokers.TestMethodWorker.invokeTestMethods(TestMethodWorker.java:154)
at org.testng.internal.invokers.TestMethodWorker.run(TestMethodWorker.java:134)
at java.base/java.util.ArrayList.forEach(ArrayList.java:1604)
at org.testng.TestRunner.privateRun(TestRunner.java:744)
at org.testng.TestRunner.run(TestRunner.java:616)
at org.testng.SuiteRunner.runTest(SuiteRunner.java:421)
at org.testng.SuiteRunner$SuiteWorker.run(SuiteRunner.java:463)
at org.testng.internal.thread.ThreadUtil.lambda$execute$0(ThreadUtil.java:64)
at java.base/java.util.concurrent.FutureTask.run(FutureTask.java:328)
at java.base/java.util.concurrent.ThreadPoolExecutor.runWorker(ThreadPoolExecutor.java:1095)
at java.base/java.util.concurrent.ThreadPoolExecutor$Worker.run(ThreadPoolExecutor.java:619)
at java.base/java.lang.Thread.run(Thread.java:1447)
]]>
            </full-stacktrace>
          </exception> <!-- java.lang.AssertionError -->
          <reporter-output>
          </reporter-output>
        </test-method> <!-- validateHeaderandBreadcrumbFunctionality -->
        <test-method is-config="true" signature="navigateToAppliedPolicyHolders()[pri:0, instance:com.wasim.major_project.AppliedPolicyHolders@75d4a5c2]" started-at="2026-02-17T17:36:04 IST" name="navigateToAppliedPolicyHolders" finished-at="2026-02-17T17:36:04 IST" duration-ms="747" status="PASS">
          <reporter-output>
          </reporter-output>
        </test-method> <!-- navigateToAppliedPolicyHolders -->
        <test-method signature="validateCustomerNameDropdownFunctionality()[pri:14, instance:com.wasim.major_project.AppliedPolicyHolders@75d4a5c2]" started-at="2026-02-17T17:36:04 IST" name="validateCustomerNameDropdownFunctionality" finished-at="2026-02-17T17:36:05 IST" duration-ms="517" status="PASS">
          <reporter-output>
          </reporter-output>
        </test-method> <!-- validateCustomerNameDropdownFunctionality -->
        <test-method is-config="true" signature="navigateToAppliedPolicyHolders()[pri:0, instance:com.wasim.major_project.AppliedPolicyHolders@75d4a5c2]" started-at="2026-02-17T17:36:06 IST" name="navigateToAppliedPolicyHolders" finished-at="2026-02-17T17:36:07 IST" duration-ms="688" status="PASS">
          <reporter-output>
          </reporter-output>
        </test-method> <!-- navigateToAppliedPolicyHolders -->
        <test-method signature="Policy_Status_Filter_Functionality_Validation()[pri:15, instance:com.wasim.major_project.AppliedPolicyHolders@75d4a5c2]" started-at="2026-02-17T17:36:07 IST" name="Policy_Status_Filter_Functionality_Validation" finished-at="2026-02-17T17:36:09 IST" duration-ms="1332" status="PASS">
          <reporter-output>
          </reporter-output>
        </test-method> <!-- Policy_Status_Filter_Functionality_Validation -->
        <test-method is-config="true" signature="navigateToAppliedPolicyHolders()[pri:0, instance:com.wasim.major_project.AppliedPolicyHolders@75d4a5c2]" started-at="2026-02-17T17:36:13 IST" name="navigateToAppliedPolicyHolders" finished-at="2026-02-17T17:36:14 IST" duration-ms="1285" status="PASS">
          <reporter-output>
          </reporter-output>
        </test-method> <!-- navigateToAppliedPolicyHolders -->
        <test-method signature="ResetButtonFunctionalityValidation()[pri:17, instance:com.wasim.major_project.AppliedPolicyHolders@75d4a5c2]" started-at="2026-02-17T17:36:14 IST" name="ResetButtonFunctionalityValidation" finished-at="2026-02-17T17:36:17 IST" duration-ms="2610" status="PASS">
          <reporter-output>
          </reporter-output>
        </test-method> <!-- ResetButtonFunctionalityValidation -->
        <test-method is-config="true" signature="navigateToAppliedPolicyHolders()[pri:0, instance:com.wasim.major_project.AppliedPolicyHolders@75d4a5c2]" started-at="2026-02-17T17:36:19 IST" name="navigateToAppliedPolicyHolders" finished-at="2026-02-17T17:36:20 IST" duration-ms="778" status="PASS">
          <reporter-output>
          </reporter-output>
        </test-method> <!-- navigateToAppliedPolicyHolders -->
        <test-method signature="trashIconAlertFunctionality()[pri:18, instance:com.wasim.major_project.AppliedPolicyHolders@75d4a5c2]" started-at="2026-02-17T17:36:20 IST" name="trashIconAlertFunctionality" finished-at="2026-02-17T17:36:20 IST" duration-ms="136" status="PASS">
          <reporter-output>
          </reporter-output>
        </test-method> <!-- trashIconAlertFunctionality -->
        <test-method is-config="true" signature="navigateToAppliedPolicyHolders()[pri:0, instance:com.wasim.major_project.AppliedPolicyHolders@75d4a5c2]" started-at="2026-02-17T17:36:20 IST" name="navigateToAppliedPolicyHolders" finished-at="2026-02-17T17:36:21 IST" duration-ms="1180" status="PASS">
          <reporter-output>
          </reporter-output>
        </test-method> <!-- navigateToAppliedPolicyHolders -->
        <test-method signature="ok_Alert_Of_DeleteButton_validation()[pri:19, instance:com.wasim.major_project.AppliedPolicyHolders@75d4a5c2]" started-at="2026-02-17T17:36:21 IST" name="ok_Alert_Of_DeleteButton_validation" finished-at="2026-02-17T17:36:26 IST" duration-ms="4551" status="FAIL">
          <exception class="java.lang.AssertionError">
            <message>
              <![CDATA[The following asserts failed:
expected [false] but found [true]]]>
            </message>
            <full-stacktrace>
              <![CDATA[java.lang.AssertionError: The following asserts failed:
expected [false] but found [true]
at org.testng.asserts.SoftAssert.assertAll(SoftAssert.java:46)
at org.testng.asserts.SoftAssert.assertAll(SoftAssert.java:30)
at com.wasim.major_project.AppliedPolicyHolders.ok_Alert_Of_DeleteButton_validation(AppliedPolicyHolders.java:518)
at java.base/jdk.internal.reflect.DirectMethodHandleAccessor.invoke(DirectMethodHandleAccessor.java:104)
at java.base/java.lang.reflect.Method.invoke(Method.java:565)
at org.testng.internal.invokers.MethodInvocationHelper.invokeMethod(MethodInvocationHelper.java:141)
at org.testng.internal.invokers.TestInvoker.invokeMethod(TestInvoker.java:697)
at org.testng.internal.invokers.TestInvoker.invokeTestMethod(TestInvoker.java:230)
at org.testng.internal.invokers.MethodRunner.runInSequence(MethodRunner.java:63)
at org.testng.internal.invokers.TestInvoker$MethodInvocationAgent.invoke(TestInvoker.java:1005)
at org.testng.internal.invokers.TestInvoker.invokeTestMethods(TestInvoker.java:203)
at org.testng.internal.invokers.TestMethodWorker.invokeTestMethods(TestMethodWorker.java:154)
at org.testng.internal.invokers.TestMethodWorker.run(TestMethodWorker.java:134)
at java.base/java.util.ArrayList.forEach(ArrayList.java:1604)
at org.testng.TestRunner.privateRun(TestRunner.java:744)
at org.testng.TestRunner.run(TestRunner.java:616)
at org.testng.SuiteRunner.runTest(SuiteRunner.java:421)
at org.testng.SuiteRunner$SuiteWorker.run(SuiteRunner.java:463)
at org.testng.internal.thread.ThreadUtil.lambda$execute$0(ThreadUtil.java:64)
at java.base/java.util.concurrent.FutureTask.run(FutureTask.java:328)
at java.base/java.util.concurrent.ThreadPoolExecutor.runWorker(ThreadPoolExecutor.java:1095)
at java.base/java.util.concurrent.ThreadPoolExecutor$Worker.run(ThreadPoolExecutor.java:619)
at java.base/java.lang.Thread.run(Thread.java:1447)
]]>
            </full-stacktrace>
          </exception> <!-- java.lang.AssertionError -->
          <reporter-output>
          </reporter-output>
        </test-method> <!-- ok_Alert_Of_DeleteButton_validation -->
        <test-method is-config="true" signature="navigateToAppliedPolicyHolders()[pri:0, instance:com.wasim.major_project.AppliedPolicyHolders@75d4a5c2]" started-at="2026-02-17T17:36:26 IST" name="navigateToAppliedPolicyHolders" finished-at="2026-02-17T17:36:27 IST" duration-ms="804" status="PASS">
          <reporter-output>
          </reporter-output>
        </test-method> <!-- navigateToAppliedPolicyHolders -->
        <test-method signature="cancel_Alert_Of_DeleteButton_validation()[pri:20, instance:com.wasim.major_project.AppliedPolicyHolders@75d4a5c2]" started-at="2026-02-17T17:36:27 IST" name="cancel_Alert_Of_DeleteButton_validation" finished-at="2026-02-17T17:36:32 IST" duration-ms="4843" status="PASS">
          <reporter-output>
          </reporter-output>
        </test-method> <!-- cancel_Alert_Of_DeleteButton_validation -->
        <test-method is-config="true" signature="navigateToAppliedPolicyHolders()[pri:0, instance:com.wasim.major_project.AppliedPolicyHolders@75d4a5c2]" started-at="2026-02-17T17:36:32 IST" name="navigateToAppliedPolicyHolders" finished-at="2026-02-17T17:36:33 IST" duration-ms="1440" status="PASS">
          <reporter-output>
          </reporter-output>
        </test-method> <!-- navigateToAppliedPolicyHolders -->
        <test-method signature="paginationNumberValidationFunctionality()[pri:21, instance:com.wasim.major_project.AppliedPolicyHolders@75d4a5c2]" started-at="2026-02-17T17:36:33 IST" name="paginationNumberValidationFunctionality" finished-at="2026-02-17T17:36:33 IST" duration-ms="329" status="PASS">
          <reporter-output>
          </reporter-output>
        </test-method> <!-- paginationNumberValidationFunctionality -->
        <test-method is-config="true" signature="navigateToAppliedPolicyHolders()[pri:0, instance:com.wasim.major_project.AppliedPolicyHolders@75d4a5c2]" started-at="2026-02-17T17:36:35 IST" name="navigateToAppliedPolicyHolders" finished-at="2026-02-17T17:36:36 IST" duration-ms="1247" status="PASS">
          <reporter-output>
          </reporter-output>
        </test-method> <!-- navigateToAppliedPolicyHolders -->
        <test-method signature="Previous_Button_Functionality_Validation()[pri:22, instance:com.wasim.major_project.AppliedPolicyHolders@75d4a5c2]" started-at="2026-02-17T17:36:36 IST" name="Previous_Button_Functionality_Validation" finished-at="2026-02-17T17:36:36 IST" duration-ms="19" status="FAIL">
          <exception class="java.lang.AssertionError">
            <message>
              <![CDATA[Previous button is NOT present on the page. expected [true] but found [false]]]>
            </message>
            <full-stacktrace>
              <![CDATA[java.lang.AssertionError: Previous button is NOT present on the page. expected [true] but found [false]
at org.testng.Assert.fail(Assert.java:111)
at org.testng.Assert.failNotEquals(Assert.java:1590)
at org.testng.Assert.assertTrue(Assert.java:57)
at com.wasim.major_project.AppliedPolicyHolders.Previous_Button_Functionality_Validation(AppliedPolicyHolders.java:579)
at java.base/jdk.internal.reflect.DirectMethodHandleAccessor.invoke(DirectMethodHandleAccessor.java:104)
at java.base/java.lang.reflect.Method.invoke(Method.java:565)
at org.testng.internal.invokers.MethodInvocationHelper.invokeMethod(MethodInvocationHelper.java:141)
at org.testng.internal.invokers.TestInvoker.invokeMethod(TestInvoker.java:697)
at org.testng.internal.invokers.TestInvoker.invokeTestMethod(TestInvoker.java:230)
at org.testng.internal.invokers.MethodRunner.runInSequence(MethodRunner.java:63)
at org.testng.internal.invokers.TestInvoker$MethodInvocationAgent.invoke(TestInvoker.java:1005)
at org.testng.internal.invokers.TestInvoker.invokeTestMethods(TestInvoker.java:203)
at org.testng.internal.invokers.TestMethodWorker.invokeTestMethods(TestMethodWorker.java:154)
at org.testng.internal.invokers.TestMethodWorker.run(TestMethodWorker.java:134)
at java.base/java.util.ArrayList.forEach(ArrayList.java:1604)
at org.testng.TestRunner.privateRun(TestRunner.java:744)
at org.testng.TestRunner.run(TestRunner.java:616)
at org.testng.SuiteRunner.runTest(SuiteRunner.java:421)
at org.testng.SuiteRunner$SuiteWorker.run(SuiteRunner.java:463)
at org.testng.internal.thread.ThreadUtil.lambda$execute$0(ThreadUtil.java:64)
at java.base/java.util.concurrent.FutureTask.run(FutureTask.java:328)
at java.base/java.util.concurrent.ThreadPoolExecutor.runWorker(ThreadPoolExecutor.java:1095)
at java.base/java.util.concurrent.ThreadPoolExecutor$Worker.run(ThreadPoolExecutor.java:619)
at java.base/java.lang.Thread.run(Thread.java:1447)
]]>
            </full-stacktrace>
          </exception> <!-- java.lang.AssertionError -->
          <reporter-output>
          </reporter-output>
        </test-method> <!-- Previous_Button_Functionality_Validation -->
        <test-method is-config="true" signature="navigateToAppliedPolicyHolders()[pri:0, instance:com.wasim.major_project.AppliedPolicyHolders@75d4a5c2]" started-at="2026-02-17T17:36:38 IST" name="navigateToAppliedPolicyHolders" finished-at="2026-02-17T17:36:40 IST" duration-ms="1310" status="PASS">
          <reporter-output>
          </reporter-output>
        </test-method> <!-- navigateToAppliedPolicyHolders -->
        <test-method signature="Next_Button_Functionality_Validation()[pri:23, instance:com.wasim.major_project.AppliedPolicyHolders@75d4a5c2]" started-at="2026-02-17T17:36:40 IST" name="Next_Button_Functionality_Validation" finished-at="2026-02-17T17:36:40 IST" duration-ms="106" status="FAIL">
          <exception class="java.lang.AssertionError">
            <message>
              <![CDATA[The following asserts failed:
expected [NEXT] but found [...]]]>
            </message>
            <full-stacktrace>
              <![CDATA[java.lang.AssertionError: The following asserts failed:
expected [NEXT] but found [...]
at org.testng.asserts.SoftAssert.assertAll(SoftAssert.java:46)
at org.testng.asserts.SoftAssert.assertAll(SoftAssert.java:30)
at com.wasim.major_project.AppliedPolicyHolders.Next_Button_Functionality_Validation(AppliedPolicyHolders.java:610)
at java.base/jdk.internal.reflect.DirectMethodHandleAccessor.invoke(DirectMethodHandleAccessor.java:104)
at java.base/java.lang.reflect.Method.invoke(Method.java:565)
at org.testng.internal.invokers.MethodInvocationHelper.invokeMethod(MethodInvocationHelper.java:141)
at org.testng.internal.invokers.TestInvoker.invokeMethod(TestInvoker.java:697)
at org.testng.internal.invokers.TestInvoker.invokeTestMethod(TestInvoker.java:230)
at org.testng.internal.invokers.MethodRunner.runInSequence(MethodRunner.java:63)
at org.testng.internal.invokers.TestInvoker$MethodInvocationAgent.invoke(TestInvoker.java:1005)
at org.testng.internal.invokers.TestInvoker.invokeTestMethods(TestInvoker.java:203)
at org.testng.internal.invokers.TestMethodWorker.invokeTestMethods(TestMethodWorker.java:154)
at org.testng.internal.invokers.TestMethodWorker.run(TestMethodWorker.java:134)
at java.base/java.util.ArrayList.forEach(ArrayList.java:1604)
at org.testng.TestRunner.privateRun(TestRunner.java:744)
at org.testng.TestRunner.run(TestRunner.java:616)
at org.testng.SuiteRunner.runTest(SuiteRunner.java:421)
at org.testng.SuiteRunner$SuiteWorker.run(SuiteRunner.java:463)
at org.testng.internal.thread.ThreadUtil.lambda$execute$0(ThreadUtil.java:64)
at java.base/java.util.concurrent.FutureTask.run(FutureTask.java:328)
at java.base/java.util.concurrent.ThreadPoolExecutor.runWorker(ThreadPoolExecutor.java:1095)
at java.base/java.util.concurrent.ThreadPoolExecutor$Worker.run(ThreadPoolExecutor.java:619)
at java.base/java.lang.Thread.run(Thread.java:1447)
]]>
            </full-stacktrace>
          </exception> <!-- java.lang.AssertionError -->
          <reporter-output>
          </reporter-output>
        </test-method> <!-- Next_Button_Functionality_Validation -->
        <test-method is-config="true" signature="navigateToAppliedPolicyHolders()[pri:0, instance:com.wasim.major_project.AppliedPolicyHolders@75d4a5c2]" started-at="2026-02-17T17:36:41 IST" name="navigateToAppliedPolicyHolders" finished-at="2026-02-17T17:36:42 IST" duration-ms="1182" status="PASS">
          <reporter-output>
          </reporter-output>
        </test-method> <!-- navigateToAppliedPolicyHolders -->
        <test-method signature="ScrollUpbuttonFunctionalityValidation()[pri:24, instance:com.wasim.major_project.AppliedPolicyHolders@75d4a5c2]" started-at="2026-02-17T17:36:42 IST" name="ScrollUpbuttonFunctionalityValidation" finished-at="2026-02-17T17:36:44 IST" duration-ms="2028" status="PASS">
          <reporter-output>
          </reporter-output>
        </test-method> <!-- ScrollUpbuttonFunctionalityValidation -->
        <test-method is-config="true" signature="tearDown()[pri:0, instance:com.wasim.major_project.AppliedPolicyHolders@75d4a5c2]" started-at="2026-02-17T17:36:47 IST" name="tearDown" finished-at="2026-02-17T17:36:54 IST" duration-ms="6624" status="PASS">
          <reporter-output>
          </reporter-output>
        </test-method> <!-- tearDown -->
      </class> <!-- com.wasim.major_project.AppliedPolicyHolders -->
    </test> <!-- edgeTest -->
  </suite> <!-- Suite -->
</testng-results>
