<?xml version="1.0" encoding="UTF-8"?>
<!-- Generated by org.testng.reporters.JUnitXMLReporter -->
<testsuite ignored="0" hostname="LTIN674921" failures="10" tests="46" name="Surefire test" time="110.721" errors="0" timestamp="2026-02-25T12:10:19 IST">
  <testcase classname="project.AppliedPolicyHolders" name="Search_Button_Functionality_Validation" time="0.93"/>
  <testcase classname="project.AppliedPolicyHolders" name="reset_button_functionality" time="3.938"/>
  <testcase classname="project.AppliedPolicyHolders" name="validatePageHeaderUi" time="0.058"/>
  <testcase classname="project.AppliedPolicyHolders" name="validateBreadcrumbUI" time="0.223">
    <failure type="java.lang.AssertionError" message="The following asserts failed:
	Breadcrumb root mismatch expected [Dashboard] but found [Policy Holders],
	Breadcrumb leaf mismatch expected [Applied Policy Holders] but found [View]">
      <![CDATA[java.lang.AssertionError: The following asserts failed:
Breadcrumb root mismatch expected [Dashboard] but found [Policy Holders],
Breadcrumb leaf mismatch expected [Applied Policy Holders] but found [View]
at project.AppliedPolicyHolders.validateBreadcrumbUI(AppliedPolicyHolders.java:45)
at java.base/java.util.ArrayList.forEach(ArrayList.java:1604)
... Removed 32 stack frames]]>
    </failure>
  </testcase> <!-- validateBreadcrumbUI -->
  <testcase classname="project.AppliedPolicyHolders" name="validateCustomerNameDropdownUI" time="0.504"/>
  <testcase classname="project.AppliedPolicyHolders" name="Policy_Status_Filter_UI_Validation" time="0.892"/>
  <testcase classname="project.AppliedPolicyHolders" name="searchButtonUi" time="0.117"/>
  <testcase classname="project.AppliedPolicyHolders" name="resetButtonUi" time="0.117"/>
  <testcase classname="project.AppliedPolicyHolders" name="validateTableHeadersUI" time="0.571"/>
  <testcase classname="project.AppliedPolicyHolders" name="trashIconAlertUI" time="0.224"/>
  <testcase classname="project.AppliedPolicyHolders" name="paginationNumberValidationUI" time="0.346"/>
  <testcase classname="project.AppliedPolicyHolders" name="Previous_Button_UI_Validation" time="0.034">
    <failure type="java.lang.AssertionError" message="Previous button is NOT present on the page. expected [true] but found [false]">
      <![CDATA[java.lang.AssertionError: Previous button is NOT present on the page. expected [true] but found [false]
at project.AppliedPolicyHolders.Previous_Button_UI_Validation(AppliedPolicyHolders.java:191)
at java.base/java.util.ArrayList.forEach(ArrayList.java:1604)
... Removed 33 stack frames]]>
    </failure>
  </testcase> <!-- Previous_Button_UI_Validation -->
  <testcase classname="project.AppliedPolicyHolders" name="Next_Button_UI_Validation" time="0.158">
    <failure type="java.lang.AssertionError" message="The following asserts failed:
	expected [NEXT] but found [...]">
      <![CDATA[java.lang.AssertionError: The following asserts failed:
expected [NEXT] but found [...]
at project.AppliedPolicyHolders.Next_Button_UI_Validation(AppliedPolicyHolders.java:222)
at java.base/java.util.ArrayList.forEach(ArrayList.java:1604)
... Removed 32 stack frames]]>
    </failure>
  </testcase> <!-- Next_Button_UI_Validation -->
  <testcase classname="project.AppliedPolicyHolders" name="scrollUpButtonUI" time="0.089"/>
  <testcase classname="project.AppliedPolicyHolders" name="validateHeaderandBreadcrumbFunctionality" time="0.757">
    <failure type="java.lang.AssertionError" message="The following asserts failed:
	Breadcrumb root mismatch expected [Dashboard] but found [Policy Holders],
	Dashboard page is not loaded succesfully expected [Dashboard] but found [Policy Holders]">
      <![CDATA[java.lang.AssertionError: The following asserts failed:
Breadcrumb root mismatch expected [Dashboard] but found [Policy Holders],
Dashboard page is not loaded succesfully expected [Dashboard] but found [Policy Holders]
at project.AppliedPolicyHolders.validateHeaderandBreadcrumbFunctionality(AppliedPolicyHolders.java:247)
at java.base/java.util.ArrayList.forEach(ArrayList.java:1604)
... Removed 32 stack frames]]>
    </failure>
  </testcase> <!-- validateHeaderandBreadcrumbFunctionality -->
  <testcase classname="project.AppliedPolicyHolders" name="validateCustomerNameDropdownFunctionality" time="0.492"/>
  <testcase classname="project.AppliedPolicyHolders" name="Policy_Status_Filter_Functionality_Validation" time="1.5"/>
  <testcase classname="project.AppliedPolicyHolders" name="trashIconAlertFunctionality" time="0.124"/>
  <testcase classname="project.AppliedPolicyHolders" name="ok_Alert_Of_DeleteButton_validation" time="4.418"/>
  <testcase classname="project.AppliedPolicyHolders" name="cancel_Alert_Of_DeleteButton_validation" time="5.034"/>
  <testcase classname="project.AppliedPolicyHolders" name="paginationNumberValidationFunctionality" time="0.337"/>
  <testcase classname="project.AppliedPolicyHolders" name="Previous_Button_Functionality_Validation" time="0.026">
    <failure type="java.lang.AssertionError" message="Previous button is NOT present on the page. expected [true] but found [false]">
      <![CDATA[java.lang.AssertionError: Previous button is NOT present on the page. expected [true] but found [false]
at project.AppliedPolicyHolders.Previous_Button_Functionality_Validation(AppliedPolicyHolders.java:493)
at java.base/java.util.ArrayList.forEach(ArrayList.java:1604)
... Removed 33 stack frames]]>
    </failure>
  </testcase> <!-- Previous_Button_Functionality_Validation -->
  <testcase classname="project.AppliedPolicyHolders" name="Next_Button_Functionality_Validation" time="0.107">
    <failure type="java.lang.AssertionError" message="The following asserts failed:
	expected [NEXT] but found [...]">
      <![CDATA[java.lang.AssertionError: The following asserts failed:
expected [NEXT] but found [...]
at project.AppliedPolicyHolders.Next_Button_Functionality_Validation(AppliedPolicyHolders.java:524)
at java.base/java.util.ArrayList.forEach(ArrayList.java:1604)
... Removed 32 stack frames]]>
    </failure>
  </testcase> <!-- Next_Button_Functionality_Validation -->
  <testcase classname="project.AppliedPolicyHolders" name="ScrollUpbuttonFunctionalityValidation" time="2.077"/>
  <testcase classname="project.ApprovedPolicyHolders" name="Previous_Button_Functionality_Validation" time="0.028">
    <failure type="java.lang.AssertionError" message="Previous button is NOT present on the page. expected [true] but found [false]">
      <![CDATA[java.lang.AssertionError: Previous button is NOT present on the page. expected [true] but found [false]
at project.ApprovedPolicyHolders.Previous_Button_Functionality_Validation(ApprovedPolicyHolders.java:496)
at java.base/java.util.ArrayList.forEach(ArrayList.java:1604)
... Removed 33 stack frames]]>
    </failure>
  </testcase> <!-- Previous_Button_Functionality_Validation -->
  <testcase classname="project.ApprovedPolicyHolders" name="ScrollUpbuttonFunctionalityValidation" time="2.114"/>
  <testcase classname="project.ApprovedPolicyHolders" name="validatePageHeaderUi" time="0.058"/>
  <testcase classname="project.ApprovedPolicyHolders" name="validateBreadcrumbUI" time="0.219"/>
  <testcase classname="project.ApprovedPolicyHolders" name="validateCustomerNameDropdownUI" time="0.334"/>
  <testcase classname="project.ApprovedPolicyHolders" name="Policy_Status_Filter_UI_Validation" time="1.023"/>
  <testcase classname="project.ApprovedPolicyHolders" name="validateSubCategoryDropdownUI" time="0.425"/>
  <testcase classname="project.ApprovedPolicyHolders" name="searchButtonUi" time="0.121"/>
  <testcase classname="project.ApprovedPolicyHolders" name="resetButtonUi" time="0.098"/>
  <testcase classname="project.ApprovedPolicyHolders" name="paginationNumberValidationUI" time="0.494"/>
  <testcase classname="project.ApprovedPolicyHolders" name="validateTableHeadersUI" time="0.473"/>
  <testcase classname="project.ApprovedPolicyHolders" name="Previous_Button_UI_Validation" time="0.025">
    <failure type="java.lang.AssertionError" message="Previous button is NOT present on the page. expected [true] but found [false]">
      <![CDATA[java.lang.AssertionError: Previous button is NOT present on the page. expected [true] but found [false]
at project.ApprovedPolicyHolders.Previous_Button_UI_Validation(ApprovedPolicyHolders.java:232)
at java.base/java.util.ArrayList.forEach(ArrayList.java:1604)
... Removed 33 stack frames]]>
    </failure>
  </testcase> <!-- Previous_Button_UI_Validation -->
  <testcase classname="project.ApprovedPolicyHolders" name="Next_Button_UI_Validation" time="0.033">
    <failure type="java.lang.AssertionError" message="Next button is NOT present on the page. expected [true] but found [false]">
      <![CDATA[java.lang.AssertionError: Next button is NOT present on the page. expected [true] but found [false]
at project.ApprovedPolicyHolders.Next_Button_UI_Validation(ApprovedPolicyHolders.java:248)
at java.base/java.util.ArrayList.forEach(ArrayList.java:1604)
... Removed 33 stack frames]]>
    </failure>
  </testcase> <!-- Next_Button_UI_Validation -->
  <testcase classname="project.ApprovedPolicyHolders" name="scrollUpButtonUI" time="0.07"/>
  <testcase classname="project.ApprovedPolicyHolders" name="validateHeaderandBreadcrumbFunctionality" time="0.692"/>
  <testcase classname="project.ApprovedPolicyHolders" name="validateCustomerNameDropdownFunctionality" time="0.575"/>
  <testcase classname="project.ApprovedPolicyHolders" name="validatePolicyNameDropdownFunctionality" time="0.947"/>
  <testcase classname="project.ApprovedPolicyHolders" name="vaidateSubCategoryDropdownFunctionality" time="0.992"/>
  <testcase classname="project.ApprovedPolicyHolders" name="Search_Button_Functionality_Validation" time="0.924"/>
  <testcase classname="project.ApprovedPolicyHolders" name="resetbutton" time="3.527"/>
  <testcase classname="project.ApprovedPolicyHolders" name="Next_Button_Functionality_Validation" time="0.025">
    <failure type="java.lang.AssertionError" message="Previous button is NOT present on the page. expected [true] but found [false]">
      <![CDATA[java.lang.AssertionError: Previous button is NOT present on the page. expected [true] but found [false]
at project.ApprovedPolicyHolders.Next_Button_Functionality_Validation(ApprovedPolicyHolders.java:512)
at java.base/java.util.ArrayList.forEach(ArrayList.java:1604)
... Removed 33 stack frames]]>
    </failure>
  </testcase> <!-- Next_Button_Functionality_Validation -->
  <testcase classname="project.ApprovedPolicyHolders" name="paginationNumberValidationFunctionality" time="0.46"/>
</testsuite> <!-- Surefire test -->
